[{
    "formations": [{
        "loc": [230, 450],
        "texture": "1f5ff",
        "size": [51, 51]
    }, {
        "loc": [400, 300],
        "texture": "1f5ff",
        "size": [51, 51]
    }],
    "money": 670,
    "status": "ongoing",
    "num_allowed_remaining": 1
}, {
    "formations": [{
        "loc": [230, 450],
        "texture": "1f5ff",
        "size": [51, 51]
    }, {
        "loc": [400, 300],
        "texture": "1f5ff",
        "size": [51, 51]
    }, {
        "loc": [0, 240],
        "texture": "1f418",
        "size": [31, 31]
    }],
    "money": 670,
    "status": "ongoing",
    "num_allowed_remaining": 1
}, {
    "formations": [{
        "loc": [230, 450],
        "texture": "1f5ff",
        "size": [51, 51]
    }, {
        "loc": [400, 300],
        "texture": "1f5ff",
        "size": [51, 51]
    }, {
        "loc": [33, 240],
        "texture": "1f418",
        "size": [31, 31]
    }, {
        "loc": [30, 100],
        "texture": "1f46e",
        "size": [31, 31]
    }],
    "money": 570,
    "status": "ongoing",
    "num_allowed_remaining": 1
}, {
    "formations": [{
        "loc": [230, 450],
        "texture": "1f5ff",
        "size": [51, 51]
    }, {
        "loc": [400, 300],
        "texture": "1f5ff",
        "size": [51, 51]
    }, {
        "loc": [66, 240],
        "texture": "1f418",
        "size": [31, 31]
    }, {
        "loc": [30, 100],
        "texture": "1f46e",
        "size": [31, 31]
    }],
    "money": 570,
    "status": "ongoing",
    "num_allowed_remaining": 1
}, {
    "formations": [{
        "loc": [230, 450],
        "texture": "1f5ff",
        "size": [51, 51]
    }, {
        "loc": [400, 300],
        "texture": "1f5ff",
        "size": [51, 51]
    }, {
        "loc": [99, 240],
        "texture": "1f418",
        "size": [31, 31]
    }, {
        "loc": [30, 100],
        "texture": "1f46e",
        "size": [31, 31]
    }, {
        "loc": [100, 100],
        "texture": "1f472",
        "size": [31, 31]
    }],
    "money": 320,
    "status": "ongoing",
    "num_allowed_remaining": 1
}, {
    "formations": [{
        "loc": [230, 450],
        "texture": "1f5ff",
        "size": [51, 51]
    }, {
        "loc": [400, 300],
        "texture": "1f5ff",
        "size": [51, 51]
    }, {
        "loc": [132, 240],
        "texture": "1f418",
        "size": [31, 31]
    }, {
        "loc": [30, 100],
        "texture": "1f46e",
        "size": [31, 31]
    }, {
        "loc": [100, 100],
        "texture": "1f472",
        "size": [31, 31]
    }],
    "money": 320,
    "status": "ongoing",
    "num_allowed_remaining": 1
}, {
    "formations": [{
        "loc": [230, 450],
        "texture": "1f5ff",
        "size": [51, 51]
    }, {
        "loc": [400, 300],
        "texture": "1f5ff",
        "size": [51, 51]
    }, {
        "loc": [165, 240],
        "texture": "1f418",
        "size": [31, 31]
    }, {
        "loc": [30, 100],
        "texture": "1f46e",
        "size": [31, 31]
    }, {
        "loc": [100, 100],
        "texture": "1f472",
        "size": [31, 31]
    }, {
        "loc": [300, 100],
        "texture": "1f477",
        "size": [31, 31]
    }],
    "money": 170,
    "status": "ongoing",
    "num_allowed_remaining": 1
}, {
    "formations": [{
        "loc": [230, 450],
        "texture": "1f5ff",
        "size": [51, 51]
    }, {
        "loc": [400, 300],
        "texture": "1f5ff",
        "size": [51, 51]
    }, {
        "loc": [198, 240],
        "texture": "1f418",
        "size": [31, 31]
    }, {
        "loc": [30, 100],
        "texture": "1f46e",
        "size": [31, 31]
    }, {
        "loc": [100, 100],
        "texture": "1f472",
        "size": [31, 31]
    }, {
        "loc": [300, 100],
        "texture": "1f477",
        "size": [31, 31]
    }],
    "money": 170,
    "status": "ongoing",
    "num_allowed_remaining": 1
}, {
    "formations": [{
        "loc": [230, 450],
        "texture": "1f5ff",
        "size": [51, 51]
    }, {
        "loc": [400, 300],
        "texture": "1f5ff",
        "size": [51, 51]
    }, {
        "loc": [231, 240],
        "texture": "1f418",
        "size": [31, 31]
    }, {
        "loc": [30, 100],
        "texture": "1f46e",
        "size": [31, 31]
    }, {
        "loc": [100, 100],
        "texture": "1f472",
        "size": [31, 31]
    }, {
        "loc": [300, 100],
        "texture": "1f477",
        "size": [31, 31]
    }, {
        "loc": [400, 100],
        "texture": "1f46e",
        "size": [31, 31]
    }],
    "money": 70,
    "status": "ongoing",
    "num_allowed_remaining": 1
}]