[{
    "formations": [{
        "loc": [230, 450],
        "texture": "1f5ff",
        "size": [51, 51]
    }, {
        "loc": [400, 300],
        "texture": "1f5ff",
        "size": [51, 51]
    }],
    "money": 9000,
    "status": "ongoing",
    "num_allowed_remaining": 1
}, {
    "formations": [{
        "loc": [230, 450],
        "texture": "1f5ff",
        "size": [51, 51]
    }, {
        "loc": [400, 300],
        "texture": "1f5ff",
        "size": [51, 51]
    }, {
        "loc": [0, 240],
        "texture": "1f418",
        "size": [31, 31]
    }],
    "money": 9000,
    "status": "ongoing",
    "num_allowed_remaining": 1
}, {
    "formations": [{
        "loc": [230, 450],
        "texture": "1f5ff",
        "size": [51, 51]
    }, {
        "loc": [400, 300],
        "texture": "1f5ff",
        "size": [51, 51]
    }, {
        "loc": [33, 240],
        "texture": "1f418",
        "size": [31, 31]
    }],
    "money": 9000,
    "status": "ongoing",
    "num_allowed_remaining": 1
}, {
    "formations": [{
        "loc": [230, 450],
        "texture": "1f5ff",
        "size": [51, 51]
    }, {
        "loc": [400, 300],
        "texture": "1f5ff",
        "size": [51, 51]
    }, {
        "loc": [66, 240],
        "texture": "1f418",
        "size": [31, 31]
    }, {
        "loc": [30, 100],
        "texture": "1f46e",
        "size": [31, 31]
    }],
    "money": 8900,
    "status": "ongoing",
    "num_allowed_remaining": 1
}, {
    "formations": [{
        "loc": [230, 450],
        "texture": "1f5ff",
        "size": [51, 51]
    }, {
        "loc": [400, 300],
        "texture": "1f5ff",
        "size": [51, 51]
    }, {
        "loc": [99, 240],
        "texture": "1f418",
        "size": [31, 31]
    }, {
        "loc": [30, 100],
        "texture": "1f46e",
        "size": [31, 31]
    }],
    "money": 8900,
    "status": "ongoing",
    "num_allowed_remaining": 1
}, {
    "formations": [{
        "loc": [230, 450],
        "texture": "1f5ff",
        "size": [51, 51]
    }, {
        "loc": [400, 300],
        "texture": "1f5ff",
        "size": [51, 51]
    }, {
        "loc": [132, 240],
        "texture": "1f418",
        "size": [31, 31]
    }, {
        "loc": [30, 100],
        "texture": "1f46e",
        "size": [31, 31]
    }, {
        "loc": [100, 100],
        "texture": "1f472",
        "size": [31, 31]
    }],
    "money": 8650,
    "status": "ongoing",
    "num_allowed_remaining": 1
}, {
    "formations": [{
        "loc": [230, 450],
        "texture": "1f5ff",
        "size": [51, 51]
    }, {
        "loc": [400, 300],
        "texture": "1f5ff",
        "size": [51, 51]
    }, {
        "loc": [165, 240],
        "texture": "1f418",
        "size": [31, 31]
    }, {
        "loc": [30, 100],
        "texture": "1f46e",
        "size": [31, 31]
    }, {
        "loc": [100, 100],
        "texture": "1f472",
        "size": [31, 31]
    }],
    "money": 8650,
    "status": "ongoing",
    "num_allowed_remaining": 1
}, {
    "formations": [{
        "loc": [230, 450],
        "texture": "1f5ff",
        "size": [51, 51]
    }, {
        "loc": [400, 300],
        "texture": "1f5ff",
        "size": [51, 51]
    }, {
        "loc": [198, 240],
        "texture": "1f418",
        "size": [31, 31]
    }, {
        "loc": [30, 100],
        "texture": "1f46e",
        "size": [31, 31]
    }, {
        "loc": [100, 100],
        "texture": "1f472",
        "size": [31, 31]
    }, {
        "loc": [300, 100],
        "texture": "1f477",
        "size": [31, 31]
    }],
    "money": 8500,
    "status": "ongoing",
    "num_allowed_remaining": 1
}, {
    "formations": [{
        "loc": [230, 450],
        "texture": "1f5ff",
        "size": [51, 51]
    }, {
        "loc": [400, 300],
        "texture": "1f5ff",
        "size": [51, 51]
    }, {
        "loc": [231, 240],
        "texture": "1f418",
        "size": [31, 31]
    }, {
        "loc": [30, 100],
        "texture": "1f46e",
        "size": [31, 31]
    }, {
        "loc": [100, 100],
        "texture": "1f472",
        "size": [31, 31]
    }, {
        "loc": [300, 100],
        "texture": "1f477",
        "size": [31, 31]
    }],
    "money": 8500,
    "status": "ongoing",
    "num_allowed_remaining": 1
}, {
    "formations": [{
        "loc": [230, 450],
        "texture": "1f5ff",
        "size": [51, 51]
    }, {
        "loc": [400, 300],
        "texture": "1f5ff",
        "size": [51, 51]
    }, {
        "loc": [264, 240],
        "texture": "1f418",
        "size": [31, 31]
    }, {
        "loc": [30, 100],
        "texture": "1f46e",
        "size": [31, 31]
    }, {
        "loc": [100, 100],
        "texture": "1f472",
        "size": [31, 31]
    }, {
        "loc": [300, 100],
        "texture": "1f477",
        "size": [31, 31]
    }, {
        "loc": [300, 100],
        "texture": "1f34e",
        "size": [11, 11]
    }],
    "money": 8500,
    "status": "ongoing",
    "num_allowed_remaining": 1
}, {
    "formations": [{
        "loc": [230, 450],
        "texture": "1f5ff",
        "size": [51, 51]
    }, {
        "loc": [400, 300],
        "texture": "1f5ff",
        "size": [51, 51]
    }, {
        "loc": [297, 240],
        "texture": "1f418",
        "size": [31, 31]
    }, {
        "loc": [30, 100],
        "texture": "1f46e",
        "size": [31, 31]
    }, {
        "loc": [100, 100],
        "texture": "1f472",
        "size": [31, 31]
    }, {
        "loc": [300, 100],
        "texture": "1f477",
        "size": [31, 31]
    }, {
        "loc": [300.7417022646512, 104.94468176434148],
        "texture": "1f34e",
        "size": [11, 11]
    }, {
        "loc": [300, 100],
        "texture": "1f34e",
        "size": [11, 11]
    }],
    "money": 8500,
    "status": "ongoing",
    "num_allowed_remaining": 1
}, {
    "formations": [{
        "loc": [230, 450],
        "texture": "1f5ff",
        "size": [51, 51]
    }, {
        "loc": [400, 300],
        "texture": "1f5ff",
        "size": [51, 51]
    }, {
        "loc": [330, 240],
        "texture": "1f418",
        "size": [31, 31]
    }, {
        "loc": [30, 100],
        "texture": "1f46e",
        "size": [31, 31]
    }, {
        "loc": [100, 100],
        "texture": "1f472",
        "size": [31, 31]
    }, {
        "loc": [300, 100],
        "texture": "1f477",
        "size": [31, 31]
    }, {
        "loc": [301.48340452930245, 109.88936352868296],
        "texture": "1f34e",
        "size": [11, 11]
    }, {
        "loc": [300.7417022646512, 104.94468176434148],
        "texture": "1f34e",
        "size": [11, 11]
    }, {
        "loc": [300, 100],
        "texture": "1f34e",
        "size": [11, 11]
    }],
    "money": 8500,
    "status": "ongoing",
    "num_allowed_remaining": 1
}, {
    "formations": [{
        "loc": [230, 450],
        "texture": "1f5ff",
        "size": [51, 51]
    }, {
        "loc": [400, 300],
        "texture": "1f5ff",
        "size": [51, 51]
    }, {
        "loc": [363, 240],
        "texture": "1f418",
        "size": [31, 31]
    }, {
        "loc": [30, 100],
        "texture": "1f46e",
        "size": [31, 31]
    }, {
        "loc": [100, 100],
        "texture": "1f472",
        "size": [31, 31]
    }, {
        "loc": [300, 100],
        "texture": "1f477",
        "size": [31, 31]
    }, {
        "loc": [302.22510679395367, 114.83404529302445],
        "texture": "1f34e",
        "size": [11, 11]
    }, {
        "loc": [301.48340452930245, 109.88936352868296],
        "texture": "1f34e",
        "size": [11, 11]
    }, {
        "loc": [301.080959895647, 104.88175436743828],
        "texture": "1f34e",
        "size": [11, 11]
    }],
    "money": 8500,
    "status": "ongoing",
    "num_allowed_remaining": 1
}, {
    "formations": [{
        "loc": [230, 450],
        "texture": "1f5ff",
        "size": [51, 51]
    }, {
        "loc": [400, 300],
        "texture": "1f5ff",
        "size": [51, 51]
    }, {
        "loc": [396, 240],
        "texture": "1f418",
        "size": [31, 31]
    }, {
        "loc": [30, 100],
        "texture": "1f46e",
        "size": [31, 31]
    }, {
        "loc": [100, 100],
        "texture": "1f472",
        "size": [31, 31]
    }, {
        "loc": [300, 100],
        "texture": "1f477",
        "size": [31, 31]
    }, {
        "loc": [302.9668090586049, 119.77872705736593],
        "texture": "1f34e",
        "size": [11, 11]
    }, {
        "loc": [302.22510679395367, 114.83404529302445],
        "texture": "1f34e",
        "size": [11, 11]
    }, {
        "loc": [302.16191979129405, 109.76350873487655],
        "texture": "1f34e",
        "size": [11, 11]
    }],
    "money": 8500,
    "status": "ongoing",
    "num_allowed_remaining": 1
}, {
    "formations": [{
        "loc": [230, 450],
        "texture": "1f5ff",
        "size": [51, 51]
    }, {
        "loc": [400, 300],
        "texture": "1f5ff",
        "size": [51, 51]
    }, {
        "loc": [429, 240],
        "texture": "1f418",
        "size": [31, 31]
    }, {
        "loc": [30, 100],
        "texture": "1f46e",
        "size": [31, 31]
    }, {
        "loc": [100, 100],
        "texture": "1f472",
        "size": [31, 31]
    }, {
        "loc": [300, 100],
        "texture": "1f477",
        "size": [31, 31]
    }, {
        "loc": [303.7085113232561, 124.72340882170741],
        "texture": "1f34e",
        "size": [11, 11]
    }, {
        "loc": [302.9668090586049, 119.77872705736593],
        "texture": "1f34e",
        "size": [11, 11]
    }, {
        "loc": [303.2428796869411, 114.64526310231483],
        "texture": "1f34e",
        "size": [11, 11]
    }, {
        "loc": [400, 100],
        "texture": "1f46e",
        "size": [31, 31]
    }],
    "money": 8400,
    "status": "ongoing",
    "num_allowed_remaining": 1
}]