[{
    "formations": [{
        "loc": [120, 33],
        "texture": "1f5ff",
        "size": [51, 51]
    }, {
        "loc": [88, 342],
        "texture": "1f5ff",
        "size": [51, 51]
    }, {
        "loc": [99, 457],
        "texture": "1f5ff",
        "size": [51, 51]
    }, {
        "loc": [0, 10],
        "texture": "1f5ff",
        "size": [51, 51]
    }],
    "money": 200,
    "status": "ongoing",
    "num_allowed_remaining": 1
}, {
    "formations": [{
        "loc": [120, 33],
        "texture": "1f5ff",
        "size": [51, 51]
    }, {
        "loc": [88, 342],
        "texture": "1f5ff",
        "size": [51, 51]
    }, {
        "loc": [99, 457],
        "texture": "1f5ff",
        "size": [51, 51]
    }, {
        "loc": [0, 10],
        "texture": "1f5ff",
        "size": [51, 51]
    }, {
        "loc": [63, 0],
        "texture": "1f418",
        "size": [31, 31]
    }],
    "money": 200,
    "status": "ongoing",
    "num_allowed_remaining": 1
}, {
    "formations": [{
        "loc": [120, 33],
        "texture": "1f5ff",
        "size": [51, 51]
    }, {
        "loc": [88, 342],
        "texture": "1f5ff",
        "size": [51, 51]
    }, {
        "loc": [99, 457],
        "texture": "1f5ff",
        "size": [51, 51]
    }, {
        "loc": [0, 10],
        "texture": "1f5ff",
        "size": [51, 51]
    }, {
        "loc": [63, 25],
        "texture": "1f418",
        "size": [31, 31]
    }, {
        "loc": [117, 192],
        "texture": "1f479",
        "size": [51, 51]
    }],
    "money": 100,
    "status": "ongoing",
    "num_allowed_remaining": 1
}, {
    "formations": [{
        "loc": [120, 33],
        "texture": "1f5ff",
        "size": [51, 51]
    }, {
        "loc": [88, 342],
        "texture": "1f5ff",
        "size": [51, 51]
    }, {
        "loc": [99, 457],
        "texture": "1f5ff",
        "size": [51, 51]
    }, {
        "loc": [0, 10],
        "texture": "1f5ff",
        "size": [51, 51]
    }, {
        "loc": [63, 50],
        "texture": "1f418",
        "size": [31, 31]
    }, {
        "loc": [117, 192],
        "texture": "1f479",
        "size": [51, 51]
    }],
    "money": 100,
    "status": "ongoing",
    "num_allowed_remaining": 1
}, {
    "formations": [{
        "loc": [120, 33],
        "texture": "1f5ff",
        "size": [51, 51]
    }, {
        "loc": [88, 342],
        "texture": "1f5ff",
        "size": [51, 51]
    }, {
        "loc": [99, 457],
        "texture": "1f5ff",
        "size": [51, 51]
    }, {
        "loc": [0, 10],
        "texture": "1f5ff",
        "size": [51, 51]
    }, {
        "loc": [63, 75],
        "texture": "1f418",
        "size": [31, 31]
    }, {
        "loc": [117, 192],
        "texture": "1f479",
        "size": [51, 51]
    }],
    "money": 100,
    "status": "ongoing",
    "num_allowed_remaining": 1
}, {
    "formations": [{
        "loc": [120, 33],
        "texture": "1f5ff",
        "size": [51, 51]
    }, {
        "loc": [88, 342],
        "texture": "1f5ff",
        "size": [51, 51]
    }, {
        "loc": [99, 457],
        "texture": "1f5ff",
        "size": [51, 51]
    }, {
        "loc": [0, 10],
        "texture": "1f5ff",
        "size": [51, 51]
    }, {
        "loc": [63, 100],
        "texture": "1f418",
        "size": [31, 31]
    }, {
        "loc": [117, 192],
        "texture": "1f479",
        "size": [51, 51]
    }],
    "money": 100,
    "status": "ongoing",
    "num_allowed_remaining": 1
}, {
    "formations": [{
        "loc": [120, 33],
        "texture": "1f5ff",
        "size": [51, 51]
    }, {
        "loc": [88, 342],
        "texture": "1f5ff",
        "size": [51, 51]
    }, {
        "loc": [99, 457],
        "texture": "1f5ff",
        "size": [51, 51]
    }, {
        "loc": [0, 10],
        "texture": "1f5ff",
        "size": [51, 51]
    }, {
        "loc": [63, 125],
        "texture": "1f418",
        "size": [31, 31]
    }, {
        "loc": [117, 192],
        "texture": "1f479",
        "size": [51, 51]
    }],
    "money": 100,
    "status": "ongoing",
    "num_allowed_remaining": 1
}, {
    "formations": [{
        "loc": [120, 33],
        "texture": "1f5ff",
        "size": [51, 51]
    }, {
        "loc": [88, 342],
        "texture": "1f5ff",
        "size": [51, 51]
    }, {
        "loc": [99, 457],
        "texture": "1f5ff",
        "size": [51, 51]
    }, {
        "loc": [0, 10],
        "texture": "1f5ff",
        "size": [51, 51]
    }, {
        "loc": [63, 150],
        "texture": "1f418",
        "size": [31, 31]
    }, {
        "loc": [117, 192],
        "texture": "1f479",
        "size": [51, 51]
    }],
    "money": 100,
    "status": "ongoing",
    "num_allowed_remaining": 1
}, {
    "formations": [{
        "loc": [120, 33],
        "texture": "1f5ff",
        "size": [51, 51]
    }, {
        "loc": [88, 342],
        "texture": "1f5ff",
        "size": [51, 51]
    }, {
        "loc": [99, 457],
        "texture": "1f5ff",
        "size": [51, 51]
    }, {
        "loc": [0, 10],
        "texture": "1f5ff",
        "size": [51, 51]
    }, {
        "loc": [63, 200],
        "texture": "1f418",
        "size": [31, 31]
    }, {
        "loc": [117, 192],
        "texture": "1f479",
        "size": [51, 51]
    }],
    "money": 100,
    "status": "ongoing",
    "num_allowed_remaining": 1
}, {
    "formations": [{
        "loc": [120, 33],
        "texture": "1f5ff",
        "size": [51, 51]
    }, {
        "loc": [88, 342],
        "texture": "1f5ff",
        "size": [51, 51]
    }, {
        "loc": [99, 457],
        "texture": "1f5ff",
        "size": [51, 51]
    }, {
        "loc": [0, 10],
        "texture": "1f5ff",
        "size": [51, 51]
    }, {
        "loc": [63, 250],
        "texture": "1f418",
        "size": [31, 31]
    }, {
        "loc": [117, 192],
        "texture": "1f479",
        "size": [51, 51]
    }],
    "money": 100,
    "status": "ongoing",
    "num_allowed_remaining": 1
}, {
    "formations": [{
        "loc": [120, 33],
        "texture": "1f5ff",
        "size": [51, 51]
    }, {
        "loc": [88, 342],
        "texture": "1f5ff",
        "size": [51, 51]
    }, {
        "loc": [99, 457],
        "texture": "1f5ff",
        "size": [51, 51]
    }, {
        "loc": [0, 10],
        "texture": "1f5ff",
        "size": [51, 51]
    }, {
        "loc": [88, 250],
        "texture": "1f418",
        "size": [31, 31]
    }, {
        "loc": [117, 192],
        "texture": "1f479",
        "size": [51, 51]
    }, {
        "loc": [114, 130],
        "texture": "1f479",
        "size": [51, 51]
    }],
    "money": 0,
    "status": "ongoing",
    "num_allowed_remaining": 1
}, {
    "formations": [{
        "loc": [120, 33],
        "texture": "1f5ff",
        "size": [51, 51]
    }, {
        "loc": [88, 342],
        "texture": "1f5ff",
        "size": [51, 51]
    }, {
        "loc": [99, 457],
        "texture": "1f5ff",
        "size": [51, 51]
    }, {
        "loc": [0, 10],
        "texture": "1f5ff",
        "size": [51, 51]
    }, {
        "loc": [138, 250],
        "texture": "1f418",
        "size": [31, 31]
    }, {
        "loc": [117, 192],
        "texture": "1f479",
        "size": [51, 51]
    }, {
        "loc": [114, 130],
        "texture": "1f479",
        "size": [51, 51]
    }],
    "money": 0,
    "status": "ongoing",
    "num_allowed_remaining": 1
}, {
    "formations": [{
        "loc": [120, 33],
        "texture": "1f5ff",
        "size": [51, 51]
    }, {
        "loc": [88, 342],
        "texture": "1f5ff",
        "size": [51, 51]
    }, {
        "loc": [99, 457],
        "texture": "1f5ff",
        "size": [51, 51]
    }, {
        "loc": [0, 10],
        "texture": "1f5ff",
        "size": [51, 51]
    }, {
        "loc": [188, 250],
        "texture": "1f418",
        "size": [31, 31]
    }, {
        "loc": [117, 192],
        "texture": "1f479",
        "size": [51, 51]
    }, {
        "loc": [114, 130],
        "texture": "1f479",
        "size": [51, 51]
    }],
    "money": 0,
    "status": "ongoing",
    "num_allowed_remaining": 1
}, {
    "formations": [{
        "loc": [120, 33],
        "texture": "1f5ff",
        "size": [51, 51]
    }, {
        "loc": [88, 342],
        "texture": "1f5ff",
        "size": [51, 51]
    }, {
        "loc": [99, 457],
        "texture": "1f5ff",
        "size": [51, 51]
    }, {
        "loc": [0, 10],
        "texture": "1f5ff",
        "size": [51, 51]
    }, {
        "loc": [213, 250],
        "texture": "1f418",
        "size": [31, 31]
    }, {
        "loc": [117, 192],
        "texture": "1f479",
        "size": [51, 51]
    }, {
        "loc": [114, 130],
        "texture": "1f479",
        "size": [51, 51]
    }],
    "money": 0,
    "status": "ongoing",
    "num_allowed_remaining": 1
}, {
    "formations": [{
        "loc": [120, 33],
        "texture": "1f5ff",
        "size": [51, 51]
    }, {
        "loc": [88, 342],
        "texture": "1f5ff",
        "size": [51, 51]
    }, {
        "loc": [99, 457],
        "texture": "1f5ff",
        "size": [51, 51]
    }, {
        "loc": [0, 10],
        "texture": "1f5ff",
        "size": [51, 51]
    }, {
        "loc": [238, 250],
        "texture": "1f418",
        "size": [31, 31]
    }, {
        "loc": [117, 192],
        "texture": "1f479",
        "size": [51, 51]
    }, {
        "loc": [114, 130],
        "texture": "1f479",
        "size": [51, 51]
    }],
    "money": 0,
    "status": "ongoing",
    "num_allowed_remaining": 1
}, {
    "formations": [{
        "loc": [120, 33],
        "texture": "1f5ff",
        "size": [51, 51]
    }, {
        "loc": [88, 342],
        "texture": "1f5ff",
        "size": [51, 51]
    }, {
        "loc": [99, 457],
        "texture": "1f5ff",
        "size": [51, 51]
    }, {
        "loc": [0, 10],
        "texture": "1f5ff",
        "size": [51, 51]
    }, {
        "loc": [263, 250],
        "texture": "1f418",
        "size": [31, 31]
    }, {
        "loc": [117, 192],
        "texture": "1f479",
        "size": [51, 51]
    }, {
        "loc": [114, 130],
        "texture": "1f479",
        "size": [51, 51]
    }],
    "money": 0,
    "status": "ongoing",
    "num_allowed_remaining": 1
}, {
    "formations": [{
        "loc": [120, 33],
        "texture": "1f5ff",
        "size": [51, 51]
    }, {
        "loc": [88, 342],
        "texture": "1f5ff",
        "size": [51, 51]
    }, {
        "loc": [99, 457],
        "texture": "1f5ff",
        "size": [51, 51]
    }, {
        "loc": [0, 10],
        "texture": "1f5ff",
        "size": [51, 51]
    }, {
        "loc": [288, 250],
        "texture": "1f418",
        "size": [31, 31]
    }, {
        "loc": [117, 192],
        "texture": "1f479",
        "size": [51, 51]
    }, {
        "loc": [114, 130],
        "texture": "1f479",
        "size": [51, 51]
    }],
    "money": 0,
    "status": "ongoing",
    "num_allowed_remaining": 1
}, {
    "formations": [{
        "loc": [120, 33],
        "texture": "1f5ff",
        "size": [51, 51]
    }, {
        "loc": [88, 342],
        "texture": "1f5ff",
        "size": [51, 51]
    }, {
        "loc": [99, 457],
        "texture": "1f5ff",
        "size": [51, 51]
    }, {
        "loc": [0, 10],
        "texture": "1f5ff",
        "size": [51, 51]
    }, {
        "loc": [313, 250],
        "texture": "1f418",
        "size": [31, 31]
    }, {
        "loc": [117, 192],
        "texture": "1f479",
        "size": [51, 51]
    }, {
        "loc": [114, 130],
        "texture": "1f479",
        "size": [51, 51]
    }],
    "money": 0,
    "status": "ongoing",
    "num_allowed_remaining": 1
}, {
    "formations": [{
        "loc": [120, 33],
        "texture": "1f5ff",
        "size": [51, 51]
    }, {
        "loc": [88, 342],
        "texture": "1f5ff",
        "size": [51, 51]
    }, {
        "loc": [99, 457],
        "texture": "1f5ff",
        "size": [51, 51]
    }, {
        "loc": [0, 10],
        "texture": "1f5ff",
        "size": [51, 51]
    }, {
        "loc": [338, 250],
        "texture": "1f418",
        "size": [31, 31]
    }, {
        "loc": [117, 192],
        "texture": "1f479",
        "size": [51, 51]
    }, {
        "loc": [114, 130],
        "texture": "1f479",
        "size": [51, 51]
    }],
    "money": 0,
    "status": "ongoing",
    "num_allowed_remaining": 1
}]