[

{"formations": [    {"loc": [100, 100], "size": [51, 51], "texture": "1f5ff"}, 
					{"loc": [400, 400], "size": [51, 51], "texture": "1f5ff"}], 

					"money": 100, "status": "ongoing", "num_allowed_remaining": 1}, 

{"formations": [    {"loc": [100, 100], "size": [51, 51], "texture": "1f5ff"}, 
					{"loc": [400, 400], "size": [51, 51], "texture": "1f5ff"}, 
					{"loc": [0, 250], "size": [31, 31], "texture": "1f418"}], 

					"money": 100, "status": "ongoing", "num_allowed_remaining": 1}, 

{"formations": [    {"loc": [100, 100], "size": [51, 51], "texture": "1f5ff"}, 
					{"loc": [400, 400], "size": [51, 51], "texture": "1f5ff"}, 
					{"loc": [0, 250], "size": [31, 31], "texture": "1f418"}, 
					{"loc": [600, 200], "size": [31, 31], "texture": "1f46e"}], 

					"money": 0, "status": "ongoing", "num_allowed_remaining": 1}, 

{"formations": [    {"loc": [100, 100], "size": [51, 51], "texture": "1f5ff"}, 
					{"loc": [400, 400], "size": [51, 51], "texture": "1f5ff"}, 
					{"loc": [0, 250], "size": [31, 31], "texture": "1f418"}, 
					{"loc": [600, 200], "size": [31, 31], "texture": "1f46e"}], 

					"money": 0, "status": "ongoing", "num_allowed_remaining": 1}, 

{"formations": [    {"loc": [100, 100], "size": [51, 51], "texture": "1f5ff"}, 
					{"loc": [400, 400], "size": [51, 51], "texture": "1f5ff"}, 
					{"loc": [0, 250], "size": [31, 31], "texture": "1f418"}, 
					{"loc": [600, 200], "size": [31, 31], "texture": "1f46e"}], 

					"money": 0, "status": "ongoing", "num_allowed_remaining": 1}, 

{"formations": [    {"loc": [100, 100], "size": [51, 51], "texture": "1f5ff"}, 
					{"loc": [400, 400], "size": [51, 51], "texture": "1f5ff"}, 
					{"loc": [0, 250], "size": [31, 31], "texture": "1f418"}, 
					{"loc": [600, 200], "size": [31, 31], "texture": "1f46e"}], 

					"money": 0, "status": "ongoing", "num_allowed_remaining": 1}

]