[

{"formations": [	{"loc": [99, 457], "size": [51, 51], "texture": "1f5ff"}, 
					{"loc": [0, 10], "size": [51, 51], "texture": "1f5ff"}, 
					{"loc": [88, 342], "size": [51, 51], "texture": "1f5ff"}, 
					{"loc": [120, 33], "size": [51, 51], "texture": "1f5ff"}], 

					"money": 149, "status": "ongoing", "num_allowed_remaining": 1}, 

{"formations": [	{"loc": [99, 457], "size": [51, 51], "texture": "1f5ff"}, 
					{"loc": [120, 33], "size": [51, 51], "texture": "1f5ff"}, 
					{"loc": [0, 10], "size": [51, 51], "texture": "1f5ff"}, 
					{"loc": [63, 0], "size": [31, 31], "texture": "1f418"}, 
					{"loc": [88, 342], "size": [51, 51], "texture": "1f5ff"}], 

					"money": 149, "status": "ongoing", "num_allowed_remaining": 1}, 

{"formations": [	{"loc": [99, 457], "size": [51, 51], "texture": "1f5ff"}, 
					{"loc": [120, 33], "size": [51, 51], "texture": "1f5ff"}, 
					{"loc": [0, 10], "size": [51, 51], "texture": "1f5ff"}, 
					{"loc": [63, 0], "size": [31, 31], "texture": "1f418"}, 
					{"loc": [88, 342], "size": [51, 51], "texture": "1f5ff"}], 

					"money": 149, "status": "ongoing", "num_allowed_remaining": 1}, 

{"error": "NotEnoughMoneyError"}

]
