[

{"formations": [	{"loc": [230, 450], "size": [51, 51], "texture": "1f5ff"}, 
					{"loc": [400, 300], "size": [51, 51], "texture": "1f5ff"}], 

					"money": 670, "status": "ongoing", "num_allowed_remaining": 1}, 

{"formations": [	{"loc": [230, 450], "size": [51, 51], "texture": "1f5ff"}, 
					{"loc": [400, 300], "size": [51, 51], "texture": "1f5ff"}, 
					{"loc": [0, 240], "size": [31, 31], "texture": "1f418"}], 

					"money": 670, "status": "ongoing", "num_allowed_remaining": 1}, 

{"formations": [	{"loc": [230, 450], "size": [51, 51], "texture": "1f5ff"}, 
					{"loc": [400, 300], "size": [51, 51], "texture": "1f5ff"}, 
					{"loc": [33, 240], "size": [31, 31], "texture": "1f418"}, 
					{"loc": [30, 100], "size": [31, 31], "texture": "1f46e"}], 

					"money": 570, "status": "ongoing", "num_allowed_remaining": 1}, 

{"formations": [	{"loc": [230, 450], "size": [51, 51], "texture": "1f5ff"}, 
					{"loc": [400, 300], "size": [51, 51], "texture": "1f5ff"}, 
					{"loc": [66, 240], "size": [31, 31], "texture": "1f418"}, 
					{"loc": [30, 100], "size": [31, 31], "texture": "1f46e"}], 

					"money": 570, "status": "ongoing", "num_allowed_remaining": 1}, 

{"formations": [	{"loc": [230, 450], "size": [51, 51], "texture": "1f5ff"}, 
					{"loc": [400, 300], "size": [51, 51], "texture": "1f5ff"}, 
					{"loc": [99, 240], "size": [31, 31], "texture": "1f418"}, 
					{"loc": [30, 100], "size": [31, 31], "texture": "1f46e"}, 
					{"loc": [100, 100], "size": [31, 31], "texture": "1f472"}], 

					"money": 320, "status": "ongoing", "num_allowed_remaining": 1}, 

{"formations": [	{"loc": [230, 450], "size": [51, 51], "texture": "1f5ff"}, 
					{"loc": [400, 300], "size": [51, 51], "texture": "1f5ff"}, 
					{"loc": [132, 240], "size": [31, 31], "texture": "1f418"}, 
					{"loc": [30, 100], "size": [31, 31], "texture": "1f46e"}, 
					{"loc": [100, 100], "size": [31, 31], "texture": "1f472"}], 

					"money": 320, "status": "ongoing", "num_allowed_remaining": 1}, 

{"formations": [	{"loc": [230, 450], "size": [51, 51], "texture": "1f5ff"}, 
					{"loc": [400, 300], "size": [51, 51], "texture": "1f5ff"}, 
					{"loc": [165, 240], "size": [31, 31], "texture": "1f418"}, 
					{"loc": [30, 100], "size": [31, 31], "texture": "1f46e"}, 
					{"loc": [100, 100], "size": [31, 31], "texture": "1f472"}, 
					{"loc": [300, 100], "size": [31, 31], "texture": "1f477"}], 

					"money": 170, "status": "ongoing", "num_allowed_remaining": 1}, 

{"formations": [	{"loc": [230, 450], "size": [51, 51], "texture": "1f5ff"}, 
					{"loc": [400, 300], "size": [51, 51], "texture": "1f5ff"}, 
					{"loc": [198, 240], "size": [31, 31], "texture": "1f418"}, 
					{"loc": [30, 100], "size": [31, 31], "texture": "1f46e"}, 
					{"loc": [100, 100], "size": [31, 31], "texture": "1f472"}, 
					{"loc": [300, 100], "size": [31, 31], "texture": "1f477"}], 

					"money": 170, "status": "ongoing", "num_allowed_remaining": 1}, 

{"formations": [	{"loc": [230, 450], "size": [51, 51], "texture": "1f5ff"}, 
					{"loc": [400, 300], "size": [51, 51], "texture": "1f5ff"}, 
					{"loc": [231, 240], "size": [31, 31], "texture": "1f418"}, 
					{"loc": [30, 100], "size": [31, 31], "texture": "1f46e"}, 
					{"loc": [100, 100], "size": [31, 31], "texture": "1f472"}, 
					{"loc": [300, 100], "size": [31, 31], "texture": "1f477"}, 
					{"loc": [400, 100], "size": [31, 31], "texture": "1f46e"}], 

					"money": 70, "status": "ongoing", "num_allowed_remaining": 1}

]