[

{"formations": [	{"loc": [230, 450], "size": [51, 51], "texture": "1f5ff"}, 
					{"loc": [400, 300], "size": [51, 51], "texture": "1f5ff"}], 

					"money": 150, "status": "ongoing", "num_allowed_remaining": 1}, 

{"formations": [	{"loc": [230, 450], "size": [51, 51], "texture": "1f5ff"}, 
					{"loc": [400, 300], "size": [51, 51], "texture": "1f5ff"}, 
					{"loc": [0, 240], "size": [31, 31], "texture": "1f418"}], 

					"money": 150, "status": "ongoing", "num_allowed_remaining": 1}, 

{"formations": [	{"loc": [230, 450], "size": [51, 51], "texture": "1f5ff"}, 
					{"loc": [400, 300], "size": [51, 51], "texture": "1f5ff"}, 
					{"loc": [33, 240], "size": [31, 31], "texture": "1f418"}], 

					"money": 150, "status": "ongoing", "num_allowed_remaining": 1}, 

{"formations": [	{"loc": [230, 450], "size": [51, 51], "texture": "1f5ff"}, 
					{"loc": [400, 300], "size": [51, 51], "texture": "1f5ff"}, 
					{"loc": [66, 240], "size": [31, 31], "texture": "1f418"}, 
					{"loc": [30, 100], "size": [31, 31], "texture": "1f46e"}], 

					"money": 50, "status": "ongoing", "num_allowed_remaining": 1}, 

{"formations": [	{"loc": [230, 450], "size": [51, 51], "texture": "1f5ff"}, 
					{"loc": [400, 300], "size": [51, 51], "texture": "1f5ff"}, 
					{"loc": [99, 240], "size": [31, 31], "texture": "1f418"}, 
					{"loc": [30, 100], "size": [31, 31], "texture": "1f46e"}], 

					"money": 50, "status": "ongoing", "num_allowed_remaining": 1}, 

{"error": "NotEnoughMoneyError"}

]