[

{"formations": [	{"loc": [230, 450], "size": [51, 51], "texture": "1f5ff"}, 
					{"loc": [400, 300], "size": [51, 51], "texture": "1f5ff"}], 

					"money": 100, "status": "ongoing", "num_allowed_remaining": 1}, 

{"formations": [	{"loc": [230, 450], "size": [51, 51], "texture": "1f5ff"}, 
					{"loc": [400, 300], "size": [51, 51], "texture": "1f5ff"}, 
					{"loc": [0, 240], "size": [31, 31], "texture": "1f418"}], 

					"money": 100, "status": "ongoing", "num_allowed_remaining": 1}, 

{"formations": [	{"loc": [230, 450], "size": [51, 51], "texture": "1f5ff"}, 
					{"loc": [400, 300], "size": [51, 51], "texture": "1f5ff"}, 
					{"loc": [30, 240], "size": [31, 31], "texture": "1f418"}, 
					{"loc": [0, 240], "size": [31, 31], "texture": "1f418"}], 

					"money": 100, "status": "ongoing", "num_allowed_remaining": 1}, 

{"formations": [	{"loc": [230, 450], "size": [51, 51], "texture": "1f5ff"}, 
					{"loc": [400, 300], "size": [51, 51], "texture": "1f5ff"}, 
					{"loc": [60, 240], "size": [31, 31], "texture": "1f418"}, 
					{"loc": [30, 240], "size": [31, 31], "texture": "1f418"}, 
					{"loc": [0, 240], "size": [31, 31], "texture": "1f418"}], 

					"money": 100, "status": "ongoing", "num_allowed_remaining": 1}, 

{"formations": [	{"loc": [230, 450], "size": [51, 51], "texture": "1f5ff"}, 
					{"loc": [400, 300], "size": [51, 51], "texture": "1f5ff"}, 
					{"loc": [90, 240], "size": [31, 31], "texture": "1f418"}, 
					{"loc": [60, 240], "size": [31, 31], "texture": "1f418"}, 
					{"loc": [30, 240], "size": [31, 31], "texture": "1f418"}, 
					{"loc": [0, 240], "size": [31, 31], "texture": "1f418"}], 

					"money": 100, "status": "ongoing", "num_allowed_remaining": 1}, 

{"formations": [	{"loc": [230, 450], "size": [51, 51], "texture": "1f5ff"}, 
					{"loc": [400, 300], "size": [51, 51], "texture": "1f5ff"}, 
					{"loc": [120, 240], "size": [31, 31], "texture": "1f418"}, 
					{"loc": [90, 240], "size": [31, 31], "texture": "1f418"}, 
					{"loc": [60, 240], "size": [31, 31], "texture": "1f418"}, 
					{"loc": [30, 240], "size": [31, 31], "texture": "1f418"}, 
					{"loc": [0, 240], "size": [31, 31], "texture": "1f418"}], 

					"money": 100, "status": "ongoing", "num_allowed_remaining": 1}

]