[

{"formations": [	{"loc": [400, 300], "size": [51, 51], "texture": "1f5ff"}, 
					{"loc": [230, 450], "size": [51, 51], "texture": "1f5ff"}], 

					"money": 150, "status": "ongoing", "num_allowed_remaining": 1}, 

{"formations": [	{"loc": [400, 300], "size": [51, 51], "texture": "1f5ff"}, 
					{"loc": [230, 450], "size": [51, 51], "texture": "1f5ff"}, 
					{"loc": [25, 0], "size": [31, 31], "texture": "1f418"}], 

					"money": 150, "status": "ongoing", "num_allowed_remaining": 1}, 

{"formations": [	{"loc": [400, 300], "size": [51, 51], "texture": "1f5ff"}, 
					{"loc": [230, 450], "size": [51, 51], "texture": "1f5ff"}, 
					{"loc": [175, 12], "size": [31, 31], "texture": "1f477"}, 
					{"loc": [25, 4], "size": [31, 31], "texture": "1f418"}], 

					"money": 0, "status": "ongoing", "num_allowed_remaining": 1}, 

{"formations": [	{"loc": [400, 300], "size": [51, 51], "texture": "1f5ff"}, 
					{"loc": [230, 450], "size": [51, 51], "texture": "1f5ff"}, 
					{"loc": [175, 12], "size": [31, 31], "texture": "1f477"}, 
					{"loc": [25, 8], "size": [31, 31], "texture": "1f418"}], 

					"money": 0, "status": "ongoing", "num_allowed_remaining": 1}, 

{"formations": [	{"loc": [175, 12], "size": [11, 11], "texture": "1f34e"}, 
					{"loc": [230, 450], "size": [51, 51], "texture": "1f5ff"}, 
					{"loc": [400, 300], "size": [51, 51], "texture": "1f5ff"}, 
					{"loc": [175, 12], "size": [31, 31], "texture": "1f477"}, 
					{"loc": [25, 12], "size": [31, 31], "texture": "1f418"}], 

					"money": 0, "status": "ongoing", "num_allowed_remaining": 1}, 

{"formations": [	{"loc": [172.0, 16.0], "size": [11, 11], "texture": "1f34e"}, 
					{"loc": [230, 450], "size": [51, 51], "texture": "1f5ff"}, 
					{"loc": [400, 300], "size": [51, 51], "texture": "1f5ff"}, 
					{"loc": [175, 12], "size": [31, 31], "texture": "1f477"}, 
					{"loc": [25, 16], "size": [31, 31], "texture": "1f418"}], 

					"money": 0, "status": "ongoing", "num_allowed_remaining": 1}, 

{"formations": [	{"loc": [169.0, 20.0], "size": [11, 11], "texture": "1f34e"}, 
					{"loc": [230, 450], "size": [51, 51], "texture": "1f5ff"}, 
					{"loc": [400, 300], "size": [51, 51], "texture": "1f5ff"}, 
					{"loc": [175, 12], "size": [31, 31], "texture": "1f477"}, 
					{"loc": [25, 20], "size": [31, 31], "texture": "1f418"}], 

					"money": 0, "status": "ongoing", "num_allowed_remaining": 1}, 

{"formations": [	{"loc": [166.0, 24.0], "size": [11, 11], "texture": "1f34e"}, 
					{"loc": [230, 450], "size": [51, 51], "texture": "1f5ff"}, 
					{"loc": [400, 300], "size": [51, 51], "texture": "1f5ff"}, 
					{"loc": [175, 12], "size": [31, 31], "texture": "1f477"}, 
					{"loc": [25, 24], "size": [31, 31], "texture": "1f418"}], 

					"money": 0, "status": "ongoing", "num_allowed_remaining": 1}, 

{"formations": [	{"loc": [163.0, 28.0], "size": [11, 11], "texture": "1f34e"}, 
					{"loc": [230, 450], "size": [51, 51], "texture": "1f5ff"}, 
					{"loc": [400, 300], "size": [51, 51], "texture": "1f5ff"}, 
					{"loc": [175, 12], "size": [31, 31], "texture": "1f477"}, 
					{"loc": [25, 28], "size": [31, 31], "texture": "1f418"}], 

					"money": 0, "status": "ongoing", "num_allowed_remaining": 1}, 

{"formations": [	{"loc": [160.0, 32.0], "size": [11, 11], "texture": "1f34e"}, 
					{"loc": [230, 450], "size": [51, 51], "texture": "1f5ff"}, 
					{"loc": [400, 300], "size": [51, 51], "texture": "1f5ff"}, 
					{"loc": [175, 12], "size": [31, 31], "texture": "1f477"}, 
					{"loc": [25, 32], "size": [31, 31], "texture": "1f418"}], 

					"money": 0, "status": "ongoing", "num_allowed_remaining": 1}, 

{"formations": [	{"loc": [157.0, 36.0], "size": [11, 11], "texture": "1f34e"}, 
					{"loc": [230, 450], "size": [51, 51], "texture": "1f5ff"}, 
					{"loc": [400, 300], "size": [51, 51], "texture": "1f5ff"}, 
					{"loc": [175, 12], "size": [31, 31], "texture": "1f477"}, 
					{"loc": [25, 36], "size": [31, 31], "texture": "1f418"}], 

					"money": 0, "status": "ongoing", "num_allowed_remaining": 1}, 

{"formations": [	{"loc": [154.0, 40.0], "size": [11, 11], "texture": "1f34e"}, 
					{"loc": [230, 450], "size": [51, 51], "texture": "1f5ff"}, 
					{"loc": [400, 300], "size": [51, 51], "texture": "1f5ff"}, 
					{"loc": [175, 12], "size": [31, 31], "texture": "1f477"}, 
					{"loc": [25, 40], "size": [31, 31], "texture": "1f418"}], 

					"money": 0, "status": "ongoing", "num_allowed_remaining": 1}, 

{"formations": [	{"loc": [151.0, 44.0], "size": [11, 11], "texture": "1f34e"}, 
					{"loc": [230, 450], "size": [51, 51], "texture": "1f5ff"}, 
					{"loc": [400, 300], "size": [51, 51], "texture": "1f5ff"}, 
					{"loc": [175, 12], "size": [31, 31], "texture": "1f477"}, 
					{"loc": [25, 44], "size": [31, 31], "texture": "1f418"}], 

					"money": 0, "status": "ongoing", "num_allowed_remaining": 1}, 

{"formations": [	{"loc": [148.0, 48.0], "size": [11, 11], "texture": "1f34e"}, 
					{"loc": [230, 450], "size": [51, 51], "texture": "1f5ff"}, 
					{"loc": [400, 300], "size": [51, 51], "texture": "1f5ff"}, 
					{"loc": [175, 12], "size": [31, 31], "texture": "1f477"}, 
					{"loc": [25, 48], "size": [31, 31], "texture": "1f418"}], 

					"money": 0, "status": "ongoing", "num_allowed_remaining": 1}, 

{"formations": [	{"loc": [145.0, 52.0], "size": [11, 11], "texture": "1f34e"}, 
					{"loc": [230, 450], "size": [51, 51], "texture": "1f5ff"}, 
					{"loc": [400, 300], "size": [51, 51], "texture": "1f5ff"}, 
					{"loc": [175, 12], "size": [31, 31], "texture": "1f477"}, 
					{"loc": [25, 52], "size": [31, 31], "texture": "1f418"}], 

					"money": 0, "status": "ongoing", "num_allowed_remaining": 1}, 

{"formations": [	{"loc": [142.0, 56.0], "size": [11, 11], "texture": "1f34e"}, 
					{"loc": [230, 450], "size": [51, 51], "texture": "1f5ff"}, 
					{"loc": [400, 300], "size": [51, 51], "texture": "1f5ff"}, 
					{"loc": [175, 12], "size": [31, 31], "texture": "1f477"}, 
					{"loc": [25, 56], "size": [31, 31], "texture": "1f418"}], 

					"money": 0, "status": "ongoing", "num_allowed_remaining": 1}, 

{"formations": [	{"loc": [139.0, 60.0], "size": [11, 11], "texture": "1f34e"}, 
					{"loc": [230, 450], "size": [51, 51], "texture": "1f5ff"}, 
					{"loc": [400, 300], "size": [51, 51], "texture": "1f5ff"}, 
					{"loc": [175, 12], "size": [31, 31], "texture": "1f477"}, 
					{"loc": [25, 60], "size": [31, 31], "texture": "1f418"}], 

					"money": 0, "status": "ongoing", "num_allowed_remaining": 1}, 

{"formations": [	{"loc": [136.0, 64.0], "size": [11, 11], "texture": "1f34e"}, 
					{"loc": [230, 450], "size": [51, 51], "texture": "1f5ff"}, 
					{"loc": [400, 300], "size": [51, 51], "texture": "1f5ff"}, 
					{"loc": [175, 12], "size": [31, 31], "texture": "1f477"}, 
					{"loc": [25, 64], "size": [31, 31], "texture": "1f418"}], 

					"money": 0, "status": "ongoing", "num_allowed_remaining": 1}, 

{"formations": [	{"loc": [133.0, 68.0], "size": [11, 11], "texture": "1f34e"}, 
					{"loc": [230, 450], "size": [51, 51], "texture": "1f5ff"}, 
					{"loc": [400, 300], "size": [51, 51], "texture": "1f5ff"}, 
					{"loc": [175, 12], "size": [31, 31], "texture": "1f477"}, 
					{"loc": [25, 68], "size": [31, 31], "texture": "1f418"}], 

					"money": 0, "status": "ongoing", "num_allowed_remaining": 1}, 

{"formations": [	{"loc": [130.0, 72.0], "size": [11, 11], "texture": "1f34e"}, 
					{"loc": [230, 450], "size": [51, 51], "texture": "1f5ff"}, 
					{"loc": [400, 300], "size": [51, 51], "texture": "1f5ff"}, 
					{"loc": [175, 12], "size": [31, 31], "texture": "1f477"}, 
					{"loc": [25, 72], "size": [31, 31], "texture": "1f418"}], 

					"money": 0, "status": "ongoing", "num_allowed_remaining": 1}, 

{"formations": [	{"loc": [127.0, 76.0], "size": [11, 11], "texture": "1f34e"}, 
					{"loc": [230, 450], "size": [51, 51], "texture": "1f5ff"}, 
					{"loc": [400, 300], "size": [51, 51], "texture": "1f5ff"}, 
					{"loc": [175, 12], "size": [31, 31], "texture": "1f477"}, 
					{"loc": [25, 76], "size": [31, 31], "texture": "1f418"}], 

					"money": 0, "status": "ongoing", "num_allowed_remaining": 1}, 

{"formations": [	{"loc": [124.0, 80.0], "size": [11, 11], "texture": "1f34e"}, 
					{"loc": [230, 450], "size": [51, 51], "texture": "1f5ff"}, 
					{"loc": [400, 300], "size": [51, 51], "texture": "1f5ff"}, 
					{"loc": [175, 12], "size": [31, 31], "texture": "1f477"}, 
					{"loc": [25, 80], "size": [31, 31], "texture": "1f418"}], 

					"money": 0, "status": "ongoing", "num_allowed_remaining": 1}, 

{"formations": [	{"loc": [121.0, 84.0], "size": [11, 11], "texture": "1f34e"}, 
					{"loc": [230, 450], "size": [51, 51], "texture": "1f5ff"}, 
					{"loc": [400, 300], "size": [51, 51], "texture": "1f5ff"}, 
					{"loc": [175, 12], "size": [31, 31], "texture": "1f477"}, 
					{"loc": [25, 84], "size": [31, 31], "texture": "1f418"}], 

					"money": 0, "status": "ongoing", "num_allowed_remaining": 1}, 

{"formations": [	{"loc": [118.0, 88.0], "size": [11, 11], "texture": "1f34e"}, 
					{"loc": [230, 450], "size": [51, 51], "texture": "1f5ff"}, 
					{"loc": [400, 300], "size": [51, 51], "texture": "1f5ff"}, 
					{"loc": [175, 12], "size": [31, 31], "texture": "1f477"}, 
					{"loc": [25, 88], "size": [31, 31], "texture": "1f418"}], 

					"money": 0, "status": "ongoing", "num_allowed_remaining": 1}, 

{"formations": [	{"loc": [115.0, 92.0], "size": [11, 11], "texture": "1f34e"}, 
					{"loc": [230, 450], "size": [51, 51], "texture": "1f5ff"}, 
					{"loc": [400, 300], "size": [51, 51], "texture": "1f5ff"}, 
					{"loc": [175, 12], "size": [31, 31], "texture": "1f477"}, 
					{"loc": [25, 92], "size": [31, 31], "texture": "1f418"}], 

					"money": 0, "status": "ongoing", "num_allowed_remaining": 1}, 

{"formations": [	{"loc": [112.0, 96.0], "size": [11, 11], "texture": "1f34e"}, 
					{"loc": [230, 450], "size": [51, 51], "texture": "1f5ff"}, 
					{"loc": [400, 300], "size": [51, 51], "texture": "1f5ff"}, 
					{"loc": [175, 12], "size": [31, 31], "texture": "1f477"}, 
					{"loc": [25, 96], "size": [31, 31], "texture": "1f418"}], 

					"money": 0, "status": "ongoing", "num_allowed_remaining": 1}, 

{"formations": [	{"loc": [109.0, 100.0], "size": [11, 11], "texture": "1f34e"}, 
					{"loc": [230, 450], "size": [51, 51], "texture": "1f5ff"}, 
					{"loc": [400, 300], "size": [51, 51], "texture": "1f5ff"}, 
					{"loc": [175, 12], "size": [31, 31], "texture": "1f477"}, 
					{"loc": [25, 100], "size": [31, 31], "texture": "1f418"}], 

					"money": 0, "status": "ongoing", "num_allowed_remaining": 1}, 

{"formations": [	{"loc": [106.0, 104.0], "size": [11, 11], "texture": "1f34e"}, 
					{"loc": [230, 450], "size": [51, 51], "texture": "1f5ff"}, 
					{"loc": [400, 300], "size": [51, 51], "texture": "1f5ff"}, 
					{"loc": [175, 12], "size": [31, 31], "texture": "1f477"}, 
					{"loc": [25, 104], "size": [31, 31], "texture": "1f418"}], 

					"money": 0, "status": "ongoing", "num_allowed_remaining": 1}, 

{"formations": [	{"loc": [103.0, 108.0], "size": [11, 11], "texture": "1f34e"}, 
					{"loc": [230, 450], "size": [51, 51], "texture": "1f5ff"}, 
					{"loc": [400, 300], "size": [51, 51], "texture": "1f5ff"}, 
					{"loc": [175, 12], "size": [31, 31], "texture": "1f477"}, 
					{"loc": [25, 108], "size": [31, 31], "texture": "1f418"}], 

					"money": 0, "status": "ongoing", "num_allowed_remaining": 1}, 

{"formations": [	{"loc": [100.0, 112.0], "size": [11, 11], "texture": "1f34e"}, 
					{"loc": [230, 450], "size": [51, 51], "texture": "1f5ff"}, 
					{"loc": [400, 300], "size": [51, 51], "texture": "1f5ff"}, 
					{"loc": [175, 12], "size": [31, 31], "texture": "1f477"}, 
					{"loc": [25, 112], "size": [31, 31], "texture": "1f418"}], 

					"money": 0, "status": "ongoing", "num_allowed_remaining": 1}, 

{"formations": [	{"loc": [97.0, 116.0], "size": [11, 11], "texture": "1f34e"}, 
					{"loc": [230, 450], "size": [51, 51], "texture": "1f5ff"}, 
					{"loc": [400, 300], "size": [51, 51], "texture": "1f5ff"}, 
					{"loc": [175, 12], "size": [31, 31], "texture": "1f477"}, 
					{"loc": [25, 116], "size": [31, 31], "texture": "1f418"}], 

					"money": 0, "status": "ongoing", "num_allowed_remaining": 1}, 

{"formations": [	{"loc": [94.0, 120.0], "size": [11, 11], "texture": "1f34e"}, 
					{"loc": [230, 450], "size": [51, 51], "texture": "1f5ff"}, 
					{"loc": [400, 300], "size": [51, 51], "texture": "1f5ff"}, 
					{"loc": [175, 12], "size": [31, 31], "texture": "1f477"}, 
					{"loc": [25, 120], "size": [31, 31], "texture": "1f418"}], 

					"money": 0, "status": "ongoing", "num_allowed_remaining": 1}, 

{"formations": [	{"loc": [91.0, 124.0], "size": [11, 11], "texture": "1f34e"}, 
					{"loc": [230, 450], "size": [51, 51], "texture": "1f5ff"}, 
					{"loc": [400, 300], "size": [51, 51], "texture": "1f5ff"}, 
					{"loc": [175, 12], "size": [31, 31], "texture": "1f477"}, 
					{"loc": [25, 124], "size": [31, 31], "texture": "1f418"}], 

					"money": 0, "status": "ongoing", "num_allowed_remaining": 1}, 

{"formations": [	{"loc": [88.0, 128.0], "size": [11, 11], "texture": "1f34e"}, 
					{"loc": [230, 450], "size": [51, 51], "texture": "1f5ff"}, 
					{"loc": [400, 300], "size": [51, 51], "texture": "1f5ff"}, 
					{"loc": [175, 12], "size": [31, 31], "texture": "1f477"}, 
					{"loc": [25, 128], "size": [31, 31], "texture": "1f418"}], 

					"money": 0, "status": "ongoing", "num_allowed_remaining": 1}, 

{"formations": [	{"loc": [85.0, 132.0], "size": [11, 11], "texture": "1f34e"}, 
					{"loc": [230, 450], "size": [51, 51], "texture": "1f5ff"}, 
					{"loc": [400, 300], "size": [51, 51], "texture": "1f5ff"}, 
					{"loc": [175, 12], "size": [31, 31], "texture": "1f477"}, 
					{"loc": [25, 132], "size": [31, 31], "texture": "1f418"}], 

					"money": 0, "status": "ongoing", "num_allowed_remaining": 1}, 

{"formations": [	{"loc": [82.0, 136.0], "size": [11, 11], "texture": "1f34e"}, 
					{"loc": [230, 450], "size": [51, 51], "texture": "1f5ff"}, 
					{"loc": [400, 300], "size": [51, 51], "texture": "1f5ff"}, 
					{"loc": [175, 12], "size": [31, 31], "texture": "1f477"}, 
					{"loc": [25, 136], "size": [31, 31], "texture": "1f418"}], 

					"money": 0, "status": "ongoing", "num_allowed_remaining": 1}, 

{"formations": [	{"loc": [79.0, 140.0], "size": [11, 11], "texture": "1f34e"}, 
					{"loc": [230, 450], "size": [51, 51], "texture": "1f5ff"}, 
					{"loc": [400, 300], "size": [51, 51], "texture": "1f5ff"}, 
					{"loc": [175, 12], "size": [31, 31], "texture": "1f477"}, 
					{"loc": [25, 140], "size": [31, 31], "texture": "1f418"}], 

					"money": 0, "status": "ongoing", "num_allowed_remaining": 1}, 

{"formations": [	{"loc": [76.0, 144.0], "size": [11, 11], "texture": "1f34e"}, 
					{"loc": [230, 450], "size": [51, 51], "texture": "1f5ff"}, 
					{"loc": [400, 300], "size": [51, 51], "texture": "1f5ff"}, 
					{"loc": [175, 12], "size": [31, 31], "texture": "1f477"}, 
					{"loc": [25, 144], "size": [31, 31], "texture": "1f418"}], 

					"money": 0, "status": "ongoing", "num_allowed_remaining": 1}, 

{"formations": [	{"loc": [73.0, 148.0], "size": [11, 11], "texture": "1f34e"}, 
					{"loc": [230, 450], "size": [51, 51], "texture": "1f5ff"}, 
					{"loc": [400, 300], "size": [51, 51], "texture": "1f5ff"}, 
					{"loc": [175, 12], "size": [31, 31], "texture": "1f477"}, 
					{"loc": [25, 148], "size": [31, 31], "texture": "1f418"}], 

					"money": 0, "status": "ongoing", "num_allowed_remaining": 1}, 

{"formations": [	{"loc": [70.0, 152.0], "size": [11, 11], "texture": "1f34e"}, 
					{"loc": [230, 450], "size": [51, 51], "texture": "1f5ff"}, 
					{"loc": [400, 300], "size": [51, 51], "texture": "1f5ff"}, 
					{"loc": [175, 12], "size": [31, 31], "texture": "1f477"}, 
					{"loc": [25, 152], "size": [31, 31], "texture": "1f418"}], 

					"money": 0, "status": "ongoing", "num_allowed_remaining": 1}, 

{"formations": [	{"loc": [67.0, 156.0], "size": [11, 11], "texture": "1f34e"}, 
					{"loc": [230, 450], "size": [51, 51], "texture": "1f5ff"}, 
					{"loc": [400, 300], "size": [51, 51], "texture": "1f5ff"}, 
					{"loc": [175, 12], "size": [31, 31], "texture": "1f477"}, 
					{"loc": [25, 156], "size": [31, 31], "texture": "1f418"}], 

					"money": 0, "status": "ongoing", "num_allowed_remaining": 1}, 

{"formations": [	{"loc": [64.0, 160.0], "size": [11, 11], "texture": "1f34e"}, 
					{"loc": [230, 450], "size": [51, 51], "texture": "1f5ff"}, 
					{"loc": [400, 300], "size": [51, 51], "texture": "1f5ff"}, 
					{"loc": [175, 12], "size": [31, 31], "texture": "1f477"}, 
					{"loc": [25, 160], "size": [31, 31], "texture": "1f418"}], 

					"money": 0, "status": "ongoing", "num_allowed_remaining": 1}, 

{"formations": [	{"loc": [61.0, 164.0], "size": [11, 11], "texture": "1f34e"}, 
					{"loc": [230, 450], "size": [51, 51], "texture": "1f5ff"}, 
					{"loc": [400, 300], "size": [51, 51], "texture": "1f5ff"}, 
					{"loc": [175, 12], "size": [31, 31], "texture": "1f477"}, 
					{"loc": [25, 164], "size": [31, 31], "texture": "1f418"}], 

					"money": 0, "status": "ongoing", "num_allowed_remaining": 1}, 

{"formations": [	{"loc": [58.0, 168.0], "size": [11, 11], "texture": "1f34e"}, 
					{"loc": [230, 450], "size": [51, 51], "texture": "1f5ff"}, 
					{"loc": [400, 300], "size": [51, 51], "texture": "1f5ff"}, 
					{"loc": [175, 12], "size": [31, 31], "texture": "1f477"}, 
					{"loc": [25, 168], "size": [31, 31], "texture": "1f418"}], 

					"money": 0, "status": "ongoing", "num_allowed_remaining": 1}, 

{"formations": [	{"loc": [55.0, 172.0], "size": [11, 11], "texture": "1f34e"}, 
					{"loc": [230, 450], "size": [51, 51], "texture": "1f5ff"}, 
					{"loc": [400, 300], "size": [51, 51], "texture": "1f5ff"}, 
					{"loc": [175, 12], "size": [31, 31], "texture": "1f477"}, 
					{"loc": [25, 172], "size": [31, 31], "texture": "1f418"}], 

					"money": 0, "status": "ongoing", "num_allowed_remaining": 1}, 

{"formations": [	{"loc": [52.0, 176.0], "size": [11, 11], "texture": "1f34e"}, 
					{"loc": [230, 450], "size": [51, 51], "texture": "1f5ff"}, 
					{"loc": [400, 300], "size": [51, 51], "texture": "1f5ff"}, 
					{"loc": [175, 12], "size": [31, 31], "texture": "1f477"}, 
					{"loc": [25, 176], "size": [31, 31], "texture": "1f418"}], 

					"money": 0, "status": "ongoing", "num_allowed_remaining": 1}, 

{"formations": [	{"loc": [49.0, 180.0], "size": [11, 11], "texture": "1f34e"}, 
					{"loc": [230, 450], "size": [51, 51], "texture": "1f5ff"}, 
					{"loc": [400, 300], "size": [51, 51], "texture": "1f5ff"}, 
					{"loc": [175, 12], "size": [31, 31], "texture": "1f477"}, 
					{"loc": [25, 180], "size": [31, 31], "texture": "1f418"}], 

					"money": 0, "status": "ongoing", "num_allowed_remaining": 1}, 

{"formations": [	{"loc": [46.0, 184.0], "size": [11, 11], "texture": "1f34e"}, 
					{"loc": [230, 450], "size": [51, 51], "texture": "1f5ff"}, 
					{"loc": [400, 300], "size": [51, 51], "texture": "1f5ff"}, 
					{"loc": [175, 12], "size": [31, 31], "texture": "1f477"}, 
					{"loc": [25, 184], "size": [31, 31], "texture": "1f418"}], 

					"money": 0, "status": "ongoing", "num_allowed_remaining": 1}, 

{"formations": [	{"loc": [400, 300], "size": [51, 51], "texture": "1f5ff"}, 
					{"loc": [230, 450], "size": [51, 51], "texture": "1f5ff"}, 
					{"loc": [175, 12], "size": [31, 31], "texture": "1f477"}], 

					"money": 1, "status": "ongoing", "num_allowed_remaining": 1}, 

{"formations": [	{"loc": [400, 300], "size": [51, 51], "texture": "1f5ff"}, 
					{"loc": [230, 450], "size": [51, 51], "texture": "1f5ff"}, 
					{"loc": [175, 12], "size": [31, 31], "texture": "1f477"}], 

					"money": 1, "status": "ongoing", "num_allowed_remaining": 1}, 

{"formations": [	{"loc": [400, 300], "size": [51, 51], "texture": "1f5ff"}, 
					{"loc": [230, 450], "size": [51, 51], "texture": "1f5ff"}, 
					{"loc": [175, 12], "size": [31, 31], "texture": "1f477"}], 

					"money": 1, "status": "ongoing", "num_allowed_remaining": 1}, 

{"formations": [	{"loc": [400, 300], "size": [51, 51], "texture": "1f5ff"}, 
					{"loc": [230, 450], "size": [51, 51], "texture": "1f5ff"}, 
					{"loc": [175, 12], "size": [31, 31], "texture": "1f477"}], 

					"money": 1, "status": "ongoing", "num_allowed_remaining": 1}, 

{"formations": [	{"loc": [400, 300], "size": [51, 51], "texture": "1f5ff"}, 
					{"loc": [230, 450], "size": [51, 51], "texture": "1f5ff"}, 
					{"loc": [175, 12], "size": [31, 31], "texture": "1f477"}], 

					"money": 1, "status": "ongoing", "num_allowed_remaining": 1}, 

{"formations": [	{"loc": [400, 300], "size": [51, 51], "texture": "1f5ff"}, 
					{"loc": [230, 450], "size": [51, 51], "texture": "1f5ff"}, 
					{"loc": [175, 12], "size": [31, 31], "texture": "1f477"}], 

					"money": 1, "status": "ongoing", "num_allowed_remaining": 1}

]