[

{"formations": [	{"loc": [230, 450], "size": [51, 51], "texture": "1f5ff"}, 
					{"loc": [400, 300], "size": [51, 51], "texture": "1f5ff"}], 

					"money": 1450, "status": "ongoing", "num_allowed_remaining": 30}, 

{"formations": [	{"loc": [230, 450], "size": [51, 51], "texture": "1f5ff"}, 
					{"loc": [400, 300], "size": [51, 51], "texture": "1f5ff"}, 
					{"loc": [25, 0], "size": [31, 31], "texture": "1f418"}], 

					"money": 1450, "status": "ongoing", "num_allowed_remaining": 30}, 

{"formations": [	{"loc": [230, 450], "size": [51, 51], "texture": "1f5ff"}, 
					{"loc": [400, 300], "size": [51, 51], "texture": "1f5ff"}, 
					{"loc": [25, 50], "size": [31, 31], "texture": "1f418"}, 
					{"loc": [25, 0], "size": [31, 31], "texture": "1f418"}], 

					"money": 1450, "status": "ongoing", "num_allowed_remaining": 30}, 

{"formations": [	{"loc": [230, 450], "size": [51, 51], "texture": "1f5ff"}, 
					{"loc": [400, 300], "size": [51, 51], "texture": "1f5ff"}, 
					{"loc": [25, 100], "size": [31, 31], "texture": "1f418"}, 
					{"loc": [25, 50], "size": [31, 31], "texture": "1f418"}, 
					{"loc": [25, 0], "size": [31, 31], "texture": "1f418"}], 

					"money": 1450, "status": "ongoing", "num_allowed_remaining": 30}, 

{"formations": [	{"loc": [230, 450], "size": [51, 51], "texture": "1f5ff"}, 
					{"loc": [400, 300], "size": [51, 51], "texture": "1f5ff"}, 
					{"loc": [25, 150], "size": [31, 31], "texture": "1f418"}, 
					{"loc": [25, 100], "size": [31, 31], "texture": "1f418"}, 
					{"loc": [25, 50], "size": [31, 31], "texture": "1f418"}, 
					{"loc": [25, 0], "size": [31, 31], "texture": "1f418"}], 

					"money": 1450, "status": "ongoing", "num_allowed_remaining": 30}, 

{"formations": [	{"loc": [230, 450], "size": [51, 51], "texture": "1f5ff"}, 
					{"loc": [400, 300], "size": [51, 51], "texture": "1f5ff"}, 
					{"loc": [25, 200], "size": [31, 31], "texture": "1f418"}, 
					{"loc": [25, 150], "size": [31, 31], "texture": "1f418"}, 
					{"loc": [25, 100], "size": [31, 31], "texture": "1f418"}, 
					{"loc": [25, 50], "size": [31, 31], "texture": "1f418"}, 
					{"loc": [25, 0], "size": [31, 31], "texture": "1f418"}], 

					"money": 1450, "status": "ongoing", "num_allowed_remaining": 30}, 

{"formations": [	{"loc": [230, 450], "size": [51, 51], "texture": "1f5ff"}, 
					{"loc": [400, 300], "size": [51, 51], "texture": "1f5ff"}, 
					{"loc": [25, 250], "size": [31, 31], "texture": "1f418"}, 
					{"loc": [25, 200], "size": [31, 31], "texture": "1f418"}, 
					{"loc": [25, 150], "size": [31, 31], "texture": "1f418"}, 
					{"loc": [25, 100], "size": [31, 31], "texture": "1f418"}, 
					{"loc": [25, 50], "size": [31, 31], "texture": "1f418"}, 
					{"loc": [25, 0], "size": [31, 31], "texture": "1f418"}], 

					"money": 1450, "status": "ongoing", "num_allowed_remaining": 30}, 

{"formations": [	{"loc": [230, 450], "size": [51, 51], "texture": "1f5ff"}, 
					{"loc": [400, 300], "size": [51, 51], "texture": "1f5ff"}, 
					{"loc": [25, 300], "size": [31, 31], "texture": "1f418"}, 
					{"loc": [25, 250], "size": [31, 31], "texture": "1f418"}, 
					{"loc": [25, 200], "size": [31, 31], "texture": "1f418"}, 
					{"loc": [25, 150], "size": [31, 31], "texture": "1f418"}, 
					{"loc": [25, 100], "size": [31, 31], "texture": "1f418"}, 
					{"loc": [25, 50], "size": [31, 31], "texture": "1f418"}, 
					{"loc": [25, 0], "size": [31, 31], "texture": "1f418"}], 

					"money": 1450, "status": "ongoing", "num_allowed_remaining": 30}, 

{"formations": [	{"loc": [230, 450], "size": [51, 51], "texture": "1f5ff"}, 
					{"loc": [400, 300], "size": [51, 51], "texture": "1f5ff"}, 
					{"loc": [25, 350], "size": [31, 31], "texture": "1f418"}, 
					{"loc": [25, 300], "size": [31, 31], "texture": "1f418"}, 
					{"loc": [25, 250], "size": [31, 31], "texture": "1f418"}, 
					{"loc": [25, 200], "size": [31, 31], "texture": "1f418"}, 
					{"loc": [25, 150], "size": [31, 31], "texture": "1f418"}, 
					{"loc": [25, 100], "size": [31, 31], "texture": "1f418"}, 
					{"loc": [25, 50], "size": [31, 31], "texture": "1f418"}, 
					{"loc": [25, 0], "size": [31, 31], "texture": "1f418"}], 

					"money": 1450, "status": "ongoing", "num_allowed_remaining": 30}, 

{"formations": [	{"loc": [230, 450], "size": [51, 51], "texture": "1f5ff"}, 
					{"loc": [400, 300], "size": [51, 51], "texture": "1f5ff"}, 
					{"loc": [25, 400], "size": [31, 31], "texture": "1f418"}, 
					{"loc": [25, 350], "size": [31, 31], "texture": "1f418"}, 
					{"loc": [25, 300], "size": [31, 31], "texture": "1f418"}, 
					{"loc": [25, 250], "size": [31, 31], "texture": "1f418"}, 
					{"loc": [25, 200], "size": [31, 31], "texture": "1f418"}, 
					{"loc": [25, 150], "size": [31, 31], "texture": "1f418"}, 
					{"loc": [25, 100], "size": [31, 31], "texture": "1f418"}, 
					{"loc": [25, 50], "size": [31, 31], "texture": "1f418"}, 
					{"loc": [25, 0], "size": [31, 31], "texture": "1f418"}], 

					"money": 1450, "status": "ongoing", "num_allowed_remaining": 30}, 

{"formations": [	{"loc": [230, 450], "size": [51, 51], "texture": "1f5ff"}, 
					{"loc": [400, 300], "size": [51, 51], "texture": "1f5ff"}, 
					{"loc": [25, 450], "size": [31, 31], "texture": "1f418"}, 
					{"loc": [25, 400], "size": [31, 31], "texture": "1f418"}, 
					{"loc": [25, 350], "size": [31, 31], "texture": "1f418"}, 
					{"loc": [25, 300], "size": [31, 31], "texture": "1f418"}, 
					{"loc": [25, 250], "size": [31, 31], "texture": "1f418"}, 
					{"loc": [25, 200], "size": [31, 31], "texture": "1f418"}, 
					{"loc": [25, 150], "size": [31, 31], "texture": "1f418"}, 
					{"loc": [25, 100], "size": [31, 31], "texture": "1f418"}, 
					{"loc": [25, 50], "size": [31, 31], "texture": "1f418"}, 
					{"loc": [25, 0], "size": [31, 31], "texture": "1f418"}], 

					"money": 1450, "status": "ongoing", "num_allowed_remaining": 30}, 

{"formations": [	{"loc": [230, 450], "size": [51, 51], "texture": "1f5ff"}, 
					{"loc": [400, 300], "size": [51, 51], "texture": "1f5ff"}, 
					{"loc": [25, 450], "size": [31, 31], "texture": "1f418"}, 
					{"loc": [25, 400], "size": [31, 31], "texture": "1f418"}, 
					{"loc": [25, 350], "size": [31, 31], "texture": "1f418"}, 
					{"loc": [25, 300], "size": [31, 31], "texture": "1f418"}, 
					{"loc": [25, 250], "size": [31, 31], "texture": "1f418"}, 
					{"loc": [25, 200], "size": [31, 31], "texture": "1f418"}, 
					{"loc": [25, 150], "size": [31, 31], "texture": "1f418"}, 
					{"loc": [25, 100], "size": [31, 31], "texture": "1f418"}, 
					{"loc": [25, 50], "size": [31, 31], "texture": "1f418"}, 
					{"loc": [25, 0], "size": [31, 31], "texture": "1f418"}], 

					"money": 1450, "status": "ongoing", "num_allowed_remaining": 29}, 

{"formations": [	{"loc": [230, 450], "size": [51, 51], "texture": "1f5ff"}, 
					{"loc": [400, 300], "size": [51, 51], "texture": "1f5ff"}, 
					{"loc": [25, 450], "size": [31, 31], "texture": "1f418"}, 
					{"loc": [25, 400], "size": [31, 31], "texture": "1f418"}, 
					{"loc": [25, 350], "size": [31, 31], "texture": "1f418"}, 
					{"loc": [25, 300], "size": [31, 31], "texture": "1f418"}, 
					{"loc": [25, 250], "size": [31, 31], "texture": "1f418"}, 
					{"loc": [25, 200], "size": [31, 31], "texture": "1f418"}, 
					{"loc": [25, 150], "size": [31, 31], "texture": "1f418"}, 
					{"loc": [25, 100], "size": [31, 31], "texture": "1f418"}, 
					{"loc": [25, 50], "size": [31, 31], "texture": "1f418"}, 
					{"loc": [25, 0], "size": [31, 31], "texture": "1f418"}], 

					"money": 1450, "status": "ongoing", "num_allowed_remaining": 28}, 

{"formations": [	{"loc": [230, 450], "size": [51, 51], "texture": "1f5ff"}, 
					{"loc": [400, 300], "size": [51, 51], "texture": "1f5ff"}, 
					{"loc": [25, 450], "size": [31, 31], "texture": "1f418"}, 
					{"loc": [25, 400], "size": [31, 31], "texture": "1f418"}, 
					{"loc": [25, 350], "size": [31, 31], "texture": "1f418"}, 
					{"loc": [25, 300], "size": [31, 31], "texture": "1f418"}, 
					{"loc": [25, 250], "size": [31, 31], "texture": "1f418"}, 
					{"loc": [25, 200], "size": [31, 31], "texture": "1f418"}, 
					{"loc": [25, 150], "size": [31, 31], "texture": "1f418"}, 
					{"loc": [25, 100], "size": [31, 31], "texture": "1f418"}, 
					{"loc": [25, 50], "size": [31, 31], "texture": "1f418"}, 
					{"loc": [25, 0], "size": [31, 31], "texture": "1f418"}], 

					"money": 1450, "status": "ongoing", "num_allowed_remaining": 27}, 

{"formations": [	{"loc": [230, 450], "size": [51, 51], "texture": "1f5ff"}, 
					{"loc": [400, 300], "size": [51, 51], "texture": "1f5ff"}, 
					{"loc": [25, 450], "size": [31, 31], "texture": "1f418"}, 
					{"loc": [25, 400], "size": [31, 31], "texture": "1f418"}, 
					{"loc": [25, 350], "size": [31, 31], "texture": "1f418"}, 
					{"loc": [25, 300], "size": [31, 31], "texture": "1f418"}, 
					{"loc": [25, 250], "size": [31, 31], "texture": "1f418"}, 
					{"loc": [25, 200], "size": [31, 31], "texture": "1f418"}, 
					{"loc": [25, 150], "size": [31, 31], "texture": "1f418"}, 
					{"loc": [25, 100], "size": [31, 31], "texture": "1f418"}, 
					{"loc": [25, 50], "size": [31, 31], "texture": "1f418"}, 
					{"loc": [25, 0], "size": [31, 31], "texture": "1f418"}], 

					"money": 1450, "status": "ongoing", "num_allowed_remaining": 26}, 

{"formations": [	{"loc": [230, 450], "size": [51, 51], "texture": "1f5ff"}, 
					{"loc": [400, 300], "size": [51, 51], "texture": "1f5ff"}, 
					{"loc": [25, 450], "size": [31, 31], "texture": "1f418"}, 
					{"loc": [25, 400], "size": [31, 31], "texture": "1f418"}, 
					{"loc": [25, 350], "size": [31, 31], "texture": "1f418"}, 
					{"loc": [25, 300], "size": [31, 31], "texture": "1f418"}, 
					{"loc": [25, 250], "size": [31, 31], "texture": "1f418"}, 
					{"loc": [25, 200], "size": [31, 31], "texture": "1f418"}, 
					{"loc": [25, 150], "size": [31, 31], "texture": "1f418"}, 
					{"loc": [25, 100], "size": [31, 31], "texture": "1f418"}, 
					{"loc": [25, 50], "size": [31, 31], "texture": "1f418"}, 
					{"loc": [25, 0], "size": [31, 31], "texture": "1f418"}], 

					"money": 1450, "status": "ongoing", "num_allowed_remaining": 25}, 

{"formations": [	{"loc": [230, 450], "size": [51, 51], "texture": "1f5ff"}, 
					{"loc": [400, 300], "size": [51, 51], "texture": "1f5ff"}, 
					{"loc": [25, 450], "size": [31, 31], "texture": "1f418"}, 
					{"loc": [25, 400], "size": [31, 31], "texture": "1f418"}, 
					{"loc": [25, 350], "size": [31, 31], "texture": "1f418"}, 
					{"loc": [25, 300], "size": [31, 31], "texture": "1f418"}, 
					{"loc": [25, 250], "size": [31, 31], "texture": "1f418"}, 
					{"loc": [25, 200], "size": [31, 31], "texture": "1f418"}, 
					{"loc": [25, 150], "size": [31, 31], "texture": "1f418"}, 
					{"loc": [25, 100], "size": [31, 31], "texture": "1f418"}, 
					{"loc": [25, 50], "size": [31, 31], "texture": "1f418"}, 
					{"loc": [25, 0], "size": [31, 31], "texture": "1f418"}], 

					"money": 1450, "status": "ongoing", "num_allowed_remaining": 24}, 

{"formations": [	{"loc": [230, 450], "size": [51, 51], "texture": "1f5ff"}, 
					{"loc": [400, 300], "size": [51, 51], "texture": "1f5ff"}, 
					{"loc": [25, 450], "size": [31, 31], "texture": "1f418"}, 
					{"loc": [25, 400], "size": [31, 31], "texture": "1f418"}, 
					{"loc": [25, 350], "size": [31, 31], "texture": "1f418"}, 
					{"loc": [25, 300], "size": [31, 31], "texture": "1f418"}, 
					{"loc": [25, 250], "size": [31, 31], "texture": "1f418"}, 
					{"loc": [25, 200], "size": [31, 31], "texture": "1f418"}, 
					{"loc": [25, 150], "size": [31, 31], "texture": "1f418"}, 
					{"loc": [25, 100], "size": [31, 31], "texture": "1f418"}, 
					{"loc": [25, 50], "size": [31, 31], "texture": "1f418"}, 
					{"loc": [25, 0], "size": [31, 31], "texture": "1f418"}], 

					"money": 1450, "status": "ongoing", "num_allowed_remaining": 23}, 

{"formations": [	{"loc": [230, 450], "size": [51, 51], "texture": "1f5ff"}, 
					{"loc": [400, 300], "size": [51, 51], "texture": "1f5ff"}, 
					{"loc": [25, 450], "size": [31, 31], "texture": "1f418"}, 
					{"loc": [25, 400], "size": [31, 31], "texture": "1f418"}, 
					{"loc": [25, 350], "size": [31, 31], "texture": "1f418"}, 
					{"loc": [25, 300], "size": [31, 31], "texture": "1f418"}, 
					{"loc": [25, 250], "size": [31, 31], "texture": "1f418"}, 
					{"loc": [25, 200], "size": [31, 31], "texture": "1f418"}, 
					{"loc": [25, 150], "size": [31, 31], "texture": "1f418"}, 
					{"loc": [25, 100], "size": [31, 31], "texture": "1f418"}, 
					{"loc": [25, 50], "size": [31, 31], "texture": "1f418"}, 
					{"loc": [25, 0], "size": [31, 31], "texture": "1f418"}], 

					"money": 1450, "status": "ongoing", "num_allowed_remaining": 22}, 

{"formations": [	{"loc": [230, 450], "size": [51, 51], "texture": "1f5ff"}, 
					{"loc": [400, 300], "size": [51, 51], "texture": "1f5ff"}, 
					{"loc": [25, 450], "size": [31, 31], "texture": "1f418"}, 
					{"loc": [25, 400], "size": [31, 31], "texture": "1f418"}, 
					{"loc": [25, 350], "size": [31, 31], "texture": "1f418"}, 
					{"loc": [25, 300], "size": [31, 31], "texture": "1f418"}, 
					{"loc": [25, 250], "size": [31, 31], "texture": "1f418"}, 
					{"loc": [25, 200], "size": [31, 31], "texture": "1f418"}, 
					{"loc": [25, 150], "size": [31, 31], "texture": "1f418"}, 
					{"loc": [25, 100], "size": [31, 31], "texture": "1f418"}, 
					{"loc": [25, 50], "size": [31, 31], "texture": "1f418"}, 
					{"loc": [25, 0], "size": [31, 31], "texture": "1f418"}], 

					"money": 1450, "status": "ongoing", "num_allowed_remaining": 21}, 

{"formations": [	{"loc": [230, 450], "size": [51, 51], "texture": "1f5ff"}, 
					{"loc": [400, 300], "size": [51, 51], "texture": "1f5ff"}, 
					{"loc": [25, 450], "size": [31, 31], "texture": "1f418"}, 
					{"loc": [25, 400], "size": [31, 31], "texture": "1f418"}, 
					{"loc": [25, 350], "size": [31, 31], "texture": "1f418"}, 
					{"loc": [25, 300], "size": [31, 31], "texture": "1f418"}, 
					{"loc": [25, 250], "size": [31, 31], "texture": "1f418"}, 
					{"loc": [25, 200], "size": [31, 31], "texture": "1f418"}, 
					{"loc": [25, 150], "size": [31, 31], "texture": "1f418"}, 
					{"loc": [25, 100], "size": [31, 31], "texture": "1f418"}, 
					{"loc": [25, 50], "size": [31, 31], "texture": "1f418"}, 
					{"loc": [25, 0], "size": [31, 31], "texture": "1f418"}], 

					"money": 1450, "status": "ongoing", "num_allowed_remaining": 20}, 

{"formations": [	{"loc": [230, 450], "size": [51, 51], "texture": "1f5ff"}, 
					{"loc": [400, 300], "size": [51, 51], "texture": "1f5ff"}, 
					{"loc": [25, 450], "size": [31, 31], "texture": "1f418"}, 
					{"loc": [25, 400], "size": [31, 31], "texture": "1f418"}, 
					{"loc": [25, 350], "size": [31, 31], "texture": "1f418"}, 
					{"loc": [25, 300], "size": [31, 31], "texture": "1f418"}, 
					{"loc": [25, 250], "size": [31, 31], "texture": "1f418"}, 
					{"loc": [25, 200], "size": [31, 31], "texture": "1f418"}, 
					{"loc": [25, 150], "size": [31, 31], "texture": "1f418"}, 
					{"loc": [25, 100], "size": [31, 31], "texture": "1f418"}, 
					{"loc": [25, 50], "size": [31, 31], "texture": "1f418"}, 
					{"loc": [25, 0], "size": [31, 31], "texture": "1f418"}], 

					"money": 1450, "status": "ongoing", "num_allowed_remaining": 19}, 

{"formations": [	{"loc": [230, 450], "size": [51, 51], "texture": "1f5ff"}, 
					{"loc": [400, 300], "size": [51, 51], "texture": "1f5ff"}, 
					{"loc": [25, 450], "size": [31, 31], "texture": "1f418"}, 
					{"loc": [25, 400], "size": [31, 31], "texture": "1f418"}, 
					{"loc": [25, 350], "size": [31, 31], "texture": "1f418"}, 
					{"loc": [25, 300], "size": [31, 31], "texture": "1f418"}, 
					{"loc": [25, 250], "size": [31, 31], "texture": "1f418"}, 
					{"loc": [25, 200], "size": [31, 31], "texture": "1f418"}, 
					{"loc": [25, 150], "size": [31, 31], "texture": "1f418"}, 
					{"loc": [25, 100], "size": [31, 31], "texture": "1f418"}, 
					{"loc": [25, 50], "size": [31, 31], "texture": "1f418"}, 
					{"loc": [25, 0], "size": [31, 31], "texture": "1f418"}], 

					"money": 1450, "status": "ongoing", "num_allowed_remaining": 18}, 

{"formations": [	{"loc": [230, 450], "size": [51, 51], "texture": "1f5ff"}, 
					{"loc": [400, 300], "size": [51, 51], "texture": "1f5ff"}, 
					{"loc": [25, 450], "size": [31, 31], "texture": "1f418"}, 
					{"loc": [25, 400], "size": [31, 31], "texture": "1f418"}, 
					{"loc": [25, 350], "size": [31, 31], "texture": "1f418"}, 
					{"loc": [25, 300], "size": [31, 31], "texture": "1f418"}, 
					{"loc": [25, 250], "size": [31, 31], "texture": "1f418"}, 
					{"loc": [25, 200], "size": [31, 31], "texture": "1f418"}, 
					{"loc": [25, 150], "size": [31, 31], "texture": "1f418"}, 
					{"loc": [25, 100], "size": [31, 31], "texture": "1f418"}, 
					{"loc": [25, 50], "size": [31, 31], "texture": "1f418"}, 
					{"loc": [25, 0], "size": [31, 31], "texture": "1f418"}], 

					"money": 1450, "status": "ongoing", "num_allowed_remaining": 17}, 

{"formations": [	{"loc": [230, 450], "size": [51, 51], "texture": "1f5ff"}, 
					{"loc": [400, 300], "size": [51, 51], "texture": "1f5ff"}, 
					{"loc": [25, 450], "size": [31, 31], "texture": "1f418"}, 
					{"loc": [25, 400], "size": [31, 31], "texture": "1f418"}, 
					{"loc": [25, 350], "size": [31, 31], "texture": "1f418"}, 
					{"loc": [25, 300], "size": [31, 31], "texture": "1f418"}, 
					{"loc": [25, 250], "size": [31, 31], "texture": "1f418"}, 
					{"loc": [25, 200], "size": [31, 31], "texture": "1f418"}, 
					{"loc": [25, 150], "size": [31, 31], "texture": "1f418"}, 
					{"loc": [25, 100], "size": [31, 31], "texture": "1f418"}, 
					{"loc": [25, 50], "size": [31, 31], "texture": "1f418"}, 
					{"loc": [25, 0], "size": [31, 31], "texture": "1f418"}], 

					"money": 1450, "status": "ongoing", "num_allowed_remaining": 16}, 

{"formations": [	{"loc": [230, 450], "size": [51, 51], "texture": "1f5ff"}, 
					{"loc": [400, 300], "size": [51, 51], "texture": "1f5ff"}, 
					{"loc": [25, 450], "size": [31, 31], "texture": "1f418"}, 
					{"loc": [25, 400], "size": [31, 31], "texture": "1f418"}, 
					{"loc": [25, 350], "size": [31, 31], "texture": "1f418"}, 
					{"loc": [25, 300], "size": [31, 31], "texture": "1f418"}, 
					{"loc": [25, 250], "size": [31, 31], "texture": "1f418"}, 
					{"loc": [25, 200], "size": [31, 31], "texture": "1f418"}, 
					{"loc": [25, 150], "size": [31, 31], "texture": "1f418"}, 
					{"loc": [25, 100], "size": [31, 31], "texture": "1f418"}, 
					{"loc": [25, 50], "size": [31, 31], "texture": "1f418"}, 
					{"loc": [25, 0], "size": [31, 31], "texture": "1f418"}], 

					"money": 1450, "status": "ongoing", "num_allowed_remaining": 15}, 

{"formations": [	{"loc": [230, 450], "size": [51, 51], "texture": "1f5ff"}, 
					{"loc": [400, 300], "size": [51, 51], "texture": "1f5ff"}, 
					{"loc": [25, 450], "size": [31, 31], "texture": "1f418"}, 
					{"loc": [25, 400], "size": [31, 31], "texture": "1f418"}, 
					{"loc": [25, 350], "size": [31, 31], "texture": "1f418"}, 
					{"loc": [25, 300], "size": [31, 31], "texture": "1f418"}, 
					{"loc": [25, 250], "size": [31, 31], "texture": "1f418"}, 
					{"loc": [25, 200], "size": [31, 31], "texture": "1f418"}, 
					{"loc": [25, 150], "size": [31, 31], "texture": "1f418"}, 
					{"loc": [25, 100], "size": [31, 31], "texture": "1f418"}, 
					{"loc": [25, 50], "size": [31, 31], "texture": "1f418"}, 
					{"loc": [25, 0], "size": [31, 31], "texture": "1f418"}], 

					"money": 1450, "status": "ongoing", "num_allowed_remaining": 14}, 

{"formations": [	{"loc": [230, 450], "size": [51, 51], "texture": "1f5ff"}, 
					{"loc": [400, 300], "size": [51, 51], "texture": "1f5ff"}, 
					{"loc": [25, 450], "size": [31, 31], "texture": "1f418"}, 
					{"loc": [25, 400], "size": [31, 31], "texture": "1f418"}, 
					{"loc": [25, 350], "size": [31, 31], "texture": "1f418"}, 
					{"loc": [25, 300], "size": [31, 31], "texture": "1f418"}, 
					{"loc": [25, 250], "size": [31, 31], "texture": "1f418"}, 
					{"loc": [25, 200], "size": [31, 31], "texture": "1f418"}, 
					{"loc": [25, 150], "size": [31, 31], "texture": "1f418"}, 
					{"loc": [25, 100], "size": [31, 31], "texture": "1f418"}, 
					{"loc": [25, 50], "size": [31, 31], "texture": "1f418"}, 
					{"loc": [25, 0], "size": [31, 31], "texture": "1f418"}], 

					"money": 1450, "status": "ongoing", "num_allowed_remaining": 13}, 

{"formations": [	{"loc": [230, 450], "size": [51, 51], "texture": "1f5ff"}, 
					{"loc": [400, 300], "size": [51, 51], "texture": "1f5ff"}, 
					{"loc": [25, 450], "size": [31, 31], "texture": "1f418"}, 
					{"loc": [25, 400], "size": [31, 31], "texture": "1f418"}, 
					{"loc": [25, 350], "size": [31, 31], "texture": "1f418"}, 
					{"loc": [25, 300], "size": [31, 31], "texture": "1f418"}, 
					{"loc": [25, 250], "size": [31, 31], "texture": "1f418"}, 
					{"loc": [25, 200], "size": [31, 31], "texture": "1f418"}, 
					{"loc": [25, 150], "size": [31, 31], "texture": "1f418"}, 
					{"loc": [25, 100], "size": [31, 31], "texture": "1f418"}, 
					{"loc": [25, 50], "size": [31, 31], "texture": "1f418"}, 
					{"loc": [25, 0], "size": [31, 31], "texture": "1f418"}], 

					"money": 1450, "status": "ongoing", "num_allowed_remaining": 12}, 

{"formations": [	{"loc": [230, 450], "size": [51, 51], "texture": "1f5ff"}, 
					{"loc": [400, 300], "size": [51, 51], "texture": "1f5ff"}, 
					{"loc": [25, 450], "size": [31, 31], "texture": "1f418"}, 
					{"loc": [25, 400], "size": [31, 31], "texture": "1f418"}, 
					{"loc": [25, 350], "size": [31, 31], "texture": "1f418"}, 
					{"loc": [25, 300], "size": [31, 31], "texture": "1f418"}, 
					{"loc": [25, 250], "size": [31, 31], "texture": "1f418"}, 
					{"loc": [25, 200], "size": [31, 31], "texture": "1f418"}, 
					{"loc": [25, 150], "size": [31, 31], "texture": "1f418"}, 
					{"loc": [25, 100], "size": [31, 31], "texture": "1f418"}, 
					{"loc": [25, 50], "size": [31, 31], "texture": "1f418"}, 
					{"loc": [25, 0], "size": [31, 31], "texture": "1f418"}], 

					"money": 1450, "status": "ongoing", "num_allowed_remaining": 11}, 

{"formations": [	{"loc": [230, 450], "size": [51, 51], "texture": "1f5ff"}, 
					{"loc": [400, 300], "size": [51, 51], "texture": "1f5ff"}, 
					{"loc": [25, 450], "size": [31, 31], "texture": "1f418"}, 
					{"loc": [25, 400], "size": [31, 31], "texture": "1f418"}, 
					{"loc": [25, 350], "size": [31, 31], "texture": "1f418"}, 
					{"loc": [25, 300], "size": [31, 31], "texture": "1f418"}, 
					{"loc": [25, 250], "size": [31, 31], "texture": "1f418"}, 
					{"loc": [25, 200], "size": [31, 31], "texture": "1f418"}, 
					{"loc": [25, 150], "size": [31, 31], "texture": "1f418"}, 
					{"loc": [25, 100], "size": [31, 31], "texture": "1f418"}, 
					{"loc": [25, 50], "size": [31, 31], "texture": "1f418"}, 
					{"loc": [25, 0], "size": [31, 31], "texture": "1f418"}], 

					"money": 1450, "status": "ongoing", "num_allowed_remaining": 10}, 

{"formations": [	{"loc": [230, 450], "size": [51, 51], "texture": "1f5ff"}, 
					{"loc": [400, 300], "size": [51, 51], "texture": "1f5ff"}, 
					{"loc": [25, 450], "size": [31, 31], "texture": "1f418"}, 
					{"loc": [25, 400], "size": [31, 31], "texture": "1f418"}, 
					{"loc": [25, 350], "size": [31, 31], "texture": "1f418"}, 
					{"loc": [25, 300], "size": [31, 31], "texture": "1f418"}, 
					{"loc": [25, 250], "size": [31, 31], "texture": "1f418"}, 
					{"loc": [25, 200], "size": [31, 31], "texture": "1f418"}, 
					{"loc": [25, 150], "size": [31, 31], "texture": "1f418"}, 
					{"loc": [25, 100], "size": [31, 31], "texture": "1f418"}, 
					{"loc": [25, 50], "size": [31, 31], "texture": "1f418"}, 
					{"loc": [25, 0], "size": [31, 31], "texture": "1f418"}], 

					"money": 1450, "status": "ongoing", "num_allowed_remaining": 9}, 

{"formations": [	{"loc": [230, 450], "size": [51, 51], "texture": "1f5ff"}, 
					{"loc": [400, 300], "size": [51, 51], "texture": "1f5ff"}, 
					{"loc": [25, 450], "size": [31, 31], "texture": "1f418"}, 
					{"loc": [25, 400], "size": [31, 31], "texture": "1f418"}, 
					{"loc": [25, 350], "size": [31, 31], "texture": "1f418"}, 
					{"loc": [25, 300], "size": [31, 31], "texture": "1f418"}, 
					{"loc": [25, 250], "size": [31, 31], "texture": "1f418"}, 
					{"loc": [25, 200], "size": [31, 31], "texture": "1f418"}, 
					{"loc": [25, 150], "size": [31, 31], "texture": "1f418"}, 
					{"loc": [25, 100], "size": [31, 31], "texture": "1f418"}, 
					{"loc": [25, 50], "size": [31, 31], "texture": "1f418"}, 
					{"loc": [25, 0], "size": [31, 31], "texture": "1f418"}], 

					"money": 1450, "status": "ongoing", "num_allowed_remaining": 8}, 

{"formations": [	{"loc": [230, 450], "size": [51, 51], "texture": "1f5ff"}, 
					{"loc": [400, 300], "size": [51, 51], "texture": "1f5ff"}, 
					{"loc": [25, 450], "size": [31, 31], "texture": "1f418"}, 
					{"loc": [25, 400], "size": [31, 31], "texture": "1f418"}, 
					{"loc": [25, 350], "size": [31, 31], "texture": "1f418"}, 
					{"loc": [25, 300], "size": [31, 31], "texture": "1f418"}, 
					{"loc": [25, 250], "size": [31, 31], "texture": "1f418"}, 
					{"loc": [25, 200], "size": [31, 31], "texture": "1f418"}, 
					{"loc": [25, 150], "size": [31, 31], "texture": "1f418"}, 
					{"loc": [25, 100], "size": [31, 31], "texture": "1f418"}, 
					{"loc": [25, 50], "size": [31, 31], "texture": "1f418"}, 
					{"loc": [25, 0], "size": [31, 31], "texture": "1f418"}], 

					"money": 1450, "status": "ongoing", "num_allowed_remaining": 7}, 

{"formations": [	{"loc": [230, 450], "size": [51, 51], "texture": "1f5ff"}, 
					{"loc": [400, 300], "size": [51, 51], "texture": "1f5ff"}, 
					{"loc": [25, 450], "size": [31, 31], "texture": "1f418"}, 
					{"loc": [25, 400], "size": [31, 31], "texture": "1f418"}, 
					{"loc": [25, 350], "size": [31, 31], "texture": "1f418"}, 
					{"loc": [25, 300], "size": [31, 31], "texture": "1f418"}, 
					{"loc": [25, 250], "size": [31, 31], "texture": "1f418"}, 
					{"loc": [25, 200], "size": [31, 31], "texture": "1f418"}, 
					{"loc": [25, 150], "size": [31, 31], "texture": "1f418"}, 
					{"loc": [25, 100], "size": [31, 31], "texture": "1f418"}, 
					{"loc": [25, 50], "size": [31, 31], "texture": "1f418"}, 
					{"loc": [25, 0], "size": [31, 31], "texture": "1f418"}], 

					"money": 1450, "status": "ongoing", "num_allowed_remaining": 6}, 

{"formations": [	{"loc": [230, 450], "size": [51, 51], "texture": "1f5ff"}, 
					{"loc": [400, 300], "size": [51, 51], "texture": "1f5ff"}, 
					{"loc": [25, 450], "size": [31, 31], "texture": "1f418"}, 
					{"loc": [25, 400], "size": [31, 31], "texture": "1f418"}, 
					{"loc": [25, 350], "size": [31, 31], "texture": "1f418"}, 
					{"loc": [25, 300], "size": [31, 31], "texture": "1f418"}, 
					{"loc": [25, 250], "size": [31, 31], "texture": "1f418"}, 
					{"loc": [25, 200], "size": [31, 31], "texture": "1f418"}, 
					{"loc": [25, 150], "size": [31, 31], "texture": "1f418"}, 
					{"loc": [25, 100], "size": [31, 31], "texture": "1f418"}, 
					{"loc": [25, 50], "size": [31, 31], "texture": "1f418"}, 
					{"loc": [25, 0], "size": [31, 31], "texture": "1f418"}], 

					"money": 1450, "status": "ongoing", "num_allowed_remaining": 5}, 

{"formations": [	{"loc": [230, 450], "size": [51, 51], "texture": "1f5ff"}, 
					{"loc": [400, 300], "size": [51, 51], "texture": "1f5ff"}, 
					{"loc": [25, 450], "size": [31, 31], "texture": "1f418"}, 
					{"loc": [25, 400], "size": [31, 31], "texture": "1f418"}, 
					{"loc": [25, 350], "size": [31, 31], "texture": "1f418"}, 
					{"loc": [25, 300], "size": [31, 31], "texture": "1f418"}, 
					{"loc": [25, 250], "size": [31, 31], "texture": "1f418"}, 
					{"loc": [25, 200], "size": [31, 31], "texture": "1f418"}, 
					{"loc": [25, 150], "size": [31, 31], "texture": "1f418"}, 
					{"loc": [25, 100], "size": [31, 31], "texture": "1f418"}, 
					{"loc": [25, 50], "size": [31, 31], "texture": "1f418"}, 
					{"loc": [25, 0], "size": [31, 31], "texture": "1f418"}], 

					"money": 1450, "status": "ongoing", "num_allowed_remaining": 4}, 

{"formations": [	{"loc": [230, 450], "size": [51, 51], "texture": "1f5ff"}, 
					{"loc": [400, 300], "size": [51, 51], "texture": "1f5ff"}, 
					{"loc": [25, 450], "size": [31, 31], "texture": "1f418"}, 
					{"loc": [25, 400], "size": [31, 31], "texture": "1f418"}, 
					{"loc": [25, 350], "size": [31, 31], "texture": "1f418"}, 
					{"loc": [25, 300], "size": [31, 31], "texture": "1f418"}, 
					{"loc": [25, 250], "size": [31, 31], "texture": "1f418"}, 
					{"loc": [25, 200], "size": [31, 31], "texture": "1f418"}, 
					{"loc": [25, 150], "size": [31, 31], "texture": "1f418"}, 
					{"loc": [25, 100], "size": [31, 31], "texture": "1f418"}, 
					{"loc": [25, 50], "size": [31, 31], "texture": "1f418"}, 
					{"loc": [25, 0], "size": [31, 31], "texture": "1f418"}], 

					"money": 1450, "status": "ongoing", "num_allowed_remaining": 3}, 

{"formations": [	{"loc": [230, 450], "size": [51, 51], "texture": "1f5ff"}, 
					{"loc": [400, 300], "size": [51, 51], "texture": "1f5ff"}, 
					{"loc": [25, 450], "size": [31, 31], "texture": "1f418"}, 
					{"loc": [25, 400], "size": [31, 31], "texture": "1f418"}, 
					{"loc": [25, 350], "size": [31, 31], "texture": "1f418"}, 
					{"loc": [25, 300], "size": [31, 31], "texture": "1f418"}, 
					{"loc": [25, 250], "size": [31, 31], "texture": "1f418"}, 
					{"loc": [25, 200], "size": [31, 31], "texture": "1f418"}, 
					{"loc": [25, 150], "size": [31, 31], "texture": "1f418"}, 
					{"loc": [25, 100], "size": [31, 31], "texture": "1f418"}, 
					{"loc": [25, 50], "size": [31, 31], "texture": "1f418"}, 
					{"loc": [25, 0], "size": [31, 31], "texture": "1f418"}], 

					"money": 1450, "status": "ongoing", "num_allowed_remaining": 2}, 

{"formations": [	{"loc": [230, 450], "size": [51, 51], "texture": "1f5ff"}, 
					{"loc": [400, 300], "size": [51, 51], "texture": "1f5ff"}, 
					{"loc": [25, 450], "size": [31, 31], "texture": "1f418"}, 
					{"loc": [25, 400], "size": [31, 31], "texture": "1f418"}, 
					{"loc": [25, 350], "size": [31, 31], "texture": "1f418"}, 
					{"loc": [25, 300], "size": [31, 31], "texture": "1f418"}, 
					{"loc": [25, 250], "size": [31, 31], "texture": "1f418"}, 
					{"loc": [25, 200], "size": [31, 31], "texture": "1f418"}, 
					{"loc": [25, 150], "size": [31, 31], "texture": "1f418"}, 
					{"loc": [25, 100], "size": [31, 31], "texture": "1f418"}, 
					{"loc": [25, 50], "size": [31, 31], "texture": "1f418"}, 
					{"loc": [25, 0], "size": [31, 31], "texture": "1f418"}], 

					"money": 1450, "status": "ongoing", "num_allowed_remaining": 1}, 

{"formations": [	{"loc": [230, 450], "size": [51, 51], "texture": "1f5ff"}, 
					{"loc": [400, 300], "size": [51, 51], "texture": "1f5ff"}, 
					{"loc": [25, 450], "size": [31, 31], "texture": "1f418"}, 
					{"loc": [25, 400], "size": [31, 31], "texture": "1f418"}, 
					{"loc": [25, 350], "size": [31, 31], "texture": "1f418"}, 
					{"loc": [25, 300], "size": [31, 31], "texture": "1f418"}, 
					{"loc": [25, 250], "size": [31, 31], "texture": "1f418"}, 
					{"loc": [25, 200], "size": [31, 31], "texture": "1f418"}, 
					{"loc": [25, 150], "size": [31, 31], "texture": "1f418"}, 
					{"loc": [25, 100], "size": [31, 31], "texture": "1f418"}, 
					{"loc": [25, 50], "size": [31, 31], "texture": "1f418"}, 
					{"loc": [25, 0], "size": [31, 31], "texture": "1f418"}], 

					"money": 1450, "status": "ongoing", "num_allowed_remaining": 0}, 

{"formations": [	{"loc": [230, 450], "size": [51, 51], "texture": "1f5ff"}, 
					{"loc": [400, 300], "size": [51, 51], "texture": "1f5ff"}, 
					{"loc": [25, 450], "size": [31, 31], "texture": "1f418"}, 
					{"loc": [25, 400], "size": [31, 31], "texture": "1f418"}, 
					{"loc": [25, 350], "size": [31, 31], "texture": "1f418"}, 
					{"loc": [25, 300], "size": [31, 31], "texture": "1f418"}, 
					{"loc": [25, 250], "size": [31, 31], "texture": "1f418"}, 
					{"loc": [25, 200], "size": [31, 31], "texture": "1f418"}, 
					{"loc": [25, 150], "size": [31, 31], "texture": "1f418"}, 
					{"loc": [25, 100], "size": [31, 31], "texture": "1f418"}, 
					{"loc": [25, 50], "size": [31, 31], "texture": "1f418"}, 
					{"loc": [25, 0], "size": [31, 31], "texture": "1f418"}], 

					"money": 1450, "status": "defeat", "num_allowed_remaining": -1}, 

{"formations": [	{"loc": [230, 450], "size": [51, 51], "texture": "1f5ff"}, 
					{"loc": [400, 300], "size": [51, 51], "texture": "1f5ff"}, 
					{"loc": [25, 450], "size": [31, 31], "texture": "1f418"}, 
					{"loc": [25, 400], "size": [31, 31], "texture": "1f418"}, 
					{"loc": [25, 350], "size": [31, 31], "texture": "1f418"}, 
					{"loc": [25, 300], "size": [31, 31], "texture": "1f418"}, 
					{"loc": [25, 250], "size": [31, 31], "texture": "1f418"}, 
					{"loc": [25, 200], "size": [31, 31], "texture": "1f418"}, 
					{"loc": [25, 150], "size": [31, 31], "texture": "1f418"}, 
					{"loc": [25, 100], "size": [31, 31], "texture": "1f418"}, 
					{"loc": [25, 50], "size": [31, 31], "texture": "1f418"}, 
					{"loc": [25, 0], "size": [31, 31], "texture": "1f418"}], 

					"money": 1450, "status": "defeat", "num_allowed_remaining": -1}, 

{"formations": [	{"loc": [230, 450], "size": [51, 51], "texture": "1f5ff"}, 
					{"loc": [400, 300], "size": [51, 51], "texture": "1f5ff"}, 
					{"loc": [25, 450], "size": [31, 31], "texture": "1f418"}, 
					{"loc": [25, 400], "size": [31, 31], "texture": "1f418"}, 
					{"loc": [25, 350], "size": [31, 31], "texture": "1f418"}, 
					{"loc": [25, 300], "size": [31, 31], "texture": "1f418"}, 
					{"loc": [25, 250], "size": [31, 31], "texture": "1f418"}, 
					{"loc": [25, 200], "size": [31, 31], "texture": "1f418"}, 
					{"loc": [25, 150], "size": [31, 31], "texture": "1f418"}, 
					{"loc": [25, 100], "size": [31, 31], "texture": "1f418"}, 
					{"loc": [25, 50], "size": [31, 31], "texture": "1f418"}, 
					{"loc": [25, 0], "size": [31, 31], "texture": "1f418"}], 

					"money": 1450, "status": "defeat", "num_allowed_remaining": -1}, 

{"formations": [	{"loc": [230, 450], "size": [51, 51], "texture": "1f5ff"}, 
					{"loc": [400, 300], "size": [51, 51], "texture": "1f5ff"}, 
					{"loc": [25, 450], "size": [31, 31], "texture": "1f418"}, 
					{"loc": [25, 400], "size": [31, 31], "texture": "1f418"}, 
					{"loc": [25, 350], "size": [31, 31], "texture": "1f418"}, 
					{"loc": [25, 300], "size": [31, 31], "texture": "1f418"}, 
					{"loc": [25, 250], "size": [31, 31], "texture": "1f418"}, 
					{"loc": [25, 200], "size": [31, 31], "texture": "1f418"}, 
					{"loc": [25, 150], "size": [31, 31], "texture": "1f418"}, 
					{"loc": [25, 100], "size": [31, 31], "texture": "1f418"}, 
					{"loc": [25, 50], "size": [31, 31], "texture": "1f418"}, 
					{"loc": [25, 0], "size": [31, 31], "texture": "1f418"}], 

					"money": 1450, "status": "defeat", "num_allowed_remaining": -1}, 

{"formations": [	{"loc": [230, 450], "size": [51, 51], "texture": "1f5ff"}, 
					{"loc": [400, 300], "size": [51, 51], "texture": "1f5ff"}, 
					{"loc": [25, 450], "size": [31, 31], "texture": "1f418"}, 
					{"loc": [25, 400], "size": [31, 31], "texture": "1f418"}, 
					{"loc": [25, 350], "size": [31, 31], "texture": "1f418"}, 
					{"loc": [25, 300], "size": [31, 31], "texture": "1f418"}, 
					{"loc": [25, 250], "size": [31, 31], "texture": "1f418"}, 
					{"loc": [25, 200], "size": [31, 31], "texture": "1f418"}, 
					{"loc": [25, 150], "size": [31, 31], "texture": "1f418"}, 
					{"loc": [25, 100], "size": [31, 31], "texture": "1f418"}, 
					{"loc": [25, 50], "size": [31, 31], "texture": "1f418"}, 
					{"loc": [25, 0], "size": [31, 31], "texture": "1f418"}], 

					"money": 1450, "status": "defeat", "num_allowed_remaining": -1}

]