[{
    "formations": [{
        "loc": [100, 100],
        "texture": "1f5ff",
        "size": [51, 51]
    }, {
        "loc": [400, 400],
        "texture": "1f5ff",
        "size": [51, 51]
    }],
    "money": 100,
    "status": "ongoing",
    "num_allowed_remaining": 1
}, {
    "formations": [{
        "loc": [100, 100],
        "texture": "1f5ff",
        "size": [51, 51]
    }, {
        "loc": [400, 400],
        "texture": "1f5ff",
        "size": [51, 51]
    }, {
        "loc": [0, 250],
        "texture": "1f418",
        "size": [31, 31]
    }],
    "money": 100,
    "status": "ongoing",
    "num_allowed_remaining": 1
}, {
    "formations": [{
        "loc": [100, 100],
        "texture": "1f5ff",
        "size": [51, 51]
    }, {
        "loc": [400, 400],
        "texture": "1f5ff",
        "size": [51, 51]
    }, {
        "loc": [0, 250],
        "texture": "1f418",
        "size": [31, 31]
    }, {
        "loc": [600, 200],
        "texture": "1f46e",
        "size": [31, 31]
    }],
    "money": 0,
    "status": "ongoing",
    "num_allowed_remaining": 1
}, {
    "formations": [{
        "loc": [100, 100],
        "texture": "1f5ff",
        "size": [51, 51]
    }, {
        "loc": [400, 400],
        "texture": "1f5ff",
        "size": [51, 51]
    }, {
        "loc": [0, 250],
        "texture": "1f418",
        "size": [31, 31]
    }, {
        "loc": [600, 200],
        "texture": "1f46e",
        "size": [31, 31]
    }],
    "money": 0,
    "status": "ongoing",
    "num_allowed_remaining": 1
}, {
    "formations": [{
        "loc": [100, 100],
        "texture": "1f5ff",
        "size": [51, 51]
    }, {
        "loc": [400, 400],
        "texture": "1f5ff",
        "size": [51, 51]
    }, {
        "loc": [0, 250],
        "texture": "1f418",
        "size": [31, 31]
    }, {
        "loc": [600, 200],
        "texture": "1f46e",
        "size": [31, 31]
    }],
    "money": 0,
    "status": "ongoing",
    "num_allowed_remaining": 1
}, {
    "formations": [{
        "loc": [100, 100],
        "texture": "1f5ff",
        "size": [51, 51]
    }, {
        "loc": [400, 400],
        "texture": "1f5ff",
        "size": [51, 51]
    }, {
        "loc": [0, 250],
        "texture": "1f418",
        "size": [31, 31]
    }, {
        "loc": [600, 200],
        "texture": "1f46e",
        "size": [31, 31]
    }],
    "money": 0,
    "status": "ongoing",
    "num_allowed_remaining": 1
}]