[{
    "formations": [{
        "loc": [230, 450],
        "texture": "1f5ff",
        "size": [51, 51]
    }, {
        "loc": [400, 300],
        "texture": "1f5ff",
        "size": [51, 51]
    }],
    "money": 150,
    "status": "ongoing",
    "num_allowed_remaining": 1
}, {
    "formations": [{
        "loc": [230, 450],
        "texture": "1f5ff",
        "size": [51, 51]
    }, {
        "loc": [400, 300],
        "texture": "1f5ff",
        "size": [51, 51]
    }, {
        "loc": [25, 0],
        "texture": "1f418",
        "size": [31, 31]
    }],
    "money": 150,
    "status": "ongoing",
    "num_allowed_remaining": 1
}, {
    "formations": [{
        "loc": [230, 450],
        "texture": "1f5ff",
        "size": [51, 51]
    }, {
        "loc": [400, 300],
        "texture": "1f5ff",
        "size": [51, 51]
    }, {
        "loc": [25, 4],
        "texture": "1f418",
        "size": [31, 31]
    }, {
        "loc": [175, 12],
        "texture": "1f477",
        "size": [31, 31]
    }],
    "money": 0,
    "status": "ongoing",
    "num_allowed_remaining": 1
}, {
    "formations": [{
        "loc": [230, 450],
        "texture": "1f5ff",
        "size": [51, 51]
    }, {
        "loc": [400, 300],
        "texture": "1f5ff",
        "size": [51, 51]
    }, {
        "loc": [25, 8],
        "texture": "1f418",
        "size": [31, 31]
    }, {
        "loc": [175, 12],
        "texture": "1f477",
        "size": [31, 31]
    }],
    "money": 0,
    "status": "ongoing",
    "num_allowed_remaining": 1
}, {
    "formations": [{
        "loc": [230, 450],
        "texture": "1f5ff",
        "size": [51, 51]
    }, {
        "loc": [400, 300],
        "texture": "1f5ff",
        "size": [51, 51]
    }, {
        "loc": [25, 12],
        "texture": "1f418",
        "size": [31, 31]
    }, {
        "loc": [175, 12],
        "texture": "1f477",
        "size": [31, 31]
    }, {
        "loc": [175, 12],
        "texture": "1f34e",
        "size": [11, 11]
    }],
    "money": 0,
    "status": "ongoing",
    "num_allowed_remaining": 1
}, {
    "formations": [{
        "loc": [230, 450],
        "texture": "1f5ff",
        "size": [51, 51]
    }, {
        "loc": [400, 300],
        "texture": "1f5ff",
        "size": [51, 51]
    }, {
        "loc": [25, 16],
        "texture": "1f418",
        "size": [31, 31]
    }, {
        "loc": [175, 12],
        "texture": "1f477",
        "size": [31, 31]
    }, {
        "loc": [172.0, 16.0],
        "texture": "1f34e",
        "size": [11, 11]
    }],
    "money": 0,
    "status": "ongoing",
    "num_allowed_remaining": 1
}, {
    "formations": [{
        "loc": [230, 450],
        "texture": "1f5ff",
        "size": [51, 51]
    }, {
        "loc": [400, 300],
        "texture": "1f5ff",
        "size": [51, 51]
    }, {
        "loc": [25, 20],
        "texture": "1f418",
        "size": [31, 31]
    }, {
        "loc": [175, 12],
        "texture": "1f477",
        "size": [31, 31]
    }, {
        "loc": [169.0, 20.0],
        "texture": "1f34e",
        "size": [11, 11]
    }],
    "money": 0,
    "status": "ongoing",
    "num_allowed_remaining": 1
}, {
    "formations": [{
        "loc": [230, 450],
        "texture": "1f5ff",
        "size": [51, 51]
    }, {
        "loc": [400, 300],
        "texture": "1f5ff",
        "size": [51, 51]
    }, {
        "loc": [25, 24],
        "texture": "1f418",
        "size": [31, 31]
    }, {
        "loc": [175, 12],
        "texture": "1f477",
        "size": [31, 31]
    }, {
        "loc": [166.0, 24.0],
        "texture": "1f34e",
        "size": [11, 11]
    }],
    "money": 0,
    "status": "ongoing",
    "num_allowed_remaining": 1
}, {
    "formations": [{
        "loc": [230, 450],
        "texture": "1f5ff",
        "size": [51, 51]
    }, {
        "loc": [400, 300],
        "texture": "1f5ff",
        "size": [51, 51]
    }, {
        "loc": [25, 28],
        "texture": "1f418",
        "size": [31, 31]
    }, {
        "loc": [175, 12],
        "texture": "1f477",
        "size": [31, 31]
    }, {
        "loc": [163.0, 28.0],
        "texture": "1f34e",
        "size": [11, 11]
    }],
    "money": 0,
    "status": "ongoing",
    "num_allowed_remaining": 1
}, {
    "formations": [{
        "loc": [230, 450],
        "texture": "1f5ff",
        "size": [51, 51]
    }, {
        "loc": [400, 300],
        "texture": "1f5ff",
        "size": [51, 51]
    }, {
        "loc": [25, 32],
        "texture": "1f418",
        "size": [31, 31]
    }, {
        "loc": [175, 12],
        "texture": "1f477",
        "size": [31, 31]
    }, {
        "loc": [160.0, 32.0],
        "texture": "1f34e",
        "size": [11, 11]
    }],
    "money": 0,
    "status": "ongoing",
    "num_allowed_remaining": 1
}, {
    "formations": [{
        "loc": [230, 450],
        "texture": "1f5ff",
        "size": [51, 51]
    }, {
        "loc": [400, 300],
        "texture": "1f5ff",
        "size": [51, 51]
    }, {
        "loc": [25, 36],
        "texture": "1f418",
        "size": [31, 31]
    }, {
        "loc": [175, 12],
        "texture": "1f477",
        "size": [31, 31]
    }, {
        "loc": [157.0, 36.0],
        "texture": "1f34e",
        "size": [11, 11]
    }],
    "money": 0,
    "status": "ongoing",
    "num_allowed_remaining": 1
}, {
    "formations": [{
        "loc": [230, 450],
        "texture": "1f5ff",
        "size": [51, 51]
    }, {
        "loc": [400, 300],
        "texture": "1f5ff",
        "size": [51, 51]
    }, {
        "loc": [25, 40],
        "texture": "1f418",
        "size": [31, 31]
    }, {
        "loc": [175, 12],
        "texture": "1f477",
        "size": [31, 31]
    }, {
        "loc": [154.0, 40.0],
        "texture": "1f34e",
        "size": [11, 11]
    }],
    "money": 0,
    "status": "ongoing",
    "num_allowed_remaining": 1
}, {
    "formations": [{
        "loc": [230, 450],
        "texture": "1f5ff",
        "size": [51, 51]
    }, {
        "loc": [400, 300],
        "texture": "1f5ff",
        "size": [51, 51]
    }, {
        "loc": [25, 44],
        "texture": "1f418",
        "size": [31, 31]
    }, {
        "loc": [175, 12],
        "texture": "1f477",
        "size": [31, 31]
    }, {
        "loc": [151.0, 44.0],
        "texture": "1f34e",
        "size": [11, 11]
    }],
    "money": 0,
    "status": "ongoing",
    "num_allowed_remaining": 1
}, {
    "formations": [{
        "loc": [230, 450],
        "texture": "1f5ff",
        "size": [51, 51]
    }, {
        "loc": [400, 300],
        "texture": "1f5ff",
        "size": [51, 51]
    }, {
        "loc": [25, 48],
        "texture": "1f418",
        "size": [31, 31]
    }, {
        "loc": [175, 12],
        "texture": "1f477",
        "size": [31, 31]
    }, {
        "loc": [148.0, 48.0],
        "texture": "1f34e",
        "size": [11, 11]
    }],
    "money": 0,
    "status": "ongoing",
    "num_allowed_remaining": 1
}, {
    "formations": [{
        "loc": [230, 450],
        "texture": "1f5ff",
        "size": [51, 51]
    }, {
        "loc": [400, 300],
        "texture": "1f5ff",
        "size": [51, 51]
    }, {
        "loc": [25, 52],
        "texture": "1f418",
        "size": [31, 31]
    }, {
        "loc": [175, 12],
        "texture": "1f477",
        "size": [31, 31]
    }, {
        "loc": [145.0, 52.0],
        "texture": "1f34e",
        "size": [11, 11]
    }],
    "money": 0,
    "status": "ongoing",
    "num_allowed_remaining": 1
}, {
    "formations": [{
        "loc": [230, 450],
        "texture": "1f5ff",
        "size": [51, 51]
    }, {
        "loc": [400, 300],
        "texture": "1f5ff",
        "size": [51, 51]
    }, {
        "loc": [25, 56],
        "texture": "1f418",
        "size": [31, 31]
    }, {
        "loc": [175, 12],
        "texture": "1f477",
        "size": [31, 31]
    }, {
        "loc": [142.0, 56.0],
        "texture": "1f34e",
        "size": [11, 11]
    }],
    "money": 0,
    "status": "ongoing",
    "num_allowed_remaining": 1
}, {
    "formations": [{
        "loc": [230, 450],
        "texture": "1f5ff",
        "size": [51, 51]
    }, {
        "loc": [400, 300],
        "texture": "1f5ff",
        "size": [51, 51]
    }, {
        "loc": [25, 60],
        "texture": "1f418",
        "size": [31, 31]
    }, {
        "loc": [175, 12],
        "texture": "1f477",
        "size": [31, 31]
    }, {
        "loc": [139.0, 60.0],
        "texture": "1f34e",
        "size": [11, 11]
    }],
    "money": 0,
    "status": "ongoing",
    "num_allowed_remaining": 1
}, {
    "formations": [{
        "loc": [230, 450],
        "texture": "1f5ff",
        "size": [51, 51]
    }, {
        "loc": [400, 300],
        "texture": "1f5ff",
        "size": [51, 51]
    }, {
        "loc": [25, 64],
        "texture": "1f418",
        "size": [31, 31]
    }, {
        "loc": [175, 12],
        "texture": "1f477",
        "size": [31, 31]
    }, {
        "loc": [136.0, 64.0],
        "texture": "1f34e",
        "size": [11, 11]
    }],
    "money": 0,
    "status": "ongoing",
    "num_allowed_remaining": 1
}, {
    "formations": [{
        "loc": [230, 450],
        "texture": "1f5ff",
        "size": [51, 51]
    }, {
        "loc": [400, 300],
        "texture": "1f5ff",
        "size": [51, 51]
    }, {
        "loc": [25, 68],
        "texture": "1f418",
        "size": [31, 31]
    }, {
        "loc": [175, 12],
        "texture": "1f477",
        "size": [31, 31]
    }, {
        "loc": [133.0, 68.0],
        "texture": "1f34e",
        "size": [11, 11]
    }],
    "money": 0,
    "status": "ongoing",
    "num_allowed_remaining": 1
}, {
    "formations": [{
        "loc": [230, 450],
        "texture": "1f5ff",
        "size": [51, 51]
    }, {
        "loc": [400, 300],
        "texture": "1f5ff",
        "size": [51, 51]
    }, {
        "loc": [25, 72],
        "texture": "1f418",
        "size": [31, 31]
    }, {
        "loc": [175, 12],
        "texture": "1f477",
        "size": [31, 31]
    }, {
        "loc": [130.0, 72.0],
        "texture": "1f34e",
        "size": [11, 11]
    }],
    "money": 0,
    "status": "ongoing",
    "num_allowed_remaining": 1
}, {
    "formations": [{
        "loc": [230, 450],
        "texture": "1f5ff",
        "size": [51, 51]
    }, {
        "loc": [400, 300],
        "texture": "1f5ff",
        "size": [51, 51]
    }, {
        "loc": [25, 76],
        "texture": "1f418",
        "size": [31, 31]
    }, {
        "loc": [175, 12],
        "texture": "1f477",
        "size": [31, 31]
    }, {
        "loc": [127.0, 76.0],
        "texture": "1f34e",
        "size": [11, 11]
    }],
    "money": 0,
    "status": "ongoing",
    "num_allowed_remaining": 1
}, {
    "formations": [{
        "loc": [230, 450],
        "texture": "1f5ff",
        "size": [51, 51]
    }, {
        "loc": [400, 300],
        "texture": "1f5ff",
        "size": [51, 51]
    }, {
        "loc": [25, 80],
        "texture": "1f418",
        "size": [31, 31]
    }, {
        "loc": [175, 12],
        "texture": "1f477",
        "size": [31, 31]
    }, {
        "loc": [124.0, 80.0],
        "texture": "1f34e",
        "size": [11, 11]
    }],
    "money": 0,
    "status": "ongoing",
    "num_allowed_remaining": 1
}, {
    "formations": [{
        "loc": [230, 450],
        "texture": "1f5ff",
        "size": [51, 51]
    }, {
        "loc": [400, 300],
        "texture": "1f5ff",
        "size": [51, 51]
    }, {
        "loc": [25, 84],
        "texture": "1f418",
        "size": [31, 31]
    }, {
        "loc": [175, 12],
        "texture": "1f477",
        "size": [31, 31]
    }, {
        "loc": [121.0, 84.0],
        "texture": "1f34e",
        "size": [11, 11]
    }],
    "money": 0,
    "status": "ongoing",
    "num_allowed_remaining": 1
}, {
    "formations": [{
        "loc": [230, 450],
        "texture": "1f5ff",
        "size": [51, 51]
    }, {
        "loc": [400, 300],
        "texture": "1f5ff",
        "size": [51, 51]
    }, {
        "loc": [25, 88],
        "texture": "1f418",
        "size": [31, 31]
    }, {
        "loc": [175, 12],
        "texture": "1f477",
        "size": [31, 31]
    }, {
        "loc": [118.0, 88.0],
        "texture": "1f34e",
        "size": [11, 11]
    }],
    "money": 0,
    "status": "ongoing",
    "num_allowed_remaining": 1
}, {
    "formations": [{
        "loc": [230, 450],
        "texture": "1f5ff",
        "size": [51, 51]
    }, {
        "loc": [400, 300],
        "texture": "1f5ff",
        "size": [51, 51]
    }, {
        "loc": [25, 92],
        "texture": "1f418",
        "size": [31, 31]
    }, {
        "loc": [175, 12],
        "texture": "1f477",
        "size": [31, 31]
    }, {
        "loc": [115.0, 92.0],
        "texture": "1f34e",
        "size": [11, 11]
    }],
    "money": 0,
    "status": "ongoing",
    "num_allowed_remaining": 1
}, {
    "formations": [{
        "loc": [230, 450],
        "texture": "1f5ff",
        "size": [51, 51]
    }, {
        "loc": [400, 300],
        "texture": "1f5ff",
        "size": [51, 51]
    }, {
        "loc": [25, 96],
        "texture": "1f418",
        "size": [31, 31]
    }, {
        "loc": [175, 12],
        "texture": "1f477",
        "size": [31, 31]
    }, {
        "loc": [112.0, 96.0],
        "texture": "1f34e",
        "size": [11, 11]
    }],
    "money": 0,
    "status": "ongoing",
    "num_allowed_remaining": 1
}, {
    "formations": [{
        "loc": [230, 450],
        "texture": "1f5ff",
        "size": [51, 51]
    }, {
        "loc": [400, 300],
        "texture": "1f5ff",
        "size": [51, 51]
    }, {
        "loc": [25, 100],
        "texture": "1f418",
        "size": [31, 31]
    }, {
        "loc": [175, 12],
        "texture": "1f477",
        "size": [31, 31]
    }, {
        "loc": [109.0, 100.0],
        "texture": "1f34e",
        "size": [11, 11]
    }],
    "money": 0,
    "status": "ongoing",
    "num_allowed_remaining": 1
}, {
    "formations": [{
        "loc": [230, 450],
        "texture": "1f5ff",
        "size": [51, 51]
    }, {
        "loc": [400, 300],
        "texture": "1f5ff",
        "size": [51, 51]
    }, {
        "loc": [25, 104],
        "texture": "1f418",
        "size": [31, 31]
    }, {
        "loc": [175, 12],
        "texture": "1f477",
        "size": [31, 31]
    }, {
        "loc": [106.0, 104.0],
        "texture": "1f34e",
        "size": [11, 11]
    }],
    "money": 0,
    "status": "ongoing",
    "num_allowed_remaining": 1
}, {
    "formations": [{
        "loc": [230, 450],
        "texture": "1f5ff",
        "size": [51, 51]
    }, {
        "loc": [400, 300],
        "texture": "1f5ff",
        "size": [51, 51]
    }, {
        "loc": [25, 108],
        "texture": "1f418",
        "size": [31, 31]
    }, {
        "loc": [175, 12],
        "texture": "1f477",
        "size": [31, 31]
    }, {
        "loc": [103.0, 108.0],
        "texture": "1f34e",
        "size": [11, 11]
    }],
    "money": 0,
    "status": "ongoing",
    "num_allowed_remaining": 1
}, {
    "formations": [{
        "loc": [230, 450],
        "texture": "1f5ff",
        "size": [51, 51]
    }, {
        "loc": [400, 300],
        "texture": "1f5ff",
        "size": [51, 51]
    }, {
        "loc": [25, 112],
        "texture": "1f418",
        "size": [31, 31]
    }, {
        "loc": [175, 12],
        "texture": "1f477",
        "size": [31, 31]
    }, {
        "loc": [100.0, 112.0],
        "texture": "1f34e",
        "size": [11, 11]
    }],
    "money": 0,
    "status": "ongoing",
    "num_allowed_remaining": 1
}, {
    "formations": [{
        "loc": [230, 450],
        "texture": "1f5ff",
        "size": [51, 51]
    }, {
        "loc": [400, 300],
        "texture": "1f5ff",
        "size": [51, 51]
    }, {
        "loc": [25, 116],
        "texture": "1f418",
        "size": [31, 31]
    }, {
        "loc": [175, 12],
        "texture": "1f477",
        "size": [31, 31]
    }, {
        "loc": [97.0, 116.0],
        "texture": "1f34e",
        "size": [11, 11]
    }],
    "money": 0,
    "status": "ongoing",
    "num_allowed_remaining": 1
}, {
    "formations": [{
        "loc": [230, 450],
        "texture": "1f5ff",
        "size": [51, 51]
    }, {
        "loc": [400, 300],
        "texture": "1f5ff",
        "size": [51, 51]
    }, {
        "loc": [25, 120],
        "texture": "1f418",
        "size": [31, 31]
    }, {
        "loc": [175, 12],
        "texture": "1f477",
        "size": [31, 31]
    }, {
        "loc": [94.0, 120.0],
        "texture": "1f34e",
        "size": [11, 11]
    }],
    "money": 0,
    "status": "ongoing",
    "num_allowed_remaining": 1
}, {
    "formations": [{
        "loc": [230, 450],
        "texture": "1f5ff",
        "size": [51, 51]
    }, {
        "loc": [400, 300],
        "texture": "1f5ff",
        "size": [51, 51]
    }, {
        "loc": [25, 124],
        "texture": "1f418",
        "size": [31, 31]
    }, {
        "loc": [175, 12],
        "texture": "1f477",
        "size": [31, 31]
    }, {
        "loc": [91.0, 124.0],
        "texture": "1f34e",
        "size": [11, 11]
    }],
    "money": 0,
    "status": "ongoing",
    "num_allowed_remaining": 1
}, {
    "formations": [{
        "loc": [230, 450],
        "texture": "1f5ff",
        "size": [51, 51]
    }, {
        "loc": [400, 300],
        "texture": "1f5ff",
        "size": [51, 51]
    }, {
        "loc": [25, 128],
        "texture": "1f418",
        "size": [31, 31]
    }, {
        "loc": [175, 12],
        "texture": "1f477",
        "size": [31, 31]
    }, {
        "loc": [88.0, 128.0],
        "texture": "1f34e",
        "size": [11, 11]
    }],
    "money": 0,
    "status": "ongoing",
    "num_allowed_remaining": 1
}, {
    "formations": [{
        "loc": [230, 450],
        "texture": "1f5ff",
        "size": [51, 51]
    }, {
        "loc": [400, 300],
        "texture": "1f5ff",
        "size": [51, 51]
    }, {
        "loc": [25, 132],
        "texture": "1f418",
        "size": [31, 31]
    }, {
        "loc": [175, 12],
        "texture": "1f477",
        "size": [31, 31]
    }, {
        "loc": [85.0, 132.0],
        "texture": "1f34e",
        "size": [11, 11]
    }],
    "money": 0,
    "status": "ongoing",
    "num_allowed_remaining": 1
}, {
    "formations": [{
        "loc": [230, 450],
        "texture": "1f5ff",
        "size": [51, 51]
    }, {
        "loc": [400, 300],
        "texture": "1f5ff",
        "size": [51, 51]
    }, {
        "loc": [25, 136],
        "texture": "1f418",
        "size": [31, 31]
    }, {
        "loc": [175, 12],
        "texture": "1f477",
        "size": [31, 31]
    }, {
        "loc": [82.0, 136.0],
        "texture": "1f34e",
        "size": [11, 11]
    }],
    "money": 0,
    "status": "ongoing",
    "num_allowed_remaining": 1
}, {
    "formations": [{
        "loc": [230, 450],
        "texture": "1f5ff",
        "size": [51, 51]
    }, {
        "loc": [400, 300],
        "texture": "1f5ff",
        "size": [51, 51]
    }, {
        "loc": [25, 140],
        "texture": "1f418",
        "size": [31, 31]
    }, {
        "loc": [175, 12],
        "texture": "1f477",
        "size": [31, 31]
    }, {
        "loc": [79.0, 140.0],
        "texture": "1f34e",
        "size": [11, 11]
    }],
    "money": 0,
    "status": "ongoing",
    "num_allowed_remaining": 1
}, {
    "formations": [{
        "loc": [230, 450],
        "texture": "1f5ff",
        "size": [51, 51]
    }, {
        "loc": [400, 300],
        "texture": "1f5ff",
        "size": [51, 51]
    }, {
        "loc": [25, 144],
        "texture": "1f418",
        "size": [31, 31]
    }, {
        "loc": [175, 12],
        "texture": "1f477",
        "size": [31, 31]
    }, {
        "loc": [76.0, 144.0],
        "texture": "1f34e",
        "size": [11, 11]
    }],
    "money": 0,
    "status": "ongoing",
    "num_allowed_remaining": 1
}, {
    "formations": [{
        "loc": [230, 450],
        "texture": "1f5ff",
        "size": [51, 51]
    }, {
        "loc": [400, 300],
        "texture": "1f5ff",
        "size": [51, 51]
    }, {
        "loc": [25, 148],
        "texture": "1f418",
        "size": [31, 31]
    }, {
        "loc": [175, 12],
        "texture": "1f477",
        "size": [31, 31]
    }, {
        "loc": [73.0, 148.0],
        "texture": "1f34e",
        "size": [11, 11]
    }],
    "money": 0,
    "status": "ongoing",
    "num_allowed_remaining": 1
}, {
    "formations": [{
        "loc": [230, 450],
        "texture": "1f5ff",
        "size": [51, 51]
    }, {
        "loc": [400, 300],
        "texture": "1f5ff",
        "size": [51, 51]
    }, {
        "loc": [25, 152],
        "texture": "1f418",
        "size": [31, 31]
    }, {
        "loc": [175, 12],
        "texture": "1f477",
        "size": [31, 31]
    }, {
        "loc": [70.0, 152.0],
        "texture": "1f34e",
        "size": [11, 11]
    }],
    "money": 0,
    "status": "ongoing",
    "num_allowed_remaining": 1
}, {
    "formations": [{
        "loc": [230, 450],
        "texture": "1f5ff",
        "size": [51, 51]
    }, {
        "loc": [400, 300],
        "texture": "1f5ff",
        "size": [51, 51]
    }, {
        "loc": [25, 156],
        "texture": "1f418",
        "size": [31, 31]
    }, {
        "loc": [175, 12],
        "texture": "1f477",
        "size": [31, 31]
    }, {
        "loc": [67.0, 156.0],
        "texture": "1f34e",
        "size": [11, 11]
    }],
    "money": 0,
    "status": "ongoing",
    "num_allowed_remaining": 1
}, {
    "formations": [{
        "loc": [230, 450],
        "texture": "1f5ff",
        "size": [51, 51]
    }, {
        "loc": [400, 300],
        "texture": "1f5ff",
        "size": [51, 51]
    }, {
        "loc": [25, 160],
        "texture": "1f418",
        "size": [31, 31]
    }, {
        "loc": [175, 12],
        "texture": "1f477",
        "size": [31, 31]
    }, {
        "loc": [64.0, 160.0],
        "texture": "1f34e",
        "size": [11, 11]
    }],
    "money": 0,
    "status": "ongoing",
    "num_allowed_remaining": 1
}, {
    "formations": [{
        "loc": [230, 450],
        "texture": "1f5ff",
        "size": [51, 51]
    }, {
        "loc": [400, 300],
        "texture": "1f5ff",
        "size": [51, 51]
    }, {
        "loc": [25, 164],
        "texture": "1f418",
        "size": [31, 31]
    }, {
        "loc": [175, 12],
        "texture": "1f477",
        "size": [31, 31]
    }, {
        "loc": [61.0, 164.0],
        "texture": "1f34e",
        "size": [11, 11]
    }],
    "money": 0,
    "status": "ongoing",
    "num_allowed_remaining": 1
}, {
    "formations": [{
        "loc": [230, 450],
        "texture": "1f5ff",
        "size": [51, 51]
    }, {
        "loc": [400, 300],
        "texture": "1f5ff",
        "size": [51, 51]
    }, {
        "loc": [25, 168],
        "texture": "1f418",
        "size": [31, 31]
    }, {
        "loc": [175, 12],
        "texture": "1f477",
        "size": [31, 31]
    }, {
        "loc": [58.0, 168.0],
        "texture": "1f34e",
        "size": [11, 11]
    }],
    "money": 0,
    "status": "ongoing",
    "num_allowed_remaining": 1
}, {
    "formations": [{
        "loc": [230, 450],
        "texture": "1f5ff",
        "size": [51, 51]
    }, {
        "loc": [400, 300],
        "texture": "1f5ff",
        "size": [51, 51]
    }, {
        "loc": [25, 172],
        "texture": "1f418",
        "size": [31, 31]
    }, {
        "loc": [175, 12],
        "texture": "1f477",
        "size": [31, 31]
    }, {
        "loc": [55.0, 172.0],
        "texture": "1f34e",
        "size": [11, 11]
    }],
    "money": 0,
    "status": "ongoing",
    "num_allowed_remaining": 1
}, {
    "formations": [{
        "loc": [230, 450],
        "texture": "1f5ff",
        "size": [51, 51]
    }, {
        "loc": [400, 300],
        "texture": "1f5ff",
        "size": [51, 51]
    }, {
        "loc": [25, 176],
        "texture": "1f418",
        "size": [31, 31]
    }, {
        "loc": [175, 12],
        "texture": "1f477",
        "size": [31, 31]
    }, {
        "loc": [52.0, 176.0],
        "texture": "1f34e",
        "size": [11, 11]
    }],
    "money": 0,
    "status": "ongoing",
    "num_allowed_remaining": 1
}, {
    "formations": [{
        "loc": [230, 450],
        "texture": "1f5ff",
        "size": [51, 51]
    }, {
        "loc": [400, 300],
        "texture": "1f5ff",
        "size": [51, 51]
    }, {
        "loc": [25, 180],
        "texture": "1f418",
        "size": [31, 31]
    }, {
        "loc": [175, 12],
        "texture": "1f477",
        "size": [31, 31]
    }, {
        "loc": [49.0, 180.0],
        "texture": "1f34e",
        "size": [11, 11]
    }],
    "money": 0,
    "status": "ongoing",
    "num_allowed_remaining": 1
}, {
    "formations": [{
        "loc": [230, 450],
        "texture": "1f5ff",
        "size": [51, 51]
    }, {
        "loc": [400, 300],
        "texture": "1f5ff",
        "size": [51, 51]
    }, {
        "loc": [25, 184],
        "texture": "1f418",
        "size": [31, 31]
    }, {
        "loc": [175, 12],
        "texture": "1f477",
        "size": [31, 31]
    }, {
        "loc": [46.0, 184.0],
        "texture": "1f34e",
        "size": [11, 11]
    }],
    "money": 0,
    "status": "ongoing",
    "num_allowed_remaining": 1
}, {
    "formations": [{
        "loc": [230, 450],
        "texture": "1f5ff",
        "size": [51, 51]
    }, {
        "loc": [400, 300],
        "texture": "1f5ff",
        "size": [51, 51]
    }, {
        "loc": [175, 12],
        "texture": "1f477",
        "size": [31, 31]
    }],
    "money": 1,
    "status": "ongoing",
    "num_allowed_remaining": 1
}, {
    "formations": [{
        "loc": [230, 450],
        "texture": "1f5ff",
        "size": [51, 51]
    }, {
        "loc": [400, 300],
        "texture": "1f5ff",
        "size": [51, 51]
    }, {
        "loc": [175, 12],
        "texture": "1f477",
        "size": [31, 31]
    }],
    "money": 1,
    "status": "ongoing",
    "num_allowed_remaining": 1
}, {
    "formations": [{
        "loc": [230, 450],
        "texture": "1f5ff",
        "size": [51, 51]
    }, {
        "loc": [400, 300],
        "texture": "1f5ff",
        "size": [51, 51]
    }, {
        "loc": [175, 12],
        "texture": "1f477",
        "size": [31, 31]
    }],
    "money": 1,
    "status": "ongoing",
    "num_allowed_remaining": 1
}, {
    "formations": [{
        "loc": [230, 450],
        "texture": "1f5ff",
        "size": [51, 51]
    }, {
        "loc": [400, 300],
        "texture": "1f5ff",
        "size": [51, 51]
    }, {
        "loc": [175, 12],
        "texture": "1f477",
        "size": [31, 31]
    }],
    "money": 1,
    "status": "ongoing",
    "num_allowed_remaining": 1
}, {
    "formations": [{
        "loc": [230, 450],
        "texture": "1f5ff",
        "size": [51, 51]
    }, {
        "loc": [400, 300],
        "texture": "1f5ff",
        "size": [51, 51]
    }, {
        "loc": [175, 12],
        "texture": "1f477",
        "size": [31, 31]
    }],
    "money": 1,
    "status": "ongoing",
    "num_allowed_remaining": 1
}, {
    "formations": [{
        "loc": [230, 450],
        "texture": "1f5ff",
        "size": [51, 51]
    }, {
        "loc": [400, 300],
        "texture": "1f5ff",
        "size": [51, 51]
    }, {
        "loc": [175, 12],
        "texture": "1f477",
        "size": [31, 31]
    }],
    "money": 1,
    "status": "ongoing",
    "num_allowed_remaining": 1
}]