[{
    "formations": [{
        "loc": [120, 33],
        "texture": "1f5ff",
        "size": [51, 51]
    }, {
        "loc": [88, 342],
        "texture": "1f5ff",
        "size": [51, 51]
    }, {
        "loc": [99, 457],
        "texture": "1f5ff",
        "size": [51, 51]
    }, {
        "loc": [0, 10],
        "texture": "1f5ff",
        "size": [51, 51]
    }],
    "money": 100,
    "status": "ongoing",
    "num_allowed_remaining": 1
}, {
    "formations": [{
        "loc": [120, 33],
        "texture": "1f5ff",
        "size": [51, 51]
    }, {
        "loc": [88, 342],
        "texture": "1f5ff",
        "size": [51, 51]
    }, {
        "loc": [99, 457],
        "texture": "1f5ff",
        "size": [51, 51]
    }, {
        "loc": [0, 10],
        "texture": "1f5ff",
        "size": [51, 51]
    }, {
        "loc": [63, 0],
        "texture": "1f418",
        "size": [31, 31]
    }],
    "money": 100,
    "status": "ongoing",
    "num_allowed_remaining": 1
}, {
    "formations": [{
        "loc": [120, 33],
        "texture": "1f5ff",
        "size": [51, 51]
    }, {
        "loc": [88, 342],
        "texture": "1f5ff",
        "size": [51, 51]
    }, {
        "loc": [99, 457],
        "texture": "1f5ff",
        "size": [51, 51]
    }, {
        "loc": [0, 10],
        "texture": "1f5ff",
        "size": [51, 51]
    }, {
        "loc": [63, 25],
        "texture": "1f418",
        "size": [31, 31]
    }, {
        "loc": [163, 219],
        "texture": "1f46e",
        "size": [31, 31]
    }],
    "money": 0,
    "status": "ongoing",
    "num_allowed_remaining": 1
}, {
    "formations": [{
        "loc": [120, 33],
        "texture": "1f5ff",
        "size": [51, 51]
    }, {
        "loc": [88, 342],
        "texture": "1f5ff",
        "size": [51, 51]
    }, {
        "loc": [99, 457],
        "texture": "1f5ff",
        "size": [51, 51]
    }, {
        "loc": [0, 10],
        "texture": "1f5ff",
        "size": [51, 51]
    }, {
        "loc": [63, 50],
        "texture": "1f418",
        "size": [31, 31]
    }, {
        "loc": [163, 219],
        "texture": "1f46e",
        "size": [31, 31]
    }],
    "money": 0,
    "status": "ongoing",
    "num_allowed_remaining": 1
}, {
    "formations": [{
        "loc": [120, 33],
        "texture": "1f5ff",
        "size": [51, 51]
    }, {
        "loc": [88, 342],
        "texture": "1f5ff",
        "size": [51, 51]
    }, {
        "loc": [99, 457],
        "texture": "1f5ff",
        "size": [51, 51]
    }, {
        "loc": [0, 10],
        "texture": "1f5ff",
        "size": [51, 51]
    }, {
        "loc": [63, 75],
        "texture": "1f418",
        "size": [31, 31]
    }, {
        "loc": [163, 219],
        "texture": "1f46e",
        "size": [31, 31]
    }],
    "money": 0,
    "status": "ongoing",
    "num_allowed_remaining": 1
}, {
    "formations": [{
        "loc": [120, 33],
        "texture": "1f5ff",
        "size": [51, 51]
    }, {
        "loc": [88, 342],
        "texture": "1f5ff",
        "size": [51, 51]
    }, {
        "loc": [99, 457],
        "texture": "1f5ff",
        "size": [51, 51]
    }, {
        "loc": [0, 10],
        "texture": "1f5ff",
        "size": [51, 51]
    }, {
        "loc": [63, 100],
        "texture": "1f418",
        "size": [31, 31]
    }, {
        "loc": [163, 219],
        "texture": "1f46e",
        "size": [31, 31]
    }],
    "money": 0,
    "status": "ongoing",
    "num_allowed_remaining": 1
}, {
    "formations": [{
        "loc": [120, 33],
        "texture": "1f5ff",
        "size": [51, 51]
    }, {
        "loc": [88, 342],
        "texture": "1f5ff",
        "size": [51, 51]
    }, {
        "loc": [99, 457],
        "texture": "1f5ff",
        "size": [51, 51]
    }, {
        "loc": [0, 10],
        "texture": "1f5ff",
        "size": [51, 51]
    }, {
        "loc": [63, 125],
        "texture": "1f418",
        "size": [31, 31]
    }, {
        "loc": [163, 219],
        "texture": "1f46e",
        "size": [31, 31]
    }],
    "money": 0,
    "status": "ongoing",
    "num_allowed_remaining": 1
}, {
    "formations": [{
        "loc": [120, 33],
        "texture": "1f5ff",
        "size": [51, 51]
    }, {
        "loc": [88, 342],
        "texture": "1f5ff",
        "size": [51, 51]
    }, {
        "loc": [99, 457],
        "texture": "1f5ff",
        "size": [51, 51]
    }, {
        "loc": [0, 10],
        "texture": "1f5ff",
        "size": [51, 51]
    }, {
        "loc": [63, 150],
        "texture": "1f418",
        "size": [31, 31]
    }, {
        "loc": [163, 219],
        "texture": "1f46e",
        "size": [31, 31]
    }],
    "money": 0,
    "status": "ongoing",
    "num_allowed_remaining": 1
}, {
    "formations": [{
        "loc": [120, 33],
        "texture": "1f5ff",
        "size": [51, 51]
    }, {
        "loc": [88, 342],
        "texture": "1f5ff",
        "size": [51, 51]
    }, {
        "loc": [99, 457],
        "texture": "1f5ff",
        "size": [51, 51]
    }, {
        "loc": [0, 10],
        "texture": "1f5ff",
        "size": [51, 51]
    }, {
        "loc": [63, 175],
        "texture": "1f418",
        "size": [31, 31]
    }, {
        "loc": [163, 219],
        "texture": "1f46e",
        "size": [31, 31]
    }],
    "money": 0,
    "status": "ongoing",
    "num_allowed_remaining": 1
}, {
    "formations": [{
        "loc": [120, 33],
        "texture": "1f5ff",
        "size": [51, 51]
    }, {
        "loc": [88, 342],
        "texture": "1f5ff",
        "size": [51, 51]
    }, {
        "loc": [99, 457],
        "texture": "1f5ff",
        "size": [51, 51]
    }, {
        "loc": [0, 10],
        "texture": "1f5ff",
        "size": [51, 51]
    }, {
        "loc": [63, 200],
        "texture": "1f418",
        "size": [31, 31]
    }, {
        "loc": [163, 219],
        "texture": "1f46e",
        "size": [31, 31]
    }],
    "money": 0,
    "status": "ongoing",
    "num_allowed_remaining": 1
}, {
    "formations": [{
        "loc": [120, 33],
        "texture": "1f5ff",
        "size": [51, 51]
    }, {
        "loc": [88, 342],
        "texture": "1f5ff",
        "size": [51, 51]
    }, {
        "loc": [99, 457],
        "texture": "1f5ff",
        "size": [51, 51]
    }, {
        "loc": [0, 10],
        "texture": "1f5ff",
        "size": [51, 51]
    }, {
        "loc": [63, 225],
        "texture": "1f418",
        "size": [31, 31]
    }, {
        "loc": [163, 219],
        "texture": "1f46e",
        "size": [31, 31]
    }],
    "money": 0,
    "status": "ongoing",
    "num_allowed_remaining": 1
}, {
    "formations": [{
        "loc": [120, 33],
        "texture": "1f5ff",
        "size": [51, 51]
    }, {
        "loc": [88, 342],
        "texture": "1f5ff",
        "size": [51, 51]
    }, {
        "loc": [99, 457],
        "texture": "1f5ff",
        "size": [51, 51]
    }, {
        "loc": [0, 10],
        "texture": "1f5ff",
        "size": [51, 51]
    }, {
        "loc": [63, 250],
        "texture": "1f418",
        "size": [31, 31]
    }, {
        "loc": [163, 219],
        "texture": "1f46e",
        "size": [31, 31]
    }],
    "money": 0,
    "status": "ongoing",
    "num_allowed_remaining": 1
}, {
    "formations": [{
        "loc": [120, 33],
        "texture": "1f5ff",
        "size": [51, 51]
    }, {
        "loc": [88, 342],
        "texture": "1f5ff",
        "size": [51, 51]
    }, {
        "loc": [99, 457],
        "texture": "1f5ff",
        "size": [51, 51]
    }, {
        "loc": [0, 10],
        "texture": "1f5ff",
        "size": [51, 51]
    }, {
        "loc": [88, 250],
        "texture": "1f418",
        "size": [31, 31]
    }, {
        "loc": [163, 219],
        "texture": "1f46e",
        "size": [31, 31]
    }, {
        "loc": [163, 219],
        "texture": "1f34e",
        "size": [11, 11]
    }],
    "money": 0,
    "status": "ongoing",
    "num_allowed_remaining": 1
}, {
    "formations": [{
        "loc": [120, 33],
        "texture": "1f5ff",
        "size": [51, 51]
    }, {
        "loc": [88, 342],
        "texture": "1f5ff",
        "size": [51, 51]
    }, {
        "loc": [99, 457],
        "texture": "1f5ff",
        "size": [51, 51]
    }, {
        "loc": [0, 10],
        "texture": "1f5ff",
        "size": [51, 51]
    }, {
        "loc": [113, 250],
        "texture": "1f418",
        "size": [31, 31]
    }, {
        "loc": [163, 219],
        "texture": "1f46e",
        "size": [31, 31]
    }, {
        "loc": [177.3397514483366, 223.40130985047955],
        "texture": "1f34e",
        "size": [11, 11]
    }, {
        "loc": [163, 219],
        "texture": "1f34e",
        "size": [11, 11]
    }],
    "money": 0,
    "status": "ongoing",
    "num_allowed_remaining": 1
}, {
    "formations": [{
        "loc": [120, 33],
        "texture": "1f5ff",
        "size": [51, 51]
    }, {
        "loc": [88, 342],
        "texture": "1f5ff",
        "size": [51, 51]
    }, {
        "loc": [99, 457],
        "texture": "1f5ff",
        "size": [51, 51]
    }, {
        "loc": [0, 10],
        "texture": "1f5ff",
        "size": [51, 51]
    }, {
        "loc": [138, 250],
        "texture": "1f418",
        "size": [31, 31]
    }, {
        "loc": [163, 219],
        "texture": "1f46e",
        "size": [31, 31]
    }, {
        "loc": [191.67950289667323, 227.8026197009591],
        "texture": "1f34e",
        "size": [11, 11]
    }, {
        "loc": [176.00879645252212, 226.46801277829974],
        "texture": "1f34e",
        "size": [11, 11]
    }, {
        "loc": [163, 219],
        "texture": "1f34e",
        "size": [11, 11]
    }],
    "money": 0,
    "status": "ongoing",
    "num_allowed_remaining": 1
}, {
    "formations": [{
        "loc": [120, 33],
        "texture": "1f5ff",
        "size": [51, 51]
    }, {
        "loc": [88, 342],
        "texture": "1f5ff",
        "size": [51, 51]
    }, {
        "loc": [99, 457],
        "texture": "1f5ff",
        "size": [51, 51]
    }, {
        "loc": [0, 10],
        "texture": "1f5ff",
        "size": [51, 51]
    }, {
        "loc": [163, 219],
        "texture": "1f46e",
        "size": [31, 31]
    }, {
        "loc": [206.01925434500984, 232.20392955143865],
        "texture": "1f34e",
        "size": [11, 11]
    }, {
        "loc": [189.01759290504424, 233.93602555659947],
        "texture": "1f34e",
        "size": [11, 11]
    }],
    "money": 1,
    "status": "ongoing",
    "num_allowed_remaining": 1
}]