[{
    "formations": [{
        "loc": [120, 33],
        "texture": "1f5ff",
        "size": [51, 51]
    }, {
        "loc": [88, 342],
        "texture": "1f5ff",
        "size": [51, 51]
    }, {
        "loc": [99, 457],
        "texture": "1f5ff",
        "size": [51, 51]
    }, {
        "loc": [0, 10],
        "texture": "1f5ff",
        "size": [51, 51]
    }],
    "money": 100,
    "status": "ongoing",
    "num_allowed_remaining": 30
}, {
    "formations": [{
        "loc": [120, 33],
        "texture": "1f5ff",
        "size": [51, 51]
    }, {
        "loc": [88, 342],
        "texture": "1f5ff",
        "size": [51, 51]
    }, {
        "loc": [99, 457],
        "texture": "1f5ff",
        "size": [51, 51]
    }, {
        "loc": [0, 10],
        "texture": "1f5ff",
        "size": [51, 51]
    }, {
        "loc": [63, 0],
        "texture": "1f418",
        "size": [31, 31]
    }],
    "money": 100,
    "status": "ongoing",
    "num_allowed_remaining": 30
}, {
    "formations": [{
        "loc": [120, 33],
        "texture": "1f5ff",
        "size": [51, 51]
    }, {
        "loc": [88, 342],
        "texture": "1f5ff",
        "size": [51, 51]
    }, {
        "loc": [99, 457],
        "texture": "1f5ff",
        "size": [51, 51]
    }, {
        "loc": [0, 10],
        "texture": "1f5ff",
        "size": [51, 51]
    }, {
        "loc": [63, 30],
        "texture": "1f418",
        "size": [31, 31]
    }, {
        "loc": [97, 128],
        "texture": "1f4fc",
        "size": [31, 31]
    }],
    "money": 80,
    "status": "ongoing",
    "num_allowed_remaining": 30
}, {
    "formations": [{
        "loc": [120, 33],
        "texture": "1f5ff",
        "size": [51, 51]
    }, {
        "loc": [88, 342],
        "texture": "1f5ff",
        "size": [51, 51]
    }, {
        "loc": [99, 457],
        "texture": "1f5ff",
        "size": [51, 51]
    }, {
        "loc": [0, 10],
        "texture": "1f5ff",
        "size": [51, 51]
    }, {
        "loc": [63, 60],
        "texture": "1f418",
        "size": [31, 31]
    }, {
        "loc": [97, 128],
        "texture": "1f4fc",
        "size": [31, 31]
    }, {
        "loc": [63, 0],
        "texture": "1f418",
        "size": [31, 31]
    }],
    "money": 80,
    "status": "ongoing",
    "num_allowed_remaining": 30
}, {
    "formations": [{
        "loc": [120, 33],
        "texture": "1f5ff",
        "size": [51, 51]
    }, {
        "loc": [88, 342],
        "texture": "1f5ff",
        "size": [51, 51]
    }, {
        "loc": [99, 457],
        "texture": "1f5ff",
        "size": [51, 51]
    }, {
        "loc": [0, 10],
        "texture": "1f5ff",
        "size": [51, 51]
    }, {
        "loc": [63, 90],
        "texture": "1f418",
        "size": [31, 31]
    }, {
        "loc": [97, 128],
        "texture": "1f4fc",
        "size": [31, 31]
    }, {
        "loc": [63, 30],
        "texture": "1f418",
        "size": [31, 31]
    }],
    "money": 80,
    "status": "ongoing",
    "num_allowed_remaining": 30
}, {
    "formations": [{
        "loc": [120, 33],
        "texture": "1f5ff",
        "size": [51, 51]
    }, {
        "loc": [88, 342],
        "texture": "1f5ff",
        "size": [51, 51]
    }, {
        "loc": [99, 457],
        "texture": "1f5ff",
        "size": [51, 51]
    }, {
        "loc": [0, 10],
        "texture": "1f5ff",
        "size": [51, 51]
    }, {
        "loc": [63, 105],
        "texture": "1f418",
        "size": [31, 31]
    }, {
        "loc": [97, 128],
        "texture": "1f4fc",
        "size": [31, 31]
    }, {
        "loc": [63, 60],
        "texture": "1f418",
        "size": [31, 31]
    }, {
        "loc": [63, 0],
        "texture": "1f418",
        "size": [31, 31]
    }],
    "money": 80,
    "status": "ongoing",
    "num_allowed_remaining": 30
}, {
    "formations": [{
        "loc": [120, 33],
        "texture": "1f5ff",
        "size": [51, 51]
    }, {
        "loc": [88, 342],
        "texture": "1f5ff",
        "size": [51, 51]
    }, {
        "loc": [99, 457],
        "texture": "1f5ff",
        "size": [51, 51]
    }, {
        "loc": [0, 10],
        "texture": "1f5ff",
        "size": [51, 51]
    }, {
        "loc": [63, 120],
        "texture": "1f418",
        "size": [31, 31]
    }, {
        "loc": [97, 128],
        "texture": "1f4fc",
        "size": [31, 31]
    }, {
        "loc": [63, 90],
        "texture": "1f418",
        "size": [31, 31]
    }, {
        "loc": [63, 30],
        "texture": "1f418",
        "size": [31, 31]
    }],
    "money": 80,
    "status": "ongoing",
    "num_allowed_remaining": 30
}, {
    "formations": [{
        "loc": [120, 33],
        "texture": "1f5ff",
        "size": [51, 51]
    }, {
        "loc": [88, 342],
        "texture": "1f5ff",
        "size": [51, 51]
    }, {
        "loc": [99, 457],
        "texture": "1f5ff",
        "size": [51, 51]
    }, {
        "loc": [0, 10],
        "texture": "1f5ff",
        "size": [51, 51]
    }, {
        "loc": [63, 135],
        "texture": "1f418",
        "size": [31, 31]
    }, {
        "loc": [97, 128],
        "texture": "1f4fc",
        "size": [31, 31]
    }, {
        "loc": [63, 105],
        "texture": "1f418",
        "size": [31, 31]
    }, {
        "loc": [63, 60],
        "texture": "1f418",
        "size": [31, 31]
    }, {
        "loc": [63, 0],
        "texture": "1f418",
        "size": [31, 31]
    }, {
        "loc": [17, 108],
        "texture": "1f4fc",
        "size": [31, 31]
    }],
    "money": 60,
    "status": "ongoing",
    "num_allowed_remaining": 30
}, {
    "formations": [{
        "loc": [120, 33],
        "texture": "1f5ff",
        "size": [51, 51]
    }, {
        "loc": [88, 342],
        "texture": "1f5ff",
        "size": [51, 51]
    }, {
        "loc": [99, 457],
        "texture": "1f5ff",
        "size": [51, 51]
    }, {
        "loc": [0, 10],
        "texture": "1f5ff",
        "size": [51, 51]
    }, {
        "loc": [63, 143],
        "texture": "1f418",
        "size": [31, 31]
    }, {
        "loc": [97, 128],
        "texture": "1f4fc",
        "size": [31, 31]
    }, {
        "loc": [63, 113],
        "texture": "1f418",
        "size": [31, 31]
    }, {
        "loc": [63, 75],
        "texture": "1f418",
        "size": [31, 31]
    }, {
        "loc": [63, 30],
        "texture": "1f418",
        "size": [31, 31]
    }, {
        "loc": [17, 108],
        "texture": "1f4fc",
        "size": [31, 31]
    }],
    "money": 60,
    "status": "ongoing",
    "num_allowed_remaining": 30
}, {
    "formations": [{
        "loc": [120, 33],
        "texture": "1f5ff",
        "size": [51, 51]
    }, {
        "loc": [88, 342],
        "texture": "1f5ff",
        "size": [51, 51]
    }, {
        "loc": [99, 457],
        "texture": "1f5ff",
        "size": [51, 51]
    }, {
        "loc": [0, 10],
        "texture": "1f5ff",
        "size": [51, 51]
    }, {
        "loc": [63, 151],
        "texture": "1f418",
        "size": [31, 31]
    }, {
        "loc": [97, 128],
        "texture": "1f4fc",
        "size": [31, 31]
    }, {
        "loc": [63, 121],
        "texture": "1f418",
        "size": [31, 31]
    }, {
        "loc": [63, 83],
        "texture": "1f418",
        "size": [31, 31]
    }, {
        "loc": [63, 60],
        "texture": "1f418",
        "size": [31, 31]
    }, {
        "loc": [17, 108],
        "texture": "1f4fc",
        "size": [31, 31]
    }, {
        "loc": [63, 0],
        "texture": "1f418",
        "size": [31, 31]
    }],
    "money": 60,
    "status": "ongoing",
    "num_allowed_remaining": 30
}, {
    "formations": [{
        "loc": [120, 33],
        "texture": "1f5ff",
        "size": [51, 51]
    }, {
        "loc": [88, 342],
        "texture": "1f5ff",
        "size": [51, 51]
    }, {
        "loc": [99, 457],
        "texture": "1f5ff",
        "size": [51, 51]
    }, {
        "loc": [0, 10],
        "texture": "1f5ff",
        "size": [51, 51]
    }, {
        "loc": [63, 159],
        "texture": "1f418",
        "size": [31, 31]
    }, {
        "loc": [97, 128],
        "texture": "1f4fc",
        "size": [31, 31]
    }, {
        "loc": [63, 129],
        "texture": "1f418",
        "size": [31, 31]
    }, {
        "loc": [63, 91],
        "texture": "1f418",
        "size": [31, 31]
    }, {
        "loc": [63, 75],
        "texture": "1f418",
        "size": [31, 31]
    }, {
        "loc": [17, 108],
        "texture": "1f4fc",
        "size": [31, 31]
    }, {
        "loc": [63, 30],
        "texture": "1f418",
        "size": [31, 31]
    }],
    "money": 60,
    "status": "ongoing",
    "num_allowed_remaining": 30
}, {
    "formations": [{
        "loc": [120, 33],
        "texture": "1f5ff",
        "size": [51, 51]
    }, {
        "loc": [88, 342],
        "texture": "1f5ff",
        "size": [51, 51]
    }, {
        "loc": [99, 457],
        "texture": "1f5ff",
        "size": [51, 51]
    }, {
        "loc": [0, 10],
        "texture": "1f5ff",
        "size": [51, 51]
    }, {
        "loc": [63, 167],
        "texture": "1f418",
        "size": [31, 31]
    }, {
        "loc": [97, 128],
        "texture": "1f4fc",
        "size": [31, 31]
    }, {
        "loc": [63, 137],
        "texture": "1f418",
        "size": [31, 31]
    }, {
        "loc": [63, 99],
        "texture": "1f418",
        "size": [31, 31]
    }, {
        "loc": [63, 83],
        "texture": "1f418",
        "size": [31, 31]
    }, {
        "loc": [17, 108],
        "texture": "1f4fc",
        "size": [31, 31]
    }, {
        "loc": [63, 60],
        "texture": "1f418",
        "size": [31, 31]
    }, {
        "loc": [63, 0],
        "texture": "1f418",
        "size": [31, 31]
    }],
    "money": 60,
    "status": "ongoing",
    "num_allowed_remaining": 30
}, {
    "formations": [{
        "loc": [120, 33],
        "texture": "1f5ff",
        "size": [51, 51]
    }, {
        "loc": [88, 342],
        "texture": "1f5ff",
        "size": [51, 51]
    }, {
        "loc": [99, 457],
        "texture": "1f5ff",
        "size": [51, 51]
    }, {
        "loc": [0, 10],
        "texture": "1f5ff",
        "size": [51, 51]
    }, {
        "loc": [63, 175],
        "texture": "1f418",
        "size": [31, 31]
    }, {
        "loc": [97, 128],
        "texture": "1f4fc",
        "size": [31, 31]
    }, {
        "loc": [63, 145],
        "texture": "1f418",
        "size": [31, 31]
    }, {
        "loc": [63, 107],
        "texture": "1f418",
        "size": [31, 31]
    }, {
        "loc": [63, 91],
        "texture": "1f418",
        "size": [31, 31]
    }, {
        "loc": [17, 108],
        "texture": "1f4fc",
        "size": [31, 31]
    }, {
        "loc": [63, 75],
        "texture": "1f418",
        "size": [31, 31]
    }, {
        "loc": [63, 30],
        "texture": "1f418",
        "size": [31, 31]
    }],
    "money": 60,
    "status": "ongoing",
    "num_allowed_remaining": 30
}, {
    "formations": [{
        "loc": [120, 33],
        "texture": "1f5ff",
        "size": [51, 51]
    }, {
        "loc": [88, 342],
        "texture": "1f5ff",
        "size": [51, 51]
    }, {
        "loc": [99, 457],
        "texture": "1f5ff",
        "size": [51, 51]
    }, {
        "loc": [0, 10],
        "texture": "1f5ff",
        "size": [51, 51]
    }, {
        "loc": [63, 190],
        "texture": "1f418",
        "size": [31, 31]
    }, {
        "loc": [97, 128],
        "texture": "1f4fc",
        "size": [31, 31]
    }, {
        "loc": [63, 153],
        "texture": "1f418",
        "size": [31, 31]
    }, {
        "loc": [63, 115],
        "texture": "1f418",
        "size": [31, 31]
    }, {
        "loc": [63, 99],
        "texture": "1f418",
        "size": [31, 31]
    }, {
        "loc": [17, 108],
        "texture": "1f4fc",
        "size": [31, 31]
    }, {
        "loc": [63, 83],
        "texture": "1f418",
        "size": [31, 31]
    }, {
        "loc": [63, 60],
        "texture": "1f418",
        "size": [31, 31]
    }, {
        "loc": [63, 0],
        "texture": "1f418",
        "size": [31, 31]
    }],
    "money": 60,
    "status": "ongoing",
    "num_allowed_remaining": 30
}, {
    "formations": [{
        "loc": [120, 33],
        "texture": "1f5ff",
        "size": [51, 51]
    }, {
        "loc": [88, 342],
        "texture": "1f5ff",
        "size": [51, 51]
    }, {
        "loc": [99, 457],
        "texture": "1f5ff",
        "size": [51, 51]
    }, {
        "loc": [0, 10],
        "texture": "1f5ff",
        "size": [51, 51]
    }, {
        "loc": [63, 205],
        "texture": "1f418",
        "size": [31, 31]
    }, {
        "loc": [97, 128],
        "texture": "1f4fc",
        "size": [31, 31]
    }, {
        "loc": [63, 161],
        "texture": "1f418",
        "size": [31, 31]
    }, {
        "loc": [63, 123],
        "texture": "1f418",
        "size": [31, 31]
    }, {
        "loc": [63, 107],
        "texture": "1f418",
        "size": [31, 31]
    }, {
        "loc": [17, 108],
        "texture": "1f4fc",
        "size": [31, 31]
    }, {
        "loc": [63, 91],
        "texture": "1f418",
        "size": [31, 31]
    }, {
        "loc": [63, 75],
        "texture": "1f418",
        "size": [31, 31]
    }, {
        "loc": [63, 30],
        "texture": "1f418",
        "size": [31, 31]
    }],
    "money": 60,
    "status": "ongoing",
    "num_allowed_remaining": 30
}, {
    "formations": [{
        "loc": [120, 33],
        "texture": "1f5ff",
        "size": [51, 51]
    }, {
        "loc": [88, 342],
        "texture": "1f5ff",
        "size": [51, 51]
    }, {
        "loc": [99, 457],
        "texture": "1f5ff",
        "size": [51, 51]
    }, {
        "loc": [0, 10],
        "texture": "1f5ff",
        "size": [51, 51]
    }, {
        "loc": [63, 235],
        "texture": "1f418",
        "size": [31, 31]
    }, {
        "loc": [97, 128],
        "texture": "1f4fc",
        "size": [31, 31]
    }, {
        "loc": [63, 169],
        "texture": "1f418",
        "size": [31, 31]
    }, {
        "loc": [63, 131],
        "texture": "1f418",
        "size": [31, 31]
    }, {
        "loc": [63, 115],
        "texture": "1f418",
        "size": [31, 31]
    }, {
        "loc": [17, 108],
        "texture": "1f4fc",
        "size": [31, 31]
    }, {
        "loc": [63, 99],
        "texture": "1f418",
        "size": [31, 31]
    }, {
        "loc": [63, 83],
        "texture": "1f418",
        "size": [31, 31]
    }, {
        "loc": [63, 60],
        "texture": "1f418",
        "size": [31, 31]
    }, {
        "loc": [63, 0],
        "texture": "1f418",
        "size": [31, 31]
    }],
    "money": 60,
    "status": "ongoing",
    "num_allowed_remaining": 30
}, {
    "formations": [{
        "loc": [120, 33],
        "texture": "1f5ff",
        "size": [51, 51]
    }, {
        "loc": [88, 342],
        "texture": "1f5ff",
        "size": [51, 51]
    }, {
        "loc": [99, 457],
        "texture": "1f5ff",
        "size": [51, 51]
    }, {
        "loc": [0, 10],
        "texture": "1f5ff",
        "size": [51, 51]
    }, {
        "loc": [78, 250],
        "texture": "1f418",
        "size": [31, 31]
    }, {
        "loc": [97, 128],
        "texture": "1f4fc",
        "size": [31, 31]
    }, {
        "loc": [63, 184],
        "texture": "1f418",
        "size": [31, 31]
    }, {
        "loc": [63, 139],
        "texture": "1f418",
        "size": [31, 31]
    }, {
        "loc": [63, 123],
        "texture": "1f418",
        "size": [31, 31]
    }, {
        "loc": [17, 108],
        "texture": "1f4fc",
        "size": [31, 31]
    }, {
        "loc": [63, 107],
        "texture": "1f418",
        "size": [31, 31]
    }, {
        "loc": [63, 91],
        "texture": "1f418",
        "size": [31, 31]
    }, {
        "loc": [63, 75],
        "texture": "1f418",
        "size": [31, 31]
    }, {
        "loc": [63, 30],
        "texture": "1f418",
        "size": [31, 31]
    }],
    "money": 60,
    "status": "ongoing",
    "num_allowed_remaining": 30
}, {
    "formations": [{
        "loc": [120, 33],
        "texture": "1f5ff",
        "size": [51, 51]
    }, {
        "loc": [88, 342],
        "texture": "1f5ff",
        "size": [51, 51]
    }, {
        "loc": [99, 457],
        "texture": "1f5ff",
        "size": [51, 51]
    }, {
        "loc": [0, 10],
        "texture": "1f5ff",
        "size": [51, 51]
    }, {
        "loc": [108, 250],
        "texture": "1f418",
        "size": [31, 31]
    }, {
        "loc": [97, 128],
        "texture": "1f4fc",
        "size": [31, 31]
    }, {
        "loc": [63, 199],
        "texture": "1f418",
        "size": [31, 31]
    }, {
        "loc": [63, 147],
        "texture": "1f418",
        "size": [31, 31]
    }, {
        "loc": [63, 131],
        "texture": "1f418",
        "size": [31, 31]
    }, {
        "loc": [17, 108],
        "texture": "1f4fc",
        "size": [31, 31]
    }, {
        "loc": [63, 115],
        "texture": "1f418",
        "size": [31, 31]
    }, {
        "loc": [63, 99],
        "texture": "1f418",
        "size": [31, 31]
    }, {
        "loc": [63, 83],
        "texture": "1f418",
        "size": [31, 31]
    }, {
        "loc": [63, 60],
        "texture": "1f418",
        "size": [31, 31]
    }, {
        "loc": [63, 0],
        "texture": "1f418",
        "size": [31, 31]
    }],
    "money": 60,
    "status": "ongoing",
    "num_allowed_remaining": 30
}, {
    "formations": [{
        "loc": [120, 33],
        "texture": "1f5ff",
        "size": [51, 51]
    }, {
        "loc": [88, 342],
        "texture": "1f5ff",
        "size": [51, 51]
    }, {
        "loc": [99, 457],
        "texture": "1f5ff",
        "size": [51, 51]
    }, {
        "loc": [0, 10],
        "texture": "1f5ff",
        "size": [51, 51]
    }, {
        "loc": [138, 250],
        "texture": "1f418",
        "size": [31, 31]
    }, {
        "loc": [97, 128],
        "texture": "1f4fc",
        "size": [31, 31]
    }, {
        "loc": [63, 229],
        "texture": "1f418",
        "size": [31, 31]
    }, {
        "loc": [63, 155],
        "texture": "1f418",
        "size": [31, 31]
    }, {
        "loc": [63, 139],
        "texture": "1f418",
        "size": [31, 31]
    }, {
        "loc": [17, 108],
        "texture": "1f4fc",
        "size": [31, 31]
    }, {
        "loc": [63, 123],
        "texture": "1f418",
        "size": [31, 31]
    }, {
        "loc": [63, 107],
        "texture": "1f418",
        "size": [31, 31]
    }, {
        "loc": [63, 91],
        "texture": "1f418",
        "size": [31, 31]
    }, {
        "loc": [63, 75],
        "texture": "1f418",
        "size": [31, 31]
    }, {
        "loc": [63, 30],
        "texture": "1f418",
        "size": [31, 31]
    }],
    "money": 60,
    "status": "ongoing",
    "num_allowed_remaining": 30
}, {
    "formations": [{
        "loc": [120, 33],
        "texture": "1f5ff",
        "size": [51, 51]
    }, {
        "loc": [88, 342],
        "texture": "1f5ff",
        "size": [51, 51]
    }, {
        "loc": [99, 457],
        "texture": "1f5ff",
        "size": [51, 51]
    }, {
        "loc": [0, 10],
        "texture": "1f5ff",
        "size": [51, 51]
    }, {
        "loc": [168, 250],
        "texture": "1f418",
        "size": [31, 31]
    }, {
        "loc": [97, 128],
        "texture": "1f4fc",
        "size": [31, 31]
    }, {
        "loc": [72, 250],
        "texture": "1f418",
        "size": [31, 31]
    }, {
        "loc": [63, 163],
        "texture": "1f418",
        "size": [31, 31]
    }, {
        "loc": [63, 147],
        "texture": "1f418",
        "size": [31, 31]
    }, {
        "loc": [17, 108],
        "texture": "1f4fc",
        "size": [31, 31]
    }, {
        "loc": [63, 131],
        "texture": "1f418",
        "size": [31, 31]
    }, {
        "loc": [63, 115],
        "texture": "1f418",
        "size": [31, 31]
    }, {
        "loc": [63, 99],
        "texture": "1f418",
        "size": [31, 31]
    }, {
        "loc": [63, 83],
        "texture": "1f418",
        "size": [31, 31]
    }, {
        "loc": [63, 60],
        "texture": "1f418",
        "size": [31, 31]
    }, {
        "loc": [63, 0],
        "texture": "1f418",
        "size": [31, 31]
    }],
    "money": 60,
    "status": "ongoing",
    "num_allowed_remaining": 30
}, {
    "formations": [{
        "loc": [120, 33],
        "texture": "1f5ff",
        "size": [51, 51]
    }, {
        "loc": [88, 342],
        "texture": "1f5ff",
        "size": [51, 51]
    }, {
        "loc": [99, 457],
        "texture": "1f5ff",
        "size": [51, 51]
    }, {
        "loc": [0, 10],
        "texture": "1f5ff",
        "size": [51, 51]
    }, {
        "loc": [198, 250],
        "texture": "1f418",
        "size": [31, 31]
    }, {
        "loc": [97, 128],
        "texture": "1f4fc",
        "size": [31, 31]
    }, {
        "loc": [102, 250],
        "texture": "1f418",
        "size": [31, 31]
    }, {
        "loc": [63, 171],
        "texture": "1f418",
        "size": [31, 31]
    }, {
        "loc": [63, 155],
        "texture": "1f418",
        "size": [31, 31]
    }, {
        "loc": [17, 108],
        "texture": "1f4fc",
        "size": [31, 31]
    }, {
        "loc": [63, 139],
        "texture": "1f418",
        "size": [31, 31]
    }, {
        "loc": [63, 123],
        "texture": "1f418",
        "size": [31, 31]
    }, {
        "loc": [63, 107],
        "texture": "1f418",
        "size": [31, 31]
    }, {
        "loc": [63, 91],
        "texture": "1f418",
        "size": [31, 31]
    }, {
        "loc": [63, 75],
        "texture": "1f418",
        "size": [31, 31]
    }, {
        "loc": [63, 30],
        "texture": "1f418",
        "size": [31, 31]
    }],
    "money": 60,
    "status": "ongoing",
    "num_allowed_remaining": 30
}, {
    "formations": [{
        "loc": [120, 33],
        "texture": "1f5ff",
        "size": [51, 51]
    }, {
        "loc": [88, 342],
        "texture": "1f5ff",
        "size": [51, 51]
    }, {
        "loc": [99, 457],
        "texture": "1f5ff",
        "size": [51, 51]
    }, {
        "loc": [0, 10],
        "texture": "1f5ff",
        "size": [51, 51]
    }, {
        "loc": [228, 250],
        "texture": "1f418",
        "size": [31, 31]
    }, {
        "loc": [97, 128],
        "texture": "1f4fc",
        "size": [31, 31]
    }, {
        "loc": [132, 250],
        "texture": "1f418",
        "size": [31, 31]
    }, {
        "loc": [63, 186],
        "texture": "1f418",
        "size": [31, 31]
    }, {
        "loc": [63, 163],
        "texture": "1f418",
        "size": [31, 31]
    }, {
        "loc": [17, 108],
        "texture": "1f4fc",
        "size": [31, 31]
    }, {
        "loc": [63, 147],
        "texture": "1f418",
        "size": [31, 31]
    }, {
        "loc": [63, 131],
        "texture": "1f418",
        "size": [31, 31]
    }, {
        "loc": [63, 115],
        "texture": "1f418",
        "size": [31, 31]
    }, {
        "loc": [63, 99],
        "texture": "1f418",
        "size": [31, 31]
    }, {
        "loc": [63, 83],
        "texture": "1f418",
        "size": [31, 31]
    }, {
        "loc": [63, 60],
        "texture": "1f418",
        "size": [31, 31]
    }, {
        "loc": [63, 0],
        "texture": "1f418",
        "size": [31, 31]
    }],
    "money": 60,
    "status": "ongoing",
    "num_allowed_remaining": 30
}, {
    "formations": [{
        "loc": [120, 33],
        "texture": "1f5ff",
        "size": [51, 51]
    }, {
        "loc": [88, 342],
        "texture": "1f5ff",
        "size": [51, 51]
    }, {
        "loc": [99, 457],
        "texture": "1f5ff",
        "size": [51, 51]
    }, {
        "loc": [0, 10],
        "texture": "1f5ff",
        "size": [51, 51]
    }, {
        "loc": [258, 250],
        "texture": "1f418",
        "size": [31, 31]
    }, {
        "loc": [97, 128],
        "texture": "1f4fc",
        "size": [31, 31]
    }, {
        "loc": [162, 250],
        "texture": "1f418",
        "size": [31, 31]
    }, {
        "loc": [63, 201],
        "texture": "1f418",
        "size": [31, 31]
    }, {
        "loc": [63, 171],
        "texture": "1f418",
        "size": [31, 31]
    }, {
        "loc": [17, 108],
        "texture": "1f4fc",
        "size": [31, 31]
    }, {
        "loc": [63, 155],
        "texture": "1f418",
        "size": [31, 31]
    }, {
        "loc": [63, 139],
        "texture": "1f418",
        "size": [31, 31]
    }, {
        "loc": [63, 123],
        "texture": "1f418",
        "size": [31, 31]
    }, {
        "loc": [63, 107],
        "texture": "1f418",
        "size": [31, 31]
    }, {
        "loc": [63, 91],
        "texture": "1f418",
        "size": [31, 31]
    }, {
        "loc": [63, 75],
        "texture": "1f418",
        "size": [31, 31]
    }, {
        "loc": [63, 30],
        "texture": "1f418",
        "size": [31, 31]
    }],
    "money": 60,
    "status": "ongoing",
    "num_allowed_remaining": 30
}, {
    "formations": [{
        "loc": [120, 33],
        "texture": "1f5ff",
        "size": [51, 51]
    }, {
        "loc": [88, 342],
        "texture": "1f5ff",
        "size": [51, 51]
    }, {
        "loc": [99, 457],
        "texture": "1f5ff",
        "size": [51, 51]
    }, {
        "loc": [0, 10],
        "texture": "1f5ff",
        "size": [51, 51]
    }, {
        "loc": [288, 250],
        "texture": "1f418",
        "size": [31, 31]
    }, {
        "loc": [97, 128],
        "texture": "1f4fc",
        "size": [31, 31]
    }, {
        "loc": [192, 250],
        "texture": "1f418",
        "size": [31, 31]
    }, {
        "loc": [63, 231],
        "texture": "1f418",
        "size": [31, 31]
    }, {
        "loc": [63, 186],
        "texture": "1f418",
        "size": [31, 31]
    }, {
        "loc": [17, 108],
        "texture": "1f4fc",
        "size": [31, 31]
    }, {
        "loc": [63, 163],
        "texture": "1f418",
        "size": [31, 31]
    }, {
        "loc": [63, 147],
        "texture": "1f418",
        "size": [31, 31]
    }, {
        "loc": [63, 131],
        "texture": "1f418",
        "size": [31, 31]
    }, {
        "loc": [63, 115],
        "texture": "1f418",
        "size": [31, 31]
    }, {
        "loc": [63, 99],
        "texture": "1f418",
        "size": [31, 31]
    }, {
        "loc": [63, 83],
        "texture": "1f418",
        "size": [31, 31]
    }, {
        "loc": [63, 60],
        "texture": "1f418",
        "size": [31, 31]
    }, {
        "loc": [63, 0],
        "texture": "1f418",
        "size": [31, 31]
    }],
    "money": 60,
    "status": "ongoing",
    "num_allowed_remaining": 30
}, {
    "formations": [{
        "loc": [120, 33],
        "texture": "1f5ff",
        "size": [51, 51]
    }, {
        "loc": [88, 342],
        "texture": "1f5ff",
        "size": [51, 51]
    }, {
        "loc": [99, 457],
        "texture": "1f5ff",
        "size": [51, 51]
    }, {
        "loc": [0, 10],
        "texture": "1f5ff",
        "size": [51, 51]
    }, {
        "loc": [318, 250],
        "texture": "1f418",
        "size": [31, 31]
    }, {
        "loc": [97, 128],
        "texture": "1f4fc",
        "size": [31, 31]
    }, {
        "loc": [222, 250],
        "texture": "1f418",
        "size": [31, 31]
    }, {
        "loc": [74, 250],
        "texture": "1f418",
        "size": [31, 31]
    }, {
        "loc": [63, 201],
        "texture": "1f418",
        "size": [31, 31]
    }, {
        "loc": [17, 108],
        "texture": "1f4fc",
        "size": [31, 31]
    }, {
        "loc": [63, 171],
        "texture": "1f418",
        "size": [31, 31]
    }, {
        "loc": [63, 155],
        "texture": "1f418",
        "size": [31, 31]
    }, {
        "loc": [63, 139],
        "texture": "1f418",
        "size": [31, 31]
    }, {
        "loc": [63, 123],
        "texture": "1f418",
        "size": [31, 31]
    }, {
        "loc": [63, 107],
        "texture": "1f418",
        "size": [31, 31]
    }, {
        "loc": [63, 91],
        "texture": "1f418",
        "size": [31, 31]
    }, {
        "loc": [63, 75],
        "texture": "1f418",
        "size": [31, 31]
    }, {
        "loc": [63, 30],
        "texture": "1f418",
        "size": [31, 31]
    }],
    "money": 60,
    "status": "ongoing",
    "num_allowed_remaining": 30
}, {
    "formations": [{
        "loc": [120, 33],
        "texture": "1f5ff",
        "size": [51, 51]
    }, {
        "loc": [88, 342],
        "texture": "1f5ff",
        "size": [51, 51]
    }, {
        "loc": [99, 457],
        "texture": "1f5ff",
        "size": [51, 51]
    }, {
        "loc": [0, 10],
        "texture": "1f5ff",
        "size": [51, 51]
    }, {
        "loc": [348, 250],
        "texture": "1f418",
        "size": [31, 31]
    }, {
        "loc": [97, 128],
        "texture": "1f4fc",
        "size": [31, 31]
    }, {
        "loc": [252, 250],
        "texture": "1f418",
        "size": [31, 31]
    }, {
        "loc": [104, 250],
        "texture": "1f418",
        "size": [31, 31]
    }, {
        "loc": [63, 231],
        "texture": "1f418",
        "size": [31, 31]
    }, {
        "loc": [17, 108],
        "texture": "1f4fc",
        "size": [31, 31]
    }, {
        "loc": [63, 186],
        "texture": "1f418",
        "size": [31, 31]
    }, {
        "loc": [63, 163],
        "texture": "1f418",
        "size": [31, 31]
    }, {
        "loc": [63, 147],
        "texture": "1f418",
        "size": [31, 31]
    }, {
        "loc": [63, 131],
        "texture": "1f418",
        "size": [31, 31]
    }, {
        "loc": [63, 115],
        "texture": "1f418",
        "size": [31, 31]
    }, {
        "loc": [63, 99],
        "texture": "1f418",
        "size": [31, 31]
    }, {
        "loc": [63, 83],
        "texture": "1f418",
        "size": [31, 31]
    }, {
        "loc": [63, 60],
        "texture": "1f418",
        "size": [31, 31]
    }, {
        "loc": [63, 0],
        "texture": "1f418",
        "size": [31, 31]
    }],
    "money": 60,
    "status": "ongoing",
    "num_allowed_remaining": 30
}, {
    "formations": [{
        "loc": [120, 33],
        "texture": "1f5ff",
        "size": [51, 51]
    }, {
        "loc": [88, 342],
        "texture": "1f5ff",
        "size": [51, 51]
    }, {
        "loc": [99, 457],
        "texture": "1f5ff",
        "size": [51, 51]
    }, {
        "loc": [0, 10],
        "texture": "1f5ff",
        "size": [51, 51]
    }, {
        "loc": [378, 250],
        "texture": "1f418",
        "size": [31, 31]
    }, {
        "loc": [97, 128],
        "texture": "1f4fc",
        "size": [31, 31]
    }, {
        "loc": [282, 250],
        "texture": "1f418",
        "size": [31, 31]
    }, {
        "loc": [134, 250],
        "texture": "1f418",
        "size": [31, 31]
    }, {
        "loc": [74, 250],
        "texture": "1f418",
        "size": [31, 31]
    }, {
        "loc": [17, 108],
        "texture": "1f4fc",
        "size": [31, 31]
    }, {
        "loc": [63, 201],
        "texture": "1f418",
        "size": [31, 31]
    }, {
        "loc": [63, 171],
        "texture": "1f418",
        "size": [31, 31]
    }, {
        "loc": [63, 155],
        "texture": "1f418",
        "size": [31, 31]
    }, {
        "loc": [63, 139],
        "texture": "1f418",
        "size": [31, 31]
    }, {
        "loc": [63, 123],
        "texture": "1f418",
        "size": [31, 31]
    }, {
        "loc": [63, 107],
        "texture": "1f418",
        "size": [31, 31]
    }, {
        "loc": [63, 91],
        "texture": "1f418",
        "size": [31, 31]
    }, {
        "loc": [63, 75],
        "texture": "1f418",
        "size": [31, 31]
    }, {
        "loc": [63, 30],
        "texture": "1f418",
        "size": [31, 31]
    }],
    "money": 60,
    "status": "ongoing",
    "num_allowed_remaining": 30
}, {
    "formations": [{
        "loc": [120, 33],
        "texture": "1f5ff",
        "size": [51, 51]
    }, {
        "loc": [88, 342],
        "texture": "1f5ff",
        "size": [51, 51]
    }, {
        "loc": [99, 457],
        "texture": "1f5ff",
        "size": [51, 51]
    }, {
        "loc": [0, 10],
        "texture": "1f5ff",
        "size": [51, 51]
    }, {
        "loc": [408, 250],
        "texture": "1f418",
        "size": [31, 31]
    }, {
        "loc": [97, 128],
        "texture": "1f4fc",
        "size": [31, 31]
    }, {
        "loc": [312, 250],
        "texture": "1f418",
        "size": [31, 31]
    }, {
        "loc": [164, 250],
        "texture": "1f418",
        "size": [31, 31]
    }, {
        "loc": [104, 250],
        "texture": "1f418",
        "size": [31, 31]
    }, {
        "loc": [17, 108],
        "texture": "1f4fc",
        "size": [31, 31]
    }, {
        "loc": [63, 231],
        "texture": "1f418",
        "size": [31, 31]
    }, {
        "loc": [63, 186],
        "texture": "1f418",
        "size": [31, 31]
    }, {
        "loc": [63, 163],
        "texture": "1f418",
        "size": [31, 31]
    }, {
        "loc": [63, 147],
        "texture": "1f418",
        "size": [31, 31]
    }, {
        "loc": [63, 131],
        "texture": "1f418",
        "size": [31, 31]
    }, {
        "loc": [63, 115],
        "texture": "1f418",
        "size": [31, 31]
    }, {
        "loc": [63, 99],
        "texture": "1f418",
        "size": [31, 31]
    }, {
        "loc": [63, 83],
        "texture": "1f418",
        "size": [31, 31]
    }, {
        "loc": [63, 60],
        "texture": "1f418",
        "size": [31, 31]
    }, {
        "loc": [63, 0],
        "texture": "1f418",
        "size": [31, 31]
    }],
    "money": 60,
    "status": "ongoing",
    "num_allowed_remaining": 30
}, {
    "formations": [{
        "loc": [120, 33],
        "texture": "1f5ff",
        "size": [51, 51]
    }, {
        "loc": [88, 342],
        "texture": "1f5ff",
        "size": [51, 51]
    }, {
        "loc": [99, 457],
        "texture": "1f5ff",
        "size": [51, 51]
    }, {
        "loc": [0, 10],
        "texture": "1f5ff",
        "size": [51, 51]
    }, {
        "loc": [438, 250],
        "texture": "1f418",
        "size": [31, 31]
    }, {
        "loc": [97, 128],
        "texture": "1f4fc",
        "size": [31, 31]
    }, {
        "loc": [342, 250],
        "texture": "1f418",
        "size": [31, 31]
    }, {
        "loc": [194, 250],
        "texture": "1f418",
        "size": [31, 31]
    }, {
        "loc": [134, 250],
        "texture": "1f418",
        "size": [31, 31]
    }, {
        "loc": [17, 108],
        "texture": "1f4fc",
        "size": [31, 31]
    }, {
        "loc": [74, 250],
        "texture": "1f418",
        "size": [31, 31]
    }, {
        "loc": [63, 201],
        "texture": "1f418",
        "size": [31, 31]
    }, {
        "loc": [63, 171],
        "texture": "1f418",
        "size": [31, 31]
    }, {
        "loc": [63, 155],
        "texture": "1f418",
        "size": [31, 31]
    }, {
        "loc": [63, 139],
        "texture": "1f418",
        "size": [31, 31]
    }, {
        "loc": [63, 123],
        "texture": "1f418",
        "size": [31, 31]
    }, {
        "loc": [63, 107],
        "texture": "1f418",
        "size": [31, 31]
    }, {
        "loc": [63, 91],
        "texture": "1f418",
        "size": [31, 31]
    }, {
        "loc": [63, 75],
        "texture": "1f418",
        "size": [31, 31]
    }, {
        "loc": [63, 30],
        "texture": "1f418",
        "size": [31, 31]
    }],
    "money": 60,
    "status": "ongoing",
    "num_allowed_remaining": 30
}, {
    "formations": [{
        "loc": [120, 33],
        "texture": "1f5ff",
        "size": [51, 51]
    }, {
        "loc": [88, 342],
        "texture": "1f5ff",
        "size": [51, 51]
    }, {
        "loc": [99, 457],
        "texture": "1f5ff",
        "size": [51, 51]
    }, {
        "loc": [0, 10],
        "texture": "1f5ff",
        "size": [51, 51]
    }, {
        "loc": [468, 250],
        "texture": "1f418",
        "size": [31, 31]
    }, {
        "loc": [97, 128],
        "texture": "1f4fc",
        "size": [31, 31]
    }, {
        "loc": [372, 250],
        "texture": "1f418",
        "size": [31, 31]
    }, {
        "loc": [224, 250],
        "texture": "1f418",
        "size": [31, 31]
    }, {
        "loc": [164, 250],
        "texture": "1f418",
        "size": [31, 31]
    }, {
        "loc": [17, 108],
        "texture": "1f4fc",
        "size": [31, 31]
    }, {
        "loc": [104, 250],
        "texture": "1f418",
        "size": [31, 31]
    }, {
        "loc": [63, 231],
        "texture": "1f418",
        "size": [31, 31]
    }, {
        "loc": [63, 186],
        "texture": "1f418",
        "size": [31, 31]
    }, {
        "loc": [63, 163],
        "texture": "1f418",
        "size": [31, 31]
    }, {
        "loc": [63, 147],
        "texture": "1f418",
        "size": [31, 31]
    }, {
        "loc": [63, 131],
        "texture": "1f418",
        "size": [31, 31]
    }, {
        "loc": [63, 115],
        "texture": "1f418",
        "size": [31, 31]
    }, {
        "loc": [63, 99],
        "texture": "1f418",
        "size": [31, 31]
    }, {
        "loc": [63, 83],
        "texture": "1f418",
        "size": [31, 31]
    }, {
        "loc": [63, 60],
        "texture": "1f418",
        "size": [31, 31]
    }, {
        "loc": [63, 0],
        "texture": "1f418",
        "size": [31, 31]
    }],
    "money": 60,
    "status": "ongoing",
    "num_allowed_remaining": 30
}, {
    "formations": [{
        "loc": [120, 33],
        "texture": "1f5ff",
        "size": [51, 51]
    }, {
        "loc": [88, 342],
        "texture": "1f5ff",
        "size": [51, 51]
    }, {
        "loc": [99, 457],
        "texture": "1f5ff",
        "size": [51, 51]
    }, {
        "loc": [0, 10],
        "texture": "1f5ff",
        "size": [51, 51]
    }, {
        "loc": [489, 259],
        "texture": "1f418",
        "size": [31, 31]
    }, {
        "loc": [97, 128],
        "texture": "1f4fc",
        "size": [31, 31]
    }, {
        "loc": [402, 250],
        "texture": "1f418",
        "size": [31, 31]
    }, {
        "loc": [254, 250],
        "texture": "1f418",
        "size": [31, 31]
    }, {
        "loc": [194, 250],
        "texture": "1f418",
        "size": [31, 31]
    }, {
        "loc": [17, 108],
        "texture": "1f4fc",
        "size": [31, 31]
    }, {
        "loc": [134, 250],
        "texture": "1f418",
        "size": [31, 31]
    }, {
        "loc": [74, 250],
        "texture": "1f418",
        "size": [31, 31]
    }, {
        "loc": [63, 201],
        "texture": "1f418",
        "size": [31, 31]
    }, {
        "loc": [63, 171],
        "texture": "1f418",
        "size": [31, 31]
    }, {
        "loc": [63, 155],
        "texture": "1f418",
        "size": [31, 31]
    }, {
        "loc": [63, 139],
        "texture": "1f418",
        "size": [31, 31]
    }, {
        "loc": [63, 123],
        "texture": "1f418",
        "size": [31, 31]
    }, {
        "loc": [63, 107],
        "texture": "1f418",
        "size": [31, 31]
    }, {
        "loc": [63, 91],
        "texture": "1f418",
        "size": [31, 31]
    }, {
        "loc": [63, 75],
        "texture": "1f418",
        "size": [31, 31]
    }, {
        "loc": [63, 30],
        "texture": "1f418",
        "size": [31, 31]
    }],
    "money": 60,
    "status": "ongoing",
    "num_allowed_remaining": 30
}, {
    "formations": [{
        "loc": [120, 33],
        "texture": "1f5ff",
        "size": [51, 51]
    }, {
        "loc": [88, 342],
        "texture": "1f5ff",
        "size": [51, 51]
    }, {
        "loc": [99, 457],
        "texture": "1f5ff",
        "size": [51, 51]
    }, {
        "loc": [0, 10],
        "texture": "1f5ff",
        "size": [51, 51]
    }, {
        "loc": [489, 289],
        "texture": "1f418",
        "size": [31, 31]
    }, {
        "loc": [97, 128],
        "texture": "1f4fc",
        "size": [31, 31]
    }, {
        "loc": [432, 250],
        "texture": "1f418",
        "size": [31, 31]
    }, {
        "loc": [284, 250],
        "texture": "1f418",
        "size": [31, 31]
    }, {
        "loc": [224, 250],
        "texture": "1f418",
        "size": [31, 31]
    }, {
        "loc": [17, 108],
        "texture": "1f4fc",
        "size": [31, 31]
    }, {
        "loc": [164, 250],
        "texture": "1f418",
        "size": [31, 31]
    }, {
        "loc": [104, 250],
        "texture": "1f418",
        "size": [31, 31]
    }, {
        "loc": [63, 231],
        "texture": "1f418",
        "size": [31, 31]
    }, {
        "loc": [63, 186],
        "texture": "1f418",
        "size": [31, 31]
    }, {
        "loc": [63, 163],
        "texture": "1f418",
        "size": [31, 31]
    }, {
        "loc": [63, 147],
        "texture": "1f418",
        "size": [31, 31]
    }, {
        "loc": [63, 131],
        "texture": "1f418",
        "size": [31, 31]
    }, {
        "loc": [63, 115],
        "texture": "1f418",
        "size": [31, 31]
    }, {
        "loc": [63, 99],
        "texture": "1f418",
        "size": [31, 31]
    }, {
        "loc": [63, 83],
        "texture": "1f418",
        "size": [31, 31]
    }, {
        "loc": [63, 60],
        "texture": "1f418",
        "size": [31, 31]
    }, {
        "loc": [63, 0],
        "texture": "1f418",
        "size": [31, 31]
    }],
    "money": 60,
    "status": "ongoing",
    "num_allowed_remaining": 30
}, {
    "formations": [{
        "loc": [120, 33],
        "texture": "1f5ff",
        "size": [51, 51]
    }, {
        "loc": [88, 342],
        "texture": "1f5ff",
        "size": [51, 51]
    }, {
        "loc": [99, 457],
        "texture": "1f5ff",
        "size": [51, 51]
    }, {
        "loc": [0, 10],
        "texture": "1f5ff",
        "size": [51, 51]
    }, {
        "loc": [489, 319],
        "texture": "1f418",
        "size": [31, 31]
    }, {
        "loc": [97, 128],
        "texture": "1f4fc",
        "size": [31, 31]
    }, {
        "loc": [462, 250],
        "texture": "1f418",
        "size": [31, 31]
    }, {
        "loc": [314, 250],
        "texture": "1f418",
        "size": [31, 31]
    }, {
        "loc": [254, 250],
        "texture": "1f418",
        "size": [31, 31]
    }, {
        "loc": [17, 108],
        "texture": "1f4fc",
        "size": [31, 31]
    }, {
        "loc": [194, 250],
        "texture": "1f418",
        "size": [31, 31]
    }, {
        "loc": [134, 250],
        "texture": "1f418",
        "size": [31, 31]
    }, {
        "loc": [74, 250],
        "texture": "1f418",
        "size": [31, 31]
    }, {
        "loc": [63, 201],
        "texture": "1f418",
        "size": [31, 31]
    }, {
        "loc": [63, 171],
        "texture": "1f418",
        "size": [31, 31]
    }, {
        "loc": [63, 155],
        "texture": "1f418",
        "size": [31, 31]
    }, {
        "loc": [63, 139],
        "texture": "1f418",
        "size": [31, 31]
    }, {
        "loc": [63, 123],
        "texture": "1f418",
        "size": [31, 31]
    }, {
        "loc": [63, 107],
        "texture": "1f418",
        "size": [31, 31]
    }, {
        "loc": [63, 91],
        "texture": "1f418",
        "size": [31, 31]
    }, {
        "loc": [63, 75],
        "texture": "1f418",
        "size": [31, 31]
    }, {
        "loc": [63, 30],
        "texture": "1f418",
        "size": [31, 31]
    }],
    "money": 60,
    "status": "ongoing",
    "num_allowed_remaining": 30
}, {
    "formations": [{
        "loc": [120, 33],
        "texture": "1f5ff",
        "size": [51, 51]
    }, {
        "loc": [88, 342],
        "texture": "1f5ff",
        "size": [51, 51]
    }, {
        "loc": [99, 457],
        "texture": "1f5ff",
        "size": [51, 51]
    }, {
        "loc": [0, 10],
        "texture": "1f5ff",
        "size": [51, 51]
    }, {
        "loc": [489, 349],
        "texture": "1f418",
        "size": [31, 31]
    }, {
        "loc": [97, 128],
        "texture": "1f4fc",
        "size": [31, 31]
    }, {
        "loc": [489, 253],
        "texture": "1f418",
        "size": [31, 31]
    }, {
        "loc": [344, 250],
        "texture": "1f418",
        "size": [31, 31]
    }, {
        "loc": [284, 250],
        "texture": "1f418",
        "size": [31, 31]
    }, {
        "loc": [17, 108],
        "texture": "1f4fc",
        "size": [31, 31]
    }, {
        "loc": [224, 250],
        "texture": "1f418",
        "size": [31, 31]
    }, {
        "loc": [164, 250],
        "texture": "1f418",
        "size": [31, 31]
    }, {
        "loc": [104, 250],
        "texture": "1f418",
        "size": [31, 31]
    }, {
        "loc": [63, 231],
        "texture": "1f418",
        "size": [31, 31]
    }, {
        "loc": [63, 186],
        "texture": "1f418",
        "size": [31, 31]
    }, {
        "loc": [63, 163],
        "texture": "1f418",
        "size": [31, 31]
    }, {
        "loc": [63, 147],
        "texture": "1f418",
        "size": [31, 31]
    }, {
        "loc": [63, 131],
        "texture": "1f418",
        "size": [31, 31]
    }, {
        "loc": [63, 115],
        "texture": "1f418",
        "size": [31, 31]
    }, {
        "loc": [63, 99],
        "texture": "1f418",
        "size": [31, 31]
    }, {
        "loc": [63, 83],
        "texture": "1f418",
        "size": [31, 31]
    }, {
        "loc": [63, 60],
        "texture": "1f418",
        "size": [31, 31]
    }, {
        "loc": [63, 0],
        "texture": "1f418",
        "size": [31, 31]
    }],
    "money": 60,
    "status": "ongoing",
    "num_allowed_remaining": 30
}, {
    "formations": [{
        "loc": [120, 33],
        "texture": "1f5ff",
        "size": [51, 51]
    }, {
        "loc": [88, 342],
        "texture": "1f5ff",
        "size": [51, 51]
    }, {
        "loc": [99, 457],
        "texture": "1f5ff",
        "size": [51, 51]
    }, {
        "loc": [0, 10],
        "texture": "1f5ff",
        "size": [51, 51]
    }, {
        "loc": [489, 379],
        "texture": "1f418",
        "size": [31, 31]
    }, {
        "loc": [97, 128],
        "texture": "1f4fc",
        "size": [31, 31]
    }, {
        "loc": [489, 283],
        "texture": "1f418",
        "size": [31, 31]
    }, {
        "loc": [374, 250],
        "texture": "1f418",
        "size": [31, 31]
    }, {
        "loc": [314, 250],
        "texture": "1f418",
        "size": [31, 31]
    }, {
        "loc": [17, 108],
        "texture": "1f4fc",
        "size": [31, 31]
    }, {
        "loc": [254, 250],
        "texture": "1f418",
        "size": [31, 31]
    }, {
        "loc": [194, 250],
        "texture": "1f418",
        "size": [31, 31]
    }, {
        "loc": [134, 250],
        "texture": "1f418",
        "size": [31, 31]
    }, {
        "loc": [74, 250],
        "texture": "1f418",
        "size": [31, 31]
    }, {
        "loc": [63, 201],
        "texture": "1f418",
        "size": [31, 31]
    }, {
        "loc": [63, 171],
        "texture": "1f418",
        "size": [31, 31]
    }, {
        "loc": [63, 155],
        "texture": "1f418",
        "size": [31, 31]
    }, {
        "loc": [63, 139],
        "texture": "1f418",
        "size": [31, 31]
    }, {
        "loc": [63, 123],
        "texture": "1f418",
        "size": [31, 31]
    }, {
        "loc": [63, 107],
        "texture": "1f418",
        "size": [31, 31]
    }, {
        "loc": [63, 91],
        "texture": "1f418",
        "size": [31, 31]
    }, {
        "loc": [63, 75],
        "texture": "1f418",
        "size": [31, 31]
    }, {
        "loc": [63, 30],
        "texture": "1f418",
        "size": [31, 31]
    }],
    "money": 60,
    "status": "ongoing",
    "num_allowed_remaining": 30
}, {
    "formations": [{
        "loc": [120, 33],
        "texture": "1f5ff",
        "size": [51, 51]
    }, {
        "loc": [88, 342],
        "texture": "1f5ff",
        "size": [51, 51]
    }, {
        "loc": [99, 457],
        "texture": "1f5ff",
        "size": [51, 51]
    }, {
        "loc": [0, 10],
        "texture": "1f5ff",
        "size": [51, 51]
    }, {
        "loc": [489, 409],
        "texture": "1f418",
        "size": [31, 31]
    }, {
        "loc": [97, 128],
        "texture": "1f4fc",
        "size": [31, 31]
    }, {
        "loc": [489, 313],
        "texture": "1f418",
        "size": [31, 31]
    }, {
        "loc": [404, 250],
        "texture": "1f418",
        "size": [31, 31]
    }, {
        "loc": [344, 250],
        "texture": "1f418",
        "size": [31, 31]
    }, {
        "loc": [17, 108],
        "texture": "1f4fc",
        "size": [31, 31]
    }, {
        "loc": [284, 250],
        "texture": "1f418",
        "size": [31, 31]
    }, {
        "loc": [224, 250],
        "texture": "1f418",
        "size": [31, 31]
    }, {
        "loc": [164, 250],
        "texture": "1f418",
        "size": [31, 31]
    }, {
        "loc": [104, 250],
        "texture": "1f418",
        "size": [31, 31]
    }, {
        "loc": [63, 231],
        "texture": "1f418",
        "size": [31, 31]
    }, {
        "loc": [63, 186],
        "texture": "1f418",
        "size": [31, 31]
    }, {
        "loc": [63, 163],
        "texture": "1f418",
        "size": [31, 31]
    }, {
        "loc": [63, 147],
        "texture": "1f418",
        "size": [31, 31]
    }, {
        "loc": [63, 131],
        "texture": "1f418",
        "size": [31, 31]
    }, {
        "loc": [63, 115],
        "texture": "1f418",
        "size": [31, 31]
    }, {
        "loc": [63, 99],
        "texture": "1f418",
        "size": [31, 31]
    }, {
        "loc": [63, 83],
        "texture": "1f418",
        "size": [31, 31]
    }, {
        "loc": [63, 60],
        "texture": "1f418",
        "size": [31, 31]
    }, {
        "loc": [63, 0],
        "texture": "1f418",
        "size": [31, 31]
    }],
    "money": 60,
    "status": "ongoing",
    "num_allowed_remaining": 30
}, {
    "formations": [{
        "loc": [120, 33],
        "texture": "1f5ff",
        "size": [51, 51]
    }, {
        "loc": [88, 342],
        "texture": "1f5ff",
        "size": [51, 51]
    }, {
        "loc": [99, 457],
        "texture": "1f5ff",
        "size": [51, 51]
    }, {
        "loc": [0, 10],
        "texture": "1f5ff",
        "size": [51, 51]
    }, {
        "loc": [489, 439],
        "texture": "1f418",
        "size": [31, 31]
    }, {
        "loc": [97, 128],
        "texture": "1f4fc",
        "size": [31, 31]
    }, {
        "loc": [489, 343],
        "texture": "1f418",
        "size": [31, 31]
    }, {
        "loc": [434, 250],
        "texture": "1f418",
        "size": [31, 31]
    }, {
        "loc": [374, 250],
        "texture": "1f418",
        "size": [31, 31]
    }, {
        "loc": [17, 108],
        "texture": "1f4fc",
        "size": [31, 31]
    }, {
        "loc": [314, 250],
        "texture": "1f418",
        "size": [31, 31]
    }, {
        "loc": [254, 250],
        "texture": "1f418",
        "size": [31, 31]
    }, {
        "loc": [194, 250],
        "texture": "1f418",
        "size": [31, 31]
    }, {
        "loc": [134, 250],
        "texture": "1f418",
        "size": [31, 31]
    }, {
        "loc": [74, 250],
        "texture": "1f418",
        "size": [31, 31]
    }, {
        "loc": [63, 201],
        "texture": "1f418",
        "size": [31, 31]
    }, {
        "loc": [63, 171],
        "texture": "1f418",
        "size": [31, 31]
    }, {
        "loc": [63, 155],
        "texture": "1f418",
        "size": [31, 31]
    }, {
        "loc": [63, 139],
        "texture": "1f418",
        "size": [31, 31]
    }, {
        "loc": [63, 123],
        "texture": "1f418",
        "size": [31, 31]
    }, {
        "loc": [63, 107],
        "texture": "1f418",
        "size": [31, 31]
    }, {
        "loc": [63, 91],
        "texture": "1f418",
        "size": [31, 31]
    }, {
        "loc": [63, 75],
        "texture": "1f418",
        "size": [31, 31]
    }, {
        "loc": [63, 30],
        "texture": "1f418",
        "size": [31, 31]
    }],
    "money": 60,
    "status": "ongoing",
    "num_allowed_remaining": 30
}, {
    "formations": [{
        "loc": [120, 33],
        "texture": "1f5ff",
        "size": [51, 51]
    }, {
        "loc": [88, 342],
        "texture": "1f5ff",
        "size": [51, 51]
    }, {
        "loc": [99, 457],
        "texture": "1f5ff",
        "size": [51, 51]
    }, {
        "loc": [0, 10],
        "texture": "1f5ff",
        "size": [51, 51]
    }, {
        "loc": [518, 440],
        "texture": "1f418",
        "size": [31, 31]
    }, {
        "loc": [97, 128],
        "texture": "1f4fc",
        "size": [31, 31]
    }, {
        "loc": [489, 373],
        "texture": "1f418",
        "size": [31, 31]
    }, {
        "loc": [464, 250],
        "texture": "1f418",
        "size": [31, 31]
    }, {
        "loc": [404, 250],
        "texture": "1f418",
        "size": [31, 31]
    }, {
        "loc": [17, 108],
        "texture": "1f4fc",
        "size": [31, 31]
    }, {
        "loc": [344, 250],
        "texture": "1f418",
        "size": [31, 31]
    }, {
        "loc": [284, 250],
        "texture": "1f418",
        "size": [31, 31]
    }, {
        "loc": [224, 250],
        "texture": "1f418",
        "size": [31, 31]
    }, {
        "loc": [164, 250],
        "texture": "1f418",
        "size": [31, 31]
    }, {
        "loc": [104, 250],
        "texture": "1f418",
        "size": [31, 31]
    }, {
        "loc": [63, 231],
        "texture": "1f418",
        "size": [31, 31]
    }, {
        "loc": [63, 186],
        "texture": "1f418",
        "size": [31, 31]
    }, {
        "loc": [63, 163],
        "texture": "1f418",
        "size": [31, 31]
    }, {
        "loc": [63, 147],
        "texture": "1f418",
        "size": [31, 31]
    }, {
        "loc": [63, 131],
        "texture": "1f418",
        "size": [31, 31]
    }, {
        "loc": [63, 115],
        "texture": "1f418",
        "size": [31, 31]
    }, {
        "loc": [63, 99],
        "texture": "1f418",
        "size": [31, 31]
    }, {
        "loc": [63, 83],
        "texture": "1f418",
        "size": [31, 31]
    }, {
        "loc": [63, 60],
        "texture": "1f418",
        "size": [31, 31]
    }, {
        "loc": [63, 0],
        "texture": "1f418",
        "size": [31, 31]
    }],
    "money": 60,
    "status": "ongoing",
    "num_allowed_remaining": 30
}, {
    "formations": [{
        "loc": [120, 33],
        "texture": "1f5ff",
        "size": [51, 51]
    }, {
        "loc": [88, 342],
        "texture": "1f5ff",
        "size": [51, 51]
    }, {
        "loc": [99, 457],
        "texture": "1f5ff",
        "size": [51, 51]
    }, {
        "loc": [0, 10],
        "texture": "1f5ff",
        "size": [51, 51]
    }, {
        "loc": [548, 440],
        "texture": "1f418",
        "size": [31, 31]
    }, {
        "loc": [97, 128],
        "texture": "1f4fc",
        "size": [31, 31]
    }, {
        "loc": [489, 403],
        "texture": "1f418",
        "size": [31, 31]
    }, {
        "loc": [489, 255],
        "texture": "1f418",
        "size": [31, 31]
    }, {
        "loc": [434, 250],
        "texture": "1f418",
        "size": [31, 31]
    }, {
        "loc": [17, 108],
        "texture": "1f4fc",
        "size": [31, 31]
    }, {
        "loc": [374, 250],
        "texture": "1f418",
        "size": [31, 31]
    }, {
        "loc": [314, 250],
        "texture": "1f418",
        "size": [31, 31]
    }, {
        "loc": [254, 250],
        "texture": "1f418",
        "size": [31, 31]
    }, {
        "loc": [194, 250],
        "texture": "1f418",
        "size": [31, 31]
    }, {
        "loc": [134, 250],
        "texture": "1f418",
        "size": [31, 31]
    }, {
        "loc": [74, 250],
        "texture": "1f418",
        "size": [31, 31]
    }, {
        "loc": [63, 201],
        "texture": "1f418",
        "size": [31, 31]
    }, {
        "loc": [63, 171],
        "texture": "1f418",
        "size": [31, 31]
    }, {
        "loc": [63, 155],
        "texture": "1f418",
        "size": [31, 31]
    }, {
        "loc": [63, 139],
        "texture": "1f418",
        "size": [31, 31]
    }, {
        "loc": [63, 123],
        "texture": "1f418",
        "size": [31, 31]
    }, {
        "loc": [63, 107],
        "texture": "1f418",
        "size": [31, 31]
    }, {
        "loc": [63, 91],
        "texture": "1f418",
        "size": [31, 31]
    }, {
        "loc": [63, 75],
        "texture": "1f418",
        "size": [31, 31]
    }, {
        "loc": [63, 30],
        "texture": "1f418",
        "size": [31, 31]
    }],
    "money": 60,
    "status": "ongoing",
    "num_allowed_remaining": 30
}]