[{
    "formations": [{
        "loc": [100, 100],
        "texture": "1f5ff",
        "size": [51, 51]
    }, {
        "loc": [400, 400],
        "texture": "1f5ff",
        "size": [51, 51]
    }],
    "money": 400,
    "status": "ongoing",
    "num_allowed_remaining": 30
}, {
    "formations": [{
        "loc": [100, 100],
        "texture": "1f5ff",
        "size": [51, 51]
    }, {
        "loc": [400, 400],
        "texture": "1f5ff",
        "size": [51, 51]
    }, {
        "loc": [0, 250],
        "texture": "1f418",
        "size": [31, 31]
    }],
    "money": 400,
    "status": "ongoing",
    "num_allowed_remaining": 30
}, {
    "formations": [{
        "loc": [100, 100],
        "texture": "1f5ff",
        "size": [51, 51]
    }, {
        "loc": [400, 400],
        "texture": "1f5ff",
        "size": [51, 51]
    }, {
        "loc": [25, 250],
        "texture": "1f418",
        "size": [31, 31]
    }, {
        "loc": [0, 250],
        "texture": "1f418",
        "size": [31, 31]
    }],
    "money": 400,
    "status": "ongoing",
    "num_allowed_remaining": 30
}, {
    "formations": [{
        "loc": [100, 100],
        "texture": "1f5ff",
        "size": [51, 51]
    }, {
        "loc": [400, 400],
        "texture": "1f5ff",
        "size": [51, 51]
    }, {
        "loc": [50, 250],
        "texture": "1f418",
        "size": [31, 31]
    }, {
        "loc": [25, 250],
        "texture": "1f418",
        "size": [31, 31]
    }, {
        "loc": [0, 250],
        "texture": "1f418",
        "size": [31, 31]
    }],
    "money": 400,
    "status": "ongoing",
    "num_allowed_remaining": 30
}, {
    "formations": [{
        "loc": [100, 100],
        "texture": "1f5ff",
        "size": [51, 51]
    }, {
        "loc": [400, 400],
        "texture": "1f5ff",
        "size": [51, 51]
    }, {
        "loc": [75, 250],
        "texture": "1f418",
        "size": [31, 31]
    }, {
        "loc": [50, 250],
        "texture": "1f418",
        "size": [31, 31]
    }, {
        "loc": [25, 250],
        "texture": "1f418",
        "size": [31, 31]
    }, {
        "loc": [0, 250],
        "texture": "1f418",
        "size": [31, 31]
    }],
    "money": 400,
    "status": "ongoing",
    "num_allowed_remaining": 30
}, {
    "formations": [{
        "loc": [100, 100],
        "texture": "1f5ff",
        "size": [51, 51]
    }, {
        "loc": [400, 400],
        "texture": "1f5ff",
        "size": [51, 51]
    }, {
        "loc": [100, 250],
        "texture": "1f418",
        "size": [31, 31]
    }, {
        "loc": [75, 250],
        "texture": "1f418",
        "size": [31, 31]
    }, {
        "loc": [50, 250],
        "texture": "1f418",
        "size": [31, 31]
    }, {
        "loc": [25, 250],
        "texture": "1f418",
        "size": [31, 31]
    }, {
        "loc": [0, 250],
        "texture": "1f418",
        "size": [31, 31]
    }],
    "money": 400,
    "status": "ongoing",
    "num_allowed_remaining": 30
}, {
    "formations": [{
        "loc": [100, 100],
        "texture": "1f5ff",
        "size": [51, 51]
    }, {
        "loc": [400, 400],
        "texture": "1f5ff",
        "size": [51, 51]
    }, {
        "loc": [100, 275],
        "texture": "1f418",
        "size": [31, 31]
    }, {
        "loc": [100, 250],
        "texture": "1f418",
        "size": [31, 31]
    }, {
        "loc": [75, 250],
        "texture": "1f418",
        "size": [31, 31]
    }, {
        "loc": [50, 250],
        "texture": "1f418",
        "size": [31, 31]
    }, {
        "loc": [25, 250],
        "texture": "1f418",
        "size": [31, 31]
    }, {
        "loc": [0, 250],
        "texture": "1f418",
        "size": [31, 31]
    }],
    "money": 400,
    "status": "ongoing",
    "num_allowed_remaining": 30
}, {
    "formations": [{
        "loc": [100, 100],
        "texture": "1f5ff",
        "size": [51, 51]
    }, {
        "loc": [400, 400],
        "texture": "1f5ff",
        "size": [51, 51]
    }, {
        "loc": [100, 300],
        "texture": "1f418",
        "size": [31, 31]
    }, {
        "loc": [100, 275],
        "texture": "1f418",
        "size": [31, 31]
    }, {
        "loc": [100, 250],
        "texture": "1f418",
        "size": [31, 31]
    }, {
        "loc": [75, 250],
        "texture": "1f418",
        "size": [31, 31]
    }, {
        "loc": [50, 250],
        "texture": "1f418",
        "size": [31, 31]
    }, {
        "loc": [25, 250],
        "texture": "1f418",
        "size": [31, 31]
    }, {
        "loc": [0, 250],
        "texture": "1f418",
        "size": [31, 31]
    }],
    "money": 400,
    "status": "ongoing",
    "num_allowed_remaining": 30
}, {
    "formations": [{
        "loc": [100, 100],
        "texture": "1f5ff",
        "size": [51, 51]
    }, {
        "loc": [400, 400],
        "texture": "1f5ff",
        "size": [51, 51]
    }, {
        "loc": [100, 325],
        "texture": "1f418",
        "size": [31, 31]
    }, {
        "loc": [100, 300],
        "texture": "1f418",
        "size": [31, 31]
    }, {
        "loc": [100, 275],
        "texture": "1f418",
        "size": [31, 31]
    }, {
        "loc": [100, 250],
        "texture": "1f418",
        "size": [31, 31]
    }, {
        "loc": [75, 250],
        "texture": "1f418",
        "size": [31, 31]
    }, {
        "loc": [50, 250],
        "texture": "1f418",
        "size": [31, 31]
    }, {
        "loc": [25, 250],
        "texture": "1f418",
        "size": [31, 31]
    }, {
        "loc": [0, 250],
        "texture": "1f418",
        "size": [31, 31]
    }, {
        "loc": [142, 132],
        "texture": "1f4fc",
        "size": [31, 31]
    }],
    "money": 380,
    "status": "ongoing",
    "num_allowed_remaining": 30
}, {
    "formations": [{
        "loc": [100, 100],
        "texture": "1f5ff",
        "size": [51, 51]
    }, {
        "loc": [400, 400],
        "texture": "1f5ff",
        "size": [51, 51]
    }, {
        "loc": [100, 350],
        "texture": "1f418",
        "size": [31, 31]
    }, {
        "loc": [100, 325],
        "texture": "1f418",
        "size": [31, 31]
    }, {
        "loc": [100, 300],
        "texture": "1f418",
        "size": [31, 31]
    }, {
        "loc": [100, 275],
        "texture": "1f418",
        "size": [31, 31]
    }, {
        "loc": [100, 250],
        "texture": "1f418",
        "size": [31, 31]
    }, {
        "loc": [75, 250],
        "texture": "1f418",
        "size": [31, 31]
    }, {
        "loc": [50, 250],
        "texture": "1f418",
        "size": [31, 31]
    }, {
        "loc": [25, 250],
        "texture": "1f418",
        "size": [31, 31]
    }, {
        "loc": [142, 132],
        "texture": "1f4fc",
        "size": [31, 31]
    }, {
        "loc": [0, 250],
        "texture": "1f418",
        "size": [31, 31]
    }],
    "money": 380,
    "status": "ongoing",
    "num_allowed_remaining": 30
}, {
    "formations": [{
        "loc": [100, 100],
        "texture": "1f5ff",
        "size": [51, 51]
    }, {
        "loc": [400, 400],
        "texture": "1f5ff",
        "size": [51, 51]
    }, {
        "loc": [125, 350],
        "texture": "1f418",
        "size": [31, 31]
    }, {
        "loc": [100, 350],
        "texture": "1f418",
        "size": [31, 31]
    }, {
        "loc": [100, 325],
        "texture": "1f418",
        "size": [31, 31]
    }, {
        "loc": [100, 300],
        "texture": "1f418",
        "size": [31, 31]
    }, {
        "loc": [100, 275],
        "texture": "1f418",
        "size": [31, 31]
    }, {
        "loc": [100, 250],
        "texture": "1f418",
        "size": [31, 31]
    }, {
        "loc": [75, 250],
        "texture": "1f418",
        "size": [31, 31]
    }, {
        "loc": [50, 250],
        "texture": "1f418",
        "size": [31, 31]
    }, {
        "loc": [142, 132],
        "texture": "1f4fc",
        "size": [31, 31]
    }, {
        "loc": [25, 250],
        "texture": "1f418",
        "size": [31, 31]
    }, {
        "loc": [0, 250],
        "texture": "1f418",
        "size": [31, 31]
    }],
    "money": 380,
    "status": "ongoing",
    "num_allowed_remaining": 30
}, {
    "formations": [{
        "loc": [100, 100],
        "texture": "1f5ff",
        "size": [51, 51]
    }, {
        "loc": [400, 400],
        "texture": "1f5ff",
        "size": [51, 51]
    }, {
        "loc": [150, 350],
        "texture": "1f418",
        "size": [31, 31]
    }, {
        "loc": [125, 350],
        "texture": "1f418",
        "size": [31, 31]
    }, {
        "loc": [100, 350],
        "texture": "1f418",
        "size": [31, 31]
    }, {
        "loc": [100, 325],
        "texture": "1f418",
        "size": [31, 31]
    }, {
        "loc": [100, 300],
        "texture": "1f418",
        "size": [31, 31]
    }, {
        "loc": [100, 275],
        "texture": "1f418",
        "size": [31, 31]
    }, {
        "loc": [100, 250],
        "texture": "1f418",
        "size": [31, 31]
    }, {
        "loc": [75, 250],
        "texture": "1f418",
        "size": [31, 31]
    }, {
        "loc": [142, 132],
        "texture": "1f4fc",
        "size": [31, 31]
    }, {
        "loc": [50, 250],
        "texture": "1f418",
        "size": [31, 31]
    }, {
        "loc": [25, 250],
        "texture": "1f418",
        "size": [31, 31]
    }, {
        "loc": [0, 250],
        "texture": "1f418",
        "size": [31, 31]
    }],
    "money": 380,
    "status": "ongoing",
    "num_allowed_remaining": 30
}, {
    "formations": [{
        "loc": [100, 100],
        "texture": "1f5ff",
        "size": [51, 51]
    }, {
        "loc": [400, 400],
        "texture": "1f5ff",
        "size": [51, 51]
    }, {
        "loc": [175, 350],
        "texture": "1f418",
        "size": [31, 31]
    }, {
        "loc": [150, 350],
        "texture": "1f418",
        "size": [31, 31]
    }, {
        "loc": [125, 350],
        "texture": "1f418",
        "size": [31, 31]
    }, {
        "loc": [100, 350],
        "texture": "1f418",
        "size": [31, 31]
    }, {
        "loc": [100, 325],
        "texture": "1f418",
        "size": [31, 31]
    }, {
        "loc": [100, 300],
        "texture": "1f418",
        "size": [31, 31]
    }, {
        "loc": [100, 275],
        "texture": "1f418",
        "size": [31, 31]
    }, {
        "loc": [100, 250],
        "texture": "1f418",
        "size": [31, 31]
    }, {
        "loc": [142, 132],
        "texture": "1f4fc",
        "size": [31, 31]
    }, {
        "loc": [75, 250],
        "texture": "1f418",
        "size": [31, 31]
    }, {
        "loc": [50, 250],
        "texture": "1f418",
        "size": [31, 31]
    }, {
        "loc": [25, 250],
        "texture": "1f418",
        "size": [31, 31]
    }, {
        "loc": [0, 250],
        "texture": "1f418",
        "size": [31, 31]
    }, {
        "loc": [333, 214],
        "texture": "1f61c",
        "size": [31, 31]
    }],
    "money": 280,
    "status": "ongoing",
    "num_allowed_remaining": 30
}, {
    "formations": [{
        "loc": [100, 100],
        "texture": "1f5ff",
        "size": [51, 51]
    }, {
        "loc": [400, 400],
        "texture": "1f5ff",
        "size": [51, 51]
    }, {
        "loc": [200, 350],
        "texture": "1f418",
        "size": [31, 31]
    }, {
        "loc": [175, 350],
        "texture": "1f418",
        "size": [31, 31]
    }, {
        "loc": [150, 350],
        "texture": "1f418",
        "size": [31, 31]
    }, {
        "loc": [125, 350],
        "texture": "1f418",
        "size": [31, 31]
    }, {
        "loc": [100, 350],
        "texture": "1f418",
        "size": [31, 31]
    }, {
        "loc": [100, 325],
        "texture": "1f418",
        "size": [31, 31]
    }, {
        "loc": [100, 300],
        "texture": "1f418",
        "size": [31, 31]
    }, {
        "loc": [100, 275],
        "texture": "1f418",
        "size": [31, 31]
    }, {
        "loc": [142, 132],
        "texture": "1f4fc",
        "size": [31, 31]
    }, {
        "loc": [100, 250],
        "texture": "1f418",
        "size": [31, 31]
    }, {
        "loc": [75, 250],
        "texture": "1f418",
        "size": [31, 31]
    }, {
        "loc": [50, 250],
        "texture": "1f418",
        "size": [31, 31]
    }, {
        "loc": [25, 250],
        "texture": "1f418",
        "size": [31, 31]
    }, {
        "loc": [333, 214],
        "texture": "1f634",
        "size": [31, 31]
    }, {
        "loc": [333, 214],
        "texture": "1f34e",
        "size": [11, 11]
    }, {
        "loc": [0, 250],
        "texture": "1f418",
        "size": [31, 31]
    }],
    "money": 280,
    "status": "ongoing",
    "num_allowed_remaining": 30
}, {
    "formations": [{
        "loc": [100, 100],
        "texture": "1f5ff",
        "size": [51, 51]
    }, {
        "loc": [400, 400],
        "texture": "1f5ff",
        "size": [51, 51]
    }, {
        "loc": [225, 350],
        "texture": "1f418",
        "size": [31, 31]
    }, {
        "loc": [200, 350],
        "texture": "1f418",
        "size": [31, 31]
    }, {
        "loc": [175, 350],
        "texture": "1f418",
        "size": [31, 31]
    }, {
        "loc": [150, 350],
        "texture": "1f418",
        "size": [31, 31]
    }, {
        "loc": [125, 350],
        "texture": "1f418",
        "size": [31, 31]
    }, {
        "loc": [100, 350],
        "texture": "1f418",
        "size": [31, 31]
    }, {
        "loc": [100, 325],
        "texture": "1f418",
        "size": [31, 31]
    }, {
        "loc": [100, 300],
        "texture": "1f418",
        "size": [31, 31]
    }, {
        "loc": [142, 132],
        "texture": "1f4fc",
        "size": [31, 31]
    }, {
        "loc": [100, 275],
        "texture": "1f418",
        "size": [31, 31]
    }, {
        "loc": [100, 250],
        "texture": "1f418",
        "size": [31, 31]
    }, {
        "loc": [75, 250],
        "texture": "1f418",
        "size": [31, 31]
    }, {
        "loc": [50, 250],
        "texture": "1f418",
        "size": [31, 31]
    }, {
        "loc": [333, 214],
        "texture": "1f634",
        "size": [31, 31]
    }, {
        "loc": [313.100699430116, 259.86957419498697],
        "texture": "1f34e",
        "size": [11, 11]
    }, {
        "loc": [25, 250],
        "texture": "1f418",
        "size": [31, 31]
    }, {
        "loc": [0, 250],
        "texture": "1f418",
        "size": [31, 31]
    }],
    "money": 280,
    "status": "ongoing",
    "num_allowed_remaining": 30
}, {
    "formations": [{
        "loc": [100, 100],
        "texture": "1f5ff",
        "size": [51, 51]
    }, {
        "loc": [400, 400],
        "texture": "1f5ff",
        "size": [51, 51]
    }, {
        "loc": [250, 350],
        "texture": "1f418",
        "size": [31, 31]
    }, {
        "loc": [225, 350],
        "texture": "1f418",
        "size": [31, 31]
    }, {
        "loc": [200, 350],
        "texture": "1f418",
        "size": [31, 31]
    }, {
        "loc": [175, 350],
        "texture": "1f418",
        "size": [31, 31]
    }, {
        "loc": [150, 350],
        "texture": "1f418",
        "size": [31, 31]
    }, {
        "loc": [125, 350],
        "texture": "1f418",
        "size": [31, 31]
    }, {
        "loc": [100, 350],
        "texture": "1f418",
        "size": [31, 31]
    }, {
        "loc": [100, 325],
        "texture": "1f418",
        "size": [31, 31]
    }, {
        "loc": [142, 132],
        "texture": "1f4fc",
        "size": [31, 31]
    }, {
        "loc": [100, 300],
        "texture": "1f418",
        "size": [31, 31]
    }, {
        "loc": [100, 275],
        "texture": "1f418",
        "size": [31, 31]
    }, {
        "loc": [100, 250],
        "texture": "1f418",
        "size": [31, 31]
    }, {
        "loc": [75, 250],
        "texture": "1f418",
        "size": [31, 31]
    }, {
        "loc": [333, 214],
        "texture": "1f634",
        "size": [31, 31]
    }, {
        "loc": [293.20139886023196, 305.73914838997393],
        "texture": "1f34e",
        "size": [11, 11]
    }, {
        "loc": [50, 250],
        "texture": "1f418",
        "size": [31, 31]
    }, {
        "loc": [25, 250],
        "texture": "1f418",
        "size": [31, 31]
    }, {
        "loc": [0, 250],
        "texture": "1f418",
        "size": [31, 31]
    }],
    "money": 280,
    "status": "ongoing",
    "num_allowed_remaining": 30
}, {
    "formations": [{
        "loc": [100, 100],
        "texture": "1f5ff",
        "size": [51, 51]
    }, {
        "loc": [400, 400],
        "texture": "1f5ff",
        "size": [51, 51]
    }, {
        "loc": [250, 350],
        "texture": "1f418",
        "size": [31, 31]
    }, {
        "loc": [225, 350],
        "texture": "1f418",
        "size": [31, 31]
    }, {
        "loc": [200, 350],
        "texture": "1f418",
        "size": [31, 31]
    }, {
        "loc": [175, 350],
        "texture": "1f418",
        "size": [31, 31]
    }, {
        "loc": [150, 350],
        "texture": "1f418",
        "size": [31, 31]
    }, {
        "loc": [125, 350],
        "texture": "1f418",
        "size": [31, 31]
    }, {
        "loc": [100, 350],
        "texture": "1f418",
        "size": [31, 31]
    }, {
        "loc": [142, 132],
        "texture": "1f4fc",
        "size": [31, 31]
    }, {
        "loc": [100, 325],
        "texture": "1f418",
        "size": [31, 31]
    }, {
        "loc": [100, 300],
        "texture": "1f418",
        "size": [31, 31]
    }, {
        "loc": [100, 275],
        "texture": "1f418",
        "size": [31, 31]
    }, {
        "loc": [100, 250],
        "texture": "1f418",
        "size": [31, 31]
    }, {
        "loc": [333, 214],
        "texture": "1f634",
        "size": [31, 31]
    }, {
        "loc": [75, 250],
        "texture": "1f418",
        "size": [31, 31]
    }, {
        "loc": [50, 250],
        "texture": "1f418",
        "size": [31, 31]
    }, {
        "loc": [25, 250],
        "texture": "1f418",
        "size": [31, 31]
    }, {
        "loc": [0, 250],
        "texture": "1f418",
        "size": [31, 31]
    }],
    "money": 281,
    "status": "ongoing",
    "num_allowed_remaining": 30
}, {
    "formations": [{
        "loc": [100, 100],
        "texture": "1f5ff",
        "size": [51, 51]
    }, {
        "loc": [400, 400],
        "texture": "1f5ff",
        "size": [51, 51]
    }, {
        "loc": [275, 350],
        "texture": "1f418",
        "size": [31, 31]
    }, {
        "loc": [250, 350],
        "texture": "1f418",
        "size": [31, 31]
    }, {
        "loc": [225, 350],
        "texture": "1f418",
        "size": [31, 31]
    }, {
        "loc": [200, 350],
        "texture": "1f418",
        "size": [31, 31]
    }, {
        "loc": [175, 350],
        "texture": "1f418",
        "size": [31, 31]
    }, {
        "loc": [150, 350],
        "texture": "1f418",
        "size": [31, 31]
    }, {
        "loc": [125, 350],
        "texture": "1f418",
        "size": [31, 31]
    }, {
        "loc": [142, 132],
        "texture": "1f4fc",
        "size": [31, 31]
    }, {
        "loc": [100, 350],
        "texture": "1f418",
        "size": [31, 31]
    }, {
        "loc": [100, 325],
        "texture": "1f418",
        "size": [31, 31]
    }, {
        "loc": [100, 300],
        "texture": "1f418",
        "size": [31, 31]
    }, {
        "loc": [100, 275],
        "texture": "1f418",
        "size": [31, 31]
    }, {
        "loc": [333, 214],
        "texture": "1f634",
        "size": [31, 31]
    }, {
        "loc": [100, 250],
        "texture": "1f418",
        "size": [31, 31]
    }, {
        "loc": [75, 250],
        "texture": "1f418",
        "size": [31, 31]
    }, {
        "loc": [50, 250],
        "texture": "1f418",
        "size": [31, 31]
    }, {
        "loc": [25, 250],
        "texture": "1f418",
        "size": [31, 31]
    }, {
        "loc": [0, 250],
        "texture": "1f418",
        "size": [31, 31]
    }],
    "money": 281,
    "status": "ongoing",
    "num_allowed_remaining": 30
}, {
    "formations": [{
        "loc": [100, 100],
        "texture": "1f5ff",
        "size": [51, 51]
    }, {
        "loc": [400, 400],
        "texture": "1f5ff",
        "size": [51, 51]
    }, {
        "loc": [300, 350],
        "texture": "1f418",
        "size": [31, 31]
    }, {
        "loc": [275, 350],
        "texture": "1f418",
        "size": [31, 31]
    }, {
        "loc": [250, 350],
        "texture": "1f418",
        "size": [31, 31]
    }, {
        "loc": [225, 350],
        "texture": "1f418",
        "size": [31, 31]
    }, {
        "loc": [200, 350],
        "texture": "1f418",
        "size": [31, 31]
    }, {
        "loc": [175, 350],
        "texture": "1f418",
        "size": [31, 31]
    }, {
        "loc": [150, 350],
        "texture": "1f418",
        "size": [31, 31]
    }, {
        "loc": [142, 132],
        "texture": "1f4fc",
        "size": [31, 31]
    }, {
        "loc": [125, 350],
        "texture": "1f418",
        "size": [31, 31]
    }, {
        "loc": [100, 350],
        "texture": "1f418",
        "size": [31, 31]
    }, {
        "loc": [100, 325],
        "texture": "1f418",
        "size": [31, 31]
    }, {
        "loc": [100, 300],
        "texture": "1f418",
        "size": [31, 31]
    }, {
        "loc": [333, 214],
        "texture": "1f634",
        "size": [31, 31]
    }, {
        "loc": [100, 275],
        "texture": "1f418",
        "size": [31, 31]
    }, {
        "loc": [100, 250],
        "texture": "1f418",
        "size": [31, 31]
    }, {
        "loc": [75, 250],
        "texture": "1f418",
        "size": [31, 31]
    }, {
        "loc": [50, 250],
        "texture": "1f418",
        "size": [31, 31]
    }, {
        "loc": [25, 250],
        "texture": "1f418",
        "size": [31, 31]
    }, {
        "loc": [0, 250],
        "texture": "1f418",
        "size": [31, 31]
    }],
    "money": 281,
    "status": "ongoing",
    "num_allowed_remaining": 30
}, {
    "formations": [{
        "loc": [100, 100],
        "texture": "1f5ff",
        "size": [51, 51]
    }, {
        "loc": [400, 400],
        "texture": "1f5ff",
        "size": [51, 51]
    }, {
        "loc": [325, 350],
        "texture": "1f418",
        "size": [31, 31]
    }, {
        "loc": [300, 350],
        "texture": "1f418",
        "size": [31, 31]
    }, {
        "loc": [275, 350],
        "texture": "1f418",
        "size": [31, 31]
    }, {
        "loc": [250, 350],
        "texture": "1f418",
        "size": [31, 31]
    }, {
        "loc": [225, 350],
        "texture": "1f418",
        "size": [31, 31]
    }, {
        "loc": [200, 350],
        "texture": "1f418",
        "size": [31, 31]
    }, {
        "loc": [175, 350],
        "texture": "1f418",
        "size": [31, 31]
    }, {
        "loc": [142, 132],
        "texture": "1f4fc",
        "size": [31, 31]
    }, {
        "loc": [150, 350],
        "texture": "1f418",
        "size": [31, 31]
    }, {
        "loc": [125, 350],
        "texture": "1f418",
        "size": [31, 31]
    }, {
        "loc": [100, 350],
        "texture": "1f418",
        "size": [31, 31]
    }, {
        "loc": [100, 325],
        "texture": "1f418",
        "size": [31, 31]
    }, {
        "loc": [333, 214],
        "texture": "1f634",
        "size": [31, 31]
    }, {
        "loc": [100, 300],
        "texture": "1f418",
        "size": [31, 31]
    }, {
        "loc": [100, 275],
        "texture": "1f418",
        "size": [31, 31]
    }, {
        "loc": [100, 250],
        "texture": "1f418",
        "size": [31, 31]
    }, {
        "loc": [75, 250],
        "texture": "1f418",
        "size": [31, 31]
    }, {
        "loc": [50, 250],
        "texture": "1f418",
        "size": [31, 31]
    }, {
        "loc": [25, 250],
        "texture": "1f418",
        "size": [31, 31]
    }, {
        "loc": [0, 250],
        "texture": "1f418",
        "size": [31, 31]
    }],
    "money": 281,
    "status": "ongoing",
    "num_allowed_remaining": 30
}, {
    "formations": [{
        "loc": [100, 100],
        "texture": "1f5ff",
        "size": [51, 51]
    }, {
        "loc": [400, 400],
        "texture": "1f5ff",
        "size": [51, 51]
    }, {
        "loc": [350, 350],
        "texture": "1f418",
        "size": [31, 31]
    }, {
        "loc": [325, 350],
        "texture": "1f418",
        "size": [31, 31]
    }, {
        "loc": [300, 350],
        "texture": "1f418",
        "size": [31, 31]
    }, {
        "loc": [275, 350],
        "texture": "1f418",
        "size": [31, 31]
    }, {
        "loc": [250, 350],
        "texture": "1f418",
        "size": [31, 31]
    }, {
        "loc": [225, 350],
        "texture": "1f418",
        "size": [31, 31]
    }, {
        "loc": [200, 350],
        "texture": "1f418",
        "size": [31, 31]
    }, {
        "loc": [142, 132],
        "texture": "1f4fc",
        "size": [31, 31]
    }, {
        "loc": [175, 350],
        "texture": "1f418",
        "size": [31, 31]
    }, {
        "loc": [150, 350],
        "texture": "1f418",
        "size": [31, 31]
    }, {
        "loc": [125, 350],
        "texture": "1f418",
        "size": [31, 31]
    }, {
        "loc": [100, 350],
        "texture": "1f418",
        "size": [31, 31]
    }, {
        "loc": [333, 214],
        "texture": "1f634",
        "size": [31, 31]
    }, {
        "loc": [100, 325],
        "texture": "1f418",
        "size": [31, 31]
    }, {
        "loc": [100, 300],
        "texture": "1f418",
        "size": [31, 31]
    }, {
        "loc": [100, 275],
        "texture": "1f418",
        "size": [31, 31]
    }, {
        "loc": [100, 250],
        "texture": "1f418",
        "size": [31, 31]
    }, {
        "loc": [75, 250],
        "texture": "1f418",
        "size": [31, 31]
    }, {
        "loc": [50, 250],
        "texture": "1f418",
        "size": [31, 31]
    }, {
        "loc": [25, 250],
        "texture": "1f418",
        "size": [31, 31]
    }, {
        "loc": [0, 250],
        "texture": "1f418",
        "size": [31, 31]
    }, {
        "loc": [111, 20],
        "texture": "1f4fc",
        "size": [31, 31]
    }],
    "money": 261,
    "status": "ongoing",
    "num_allowed_remaining": 30
}, {
    "formations": [{
        "loc": [100, 100],
        "texture": "1f5ff",
        "size": [51, 51]
    }, {
        "loc": [400, 400],
        "texture": "1f5ff",
        "size": [51, 51]
    }, {
        "loc": [375, 350],
        "texture": "1f418",
        "size": [31, 31]
    }, {
        "loc": [350, 350],
        "texture": "1f418",
        "size": [31, 31]
    }, {
        "loc": [325, 350],
        "texture": "1f418",
        "size": [31, 31]
    }, {
        "loc": [300, 350],
        "texture": "1f418",
        "size": [31, 31]
    }, {
        "loc": [275, 350],
        "texture": "1f418",
        "size": [31, 31]
    }, {
        "loc": [250, 350],
        "texture": "1f418",
        "size": [31, 31]
    }, {
        "loc": [225, 350],
        "texture": "1f418",
        "size": [31, 31]
    }, {
        "loc": [142, 132],
        "texture": "1f4fc",
        "size": [31, 31]
    }, {
        "loc": [200, 350],
        "texture": "1f418",
        "size": [31, 31]
    }, {
        "loc": [175, 350],
        "texture": "1f418",
        "size": [31, 31]
    }, {
        "loc": [150, 350],
        "texture": "1f418",
        "size": [31, 31]
    }, {
        "loc": [125, 350],
        "texture": "1f418",
        "size": [31, 31]
    }, {
        "loc": [333, 214],
        "texture": "1f634",
        "size": [31, 31]
    }, {
        "loc": [100, 350],
        "texture": "1f418",
        "size": [31, 31]
    }, {
        "loc": [100, 325],
        "texture": "1f418",
        "size": [31, 31]
    }, {
        "loc": [100, 300],
        "texture": "1f418",
        "size": [31, 31]
    }, {
        "loc": [100, 275],
        "texture": "1f418",
        "size": [31, 31]
    }, {
        "loc": [100, 250],
        "texture": "1f418",
        "size": [31, 31]
    }, {
        "loc": [75, 250],
        "texture": "1f418",
        "size": [31, 31]
    }, {
        "loc": [50, 250],
        "texture": "1f418",
        "size": [31, 31]
    }, {
        "loc": [25, 250],
        "texture": "1f418",
        "size": [31, 31]
    }, {
        "loc": [111, 20],
        "texture": "1f4fc",
        "size": [31, 31]
    }, {
        "loc": [0, 250],
        "texture": "1f418",
        "size": [31, 31]
    }],
    "money": 261,
    "status": "ongoing",
    "num_allowed_remaining": 30
}, {
    "formations": [{
        "loc": [100, 100],
        "texture": "1f5ff",
        "size": [51, 51]
    }, {
        "loc": [400, 400],
        "texture": "1f5ff",
        "size": [51, 51]
    }, {
        "loc": [400, 350],
        "texture": "1f418",
        "size": [31, 31]
    }, {
        "loc": [375, 350],
        "texture": "1f418",
        "size": [31, 31]
    }, {
        "loc": [350, 350],
        "texture": "1f418",
        "size": [31, 31]
    }, {
        "loc": [325, 350],
        "texture": "1f418",
        "size": [31, 31]
    }, {
        "loc": [300, 350],
        "texture": "1f418",
        "size": [31, 31]
    }, {
        "loc": [275, 350],
        "texture": "1f418",
        "size": [31, 31]
    }, {
        "loc": [250, 350],
        "texture": "1f418",
        "size": [31, 31]
    }, {
        "loc": [142, 132],
        "texture": "1f4fc",
        "size": [31, 31]
    }, {
        "loc": [225, 350],
        "texture": "1f418",
        "size": [31, 31]
    }, {
        "loc": [200, 350],
        "texture": "1f418",
        "size": [31, 31]
    }, {
        "loc": [175, 350],
        "texture": "1f418",
        "size": [31, 31]
    }, {
        "loc": [150, 350],
        "texture": "1f418",
        "size": [31, 31]
    }, {
        "loc": [333, 214],
        "texture": "1f634",
        "size": [31, 31]
    }, {
        "loc": [125, 350],
        "texture": "1f418",
        "size": [31, 31]
    }, {
        "loc": [100, 350],
        "texture": "1f418",
        "size": [31, 31]
    }, {
        "loc": [100, 325],
        "texture": "1f418",
        "size": [31, 31]
    }, {
        "loc": [100, 300],
        "texture": "1f418",
        "size": [31, 31]
    }, {
        "loc": [100, 275],
        "texture": "1f418",
        "size": [31, 31]
    }, {
        "loc": [100, 250],
        "texture": "1f418",
        "size": [31, 31]
    }, {
        "loc": [75, 250],
        "texture": "1f418",
        "size": [31, 31]
    }, {
        "loc": [50, 250],
        "texture": "1f418",
        "size": [31, 31]
    }, {
        "loc": [111, 20],
        "texture": "1f4fc",
        "size": [31, 31]
    }, {
        "loc": [25, 250],
        "texture": "1f418",
        "size": [31, 31]
    }, {
        "loc": [0, 250],
        "texture": "1f418",
        "size": [31, 31]
    }],
    "money": 261,
    "status": "ongoing",
    "num_allowed_remaining": 30
}, {
    "formations": [{
        "loc": [100, 100],
        "texture": "1f5ff",
        "size": [51, 51]
    }, {
        "loc": [400, 400],
        "texture": "1f5ff",
        "size": [51, 51]
    }, {
        "loc": [400, 325],
        "texture": "1f418",
        "size": [31, 31]
    }, {
        "loc": [400, 350],
        "texture": "1f418",
        "size": [31, 31]
    }, {
        "loc": [375, 350],
        "texture": "1f418",
        "size": [31, 31]
    }, {
        "loc": [350, 350],
        "texture": "1f418",
        "size": [31, 31]
    }, {
        "loc": [325, 350],
        "texture": "1f418",
        "size": [31, 31]
    }, {
        "loc": [300, 350],
        "texture": "1f418",
        "size": [31, 31]
    }, {
        "loc": [275, 350],
        "texture": "1f418",
        "size": [31, 31]
    }, {
        "loc": [142, 132],
        "texture": "1f4fc",
        "size": [31, 31]
    }, {
        "loc": [250, 350],
        "texture": "1f418",
        "size": [31, 31]
    }, {
        "loc": [225, 350],
        "texture": "1f418",
        "size": [31, 31]
    }, {
        "loc": [200, 350],
        "texture": "1f418",
        "size": [31, 31]
    }, {
        "loc": [175, 350],
        "texture": "1f418",
        "size": [31, 31]
    }, {
        "loc": [333, 214],
        "texture": "1f634",
        "size": [31, 31]
    }, {
        "loc": [150, 350],
        "texture": "1f418",
        "size": [31, 31]
    }, {
        "loc": [125, 350],
        "texture": "1f418",
        "size": [31, 31]
    }, {
        "loc": [100, 350],
        "texture": "1f418",
        "size": [31, 31]
    }, {
        "loc": [100, 325],
        "texture": "1f418",
        "size": [31, 31]
    }, {
        "loc": [100, 300],
        "texture": "1f418",
        "size": [31, 31]
    }, {
        "loc": [100, 275],
        "texture": "1f418",
        "size": [31, 31]
    }, {
        "loc": [100, 250],
        "texture": "1f418",
        "size": [31, 31]
    }, {
        "loc": [75, 250],
        "texture": "1f418",
        "size": [31, 31]
    }, {
        "loc": [111, 20],
        "texture": "1f4fc",
        "size": [31, 31]
    }, {
        "loc": [50, 250],
        "texture": "1f418",
        "size": [31, 31]
    }, {
        "loc": [25, 250],
        "texture": "1f418",
        "size": [31, 31]
    }, {
        "loc": [0, 250],
        "texture": "1f418",
        "size": [31, 31]
    }, {
        "loc": [443, 309],
        "texture": "1f46e",
        "size": [31, 31]
    }],
    "money": 161,
    "status": "ongoing",
    "num_allowed_remaining": 30
}, {
    "formations": [{
        "loc": [100, 100],
        "texture": "1f5ff",
        "size": [51, 51]
    }, {
        "loc": [400, 400],
        "texture": "1f5ff",
        "size": [51, 51]
    }, {
        "loc": [400, 300],
        "texture": "1f418",
        "size": [31, 31]
    }, {
        "loc": [400, 325],
        "texture": "1f418",
        "size": [31, 31]
    }, {
        "loc": [400, 350],
        "texture": "1f418",
        "size": [31, 31]
    }, {
        "loc": [375, 350],
        "texture": "1f418",
        "size": [31, 31]
    }, {
        "loc": [350, 350],
        "texture": "1f418",
        "size": [31, 31]
    }, {
        "loc": [325, 350],
        "texture": "1f418",
        "size": [31, 31]
    }, {
        "loc": [300, 350],
        "texture": "1f418",
        "size": [31, 31]
    }, {
        "loc": [142, 132],
        "texture": "1f4fc",
        "size": [31, 31]
    }, {
        "loc": [275, 350],
        "texture": "1f418",
        "size": [31, 31]
    }, {
        "loc": [250, 350],
        "texture": "1f418",
        "size": [31, 31]
    }, {
        "loc": [225, 350],
        "texture": "1f418",
        "size": [31, 31]
    }, {
        "loc": [200, 350],
        "texture": "1f418",
        "size": [31, 31]
    }, {
        "loc": [333, 214],
        "texture": "1f634",
        "size": [31, 31]
    }, {
        "loc": [175, 350],
        "texture": "1f418",
        "size": [31, 31]
    }, {
        "loc": [150, 350],
        "texture": "1f418",
        "size": [31, 31]
    }, {
        "loc": [125, 350],
        "texture": "1f418",
        "size": [31, 31]
    }, {
        "loc": [100, 350],
        "texture": "1f418",
        "size": [31, 31]
    }, {
        "loc": [100, 325],
        "texture": "1f418",
        "size": [31, 31]
    }, {
        "loc": [100, 300],
        "texture": "1f418",
        "size": [31, 31]
    }, {
        "loc": [100, 275],
        "texture": "1f418",
        "size": [31, 31]
    }, {
        "loc": [100, 250],
        "texture": "1f418",
        "size": [31, 31]
    }, {
        "loc": [111, 20],
        "texture": "1f4fc",
        "size": [31, 31]
    }, {
        "loc": [75, 250],
        "texture": "1f418",
        "size": [31, 31]
    }, {
        "loc": [50, 250],
        "texture": "1f418",
        "size": [31, 31]
    }, {
        "loc": [25, 250],
        "texture": "1f418",
        "size": [31, 31]
    }, {
        "loc": [443, 309],
        "texture": "1f46e",
        "size": [31, 31]
    }, {
        "loc": [443, 309],
        "texture": "1f34e",
        "size": [11, 11]
    }, {
        "loc": [0, 250],
        "texture": "1f418",
        "size": [31, 31]
    }],
    "money": 161,
    "status": "ongoing",
    "num_allowed_remaining": 30
}, {
    "formations": [{
        "loc": [100, 100],
        "texture": "1f5ff",
        "size": [51, 51]
    }, {
        "loc": [400, 400],
        "texture": "1f5ff",
        "size": [51, 51]
    }, {
        "loc": [400, 275],
        "texture": "1f418",
        "size": [31, 31]
    }, {
        "loc": [400, 300],
        "texture": "1f418",
        "size": [31, 31]
    }, {
        "loc": [400, 325],
        "texture": "1f418",
        "size": [31, 31]
    }, {
        "loc": [400, 350],
        "texture": "1f418",
        "size": [31, 31]
    }, {
        "loc": [375, 350],
        "texture": "1f418",
        "size": [31, 31]
    }, {
        "loc": [350, 350],
        "texture": "1f418",
        "size": [31, 31]
    }, {
        "loc": [325, 350],
        "texture": "1f418",
        "size": [31, 31]
    }, {
        "loc": [142, 132],
        "texture": "1f4fc",
        "size": [31, 31]
    }, {
        "loc": [300, 350],
        "texture": "1f418",
        "size": [31, 31]
    }, {
        "loc": [275, 350],
        "texture": "1f418",
        "size": [31, 31]
    }, {
        "loc": [250, 350],
        "texture": "1f418",
        "size": [31, 31]
    }, {
        "loc": [225, 350],
        "texture": "1f418",
        "size": [31, 31]
    }, {
        "loc": [333, 214],
        "texture": "1f634",
        "size": [31, 31]
    }, {
        "loc": [200, 350],
        "texture": "1f418",
        "size": [31, 31]
    }, {
        "loc": [175, 350],
        "texture": "1f418",
        "size": [31, 31]
    }, {
        "loc": [150, 350],
        "texture": "1f418",
        "size": [31, 31]
    }, {
        "loc": [125, 350],
        "texture": "1f418",
        "size": [31, 31]
    }, {
        "loc": [100, 350],
        "texture": "1f418",
        "size": [31, 31]
    }, {
        "loc": [100, 325],
        "texture": "1f418",
        "size": [31, 31]
    }, {
        "loc": [100, 300],
        "texture": "1f418",
        "size": [31, 31]
    }, {
        "loc": [100, 275],
        "texture": "1f418",
        "size": [31, 31]
    }, {
        "loc": [111, 20],
        "texture": "1f4fc",
        "size": [31, 31]
    }, {
        "loc": [100, 250],
        "texture": "1f418",
        "size": [31, 31]
    }, {
        "loc": [75, 250],
        "texture": "1f418",
        "size": [31, 31]
    }, {
        "loc": [50, 250],
        "texture": "1f418",
        "size": [31, 31]
    }, {
        "loc": [443, 309],
        "texture": "1f46e",
        "size": [31, 31]
    }, {
        "loc": [430.9665016808896, 300.04483846019696],
        "texture": "1f34e",
        "size": [11, 11]
    }, {
        "loc": [25, 250],
        "texture": "1f418",
        "size": [31, 31]
    }, {
        "loc": [443, 309],
        "texture": "1f34e",
        "size": [11, 11]
    }, {
        "loc": [0, 250],
        "texture": "1f418",
        "size": [31, 31]
    }],
    "money": 161,
    "status": "ongoing",
    "num_allowed_remaining": 30
}, {
    "formations": [{
        "loc": [100, 100],
        "texture": "1f5ff",
        "size": [51, 51]
    }, {
        "loc": [400, 400],
        "texture": "1f5ff",
        "size": [51, 51]
    }, {
        "loc": [400, 250],
        "texture": "1f418",
        "size": [31, 31]
    }, {
        "loc": [400, 325],
        "texture": "1f418",
        "size": [31, 31]
    }, {
        "loc": [400, 350],
        "texture": "1f418",
        "size": [31, 31]
    }, {
        "loc": [375, 350],
        "texture": "1f418",
        "size": [31, 31]
    }, {
        "loc": [350, 350],
        "texture": "1f418",
        "size": [31, 31]
    }, {
        "loc": [142, 132],
        "texture": "1f4fc",
        "size": [31, 31]
    }, {
        "loc": [325, 350],
        "texture": "1f418",
        "size": [31, 31]
    }, {
        "loc": [300, 350],
        "texture": "1f418",
        "size": [31, 31]
    }, {
        "loc": [275, 350],
        "texture": "1f418",
        "size": [31, 31]
    }, {
        "loc": [250, 350],
        "texture": "1f418",
        "size": [31, 31]
    }, {
        "loc": [333, 214],
        "texture": "1f634",
        "size": [31, 31]
    }, {
        "loc": [225, 350],
        "texture": "1f418",
        "size": [31, 31]
    }, {
        "loc": [200, 350],
        "texture": "1f418",
        "size": [31, 31]
    }, {
        "loc": [175, 350],
        "texture": "1f418",
        "size": [31, 31]
    }, {
        "loc": [150, 350],
        "texture": "1f418",
        "size": [31, 31]
    }, {
        "loc": [125, 350],
        "texture": "1f418",
        "size": [31, 31]
    }, {
        "loc": [100, 350],
        "texture": "1f418",
        "size": [31, 31]
    }, {
        "loc": [100, 325],
        "texture": "1f418",
        "size": [31, 31]
    }, {
        "loc": [100, 300],
        "texture": "1f418",
        "size": [31, 31]
    }, {
        "loc": [111, 20],
        "texture": "1f4fc",
        "size": [31, 31]
    }, {
        "loc": [100, 275],
        "texture": "1f418",
        "size": [31, 31]
    }, {
        "loc": [100, 250],
        "texture": "1f418",
        "size": [31, 31]
    }, {
        "loc": [75, 250],
        "texture": "1f418",
        "size": [31, 31]
    }, {
        "loc": [443, 309],
        "texture": "1f46e",
        "size": [31, 31]
    }, {
        "loc": [50, 250],
        "texture": "1f418",
        "size": [31, 31]
    }, {
        "loc": [431.3665699443321, 299.5309290244564],
        "texture": "1f34e",
        "size": [11, 11]
    }, {
        "loc": [25, 250],
        "texture": "1f418",
        "size": [31, 31]
    }, {
        "loc": [443, 309],
        "texture": "1f34e",
        "size": [11, 11]
    }, {
        "loc": [0, 250],
        "texture": "1f418",
        "size": [31, 31]
    }],
    "money": 163,
    "status": "ongoing",
    "num_allowed_remaining": 30
}, {
    "formations": [{
        "loc": [100, 100],
        "texture": "1f5ff",
        "size": [51, 51]
    }, {
        "loc": [400, 400],
        "texture": "1f5ff",
        "size": [51, 51]
    }, {
        "loc": [400, 225],
        "texture": "1f418",
        "size": [31, 31]
    }, {
        "loc": [400, 325],
        "texture": "1f418",
        "size": [31, 31]
    }, {
        "loc": [400, 350],
        "texture": "1f418",
        "size": [31, 31]
    }, {
        "loc": [375, 350],
        "texture": "1f418",
        "size": [31, 31]
    }, {
        "loc": [142, 132],
        "texture": "1f4fc",
        "size": [31, 31]
    }, {
        "loc": [350, 350],
        "texture": "1f418",
        "size": [31, 31]
    }, {
        "loc": [325, 350],
        "texture": "1f418",
        "size": [31, 31]
    }, {
        "loc": [300, 350],
        "texture": "1f418",
        "size": [31, 31]
    }, {
        "loc": [275, 350],
        "texture": "1f418",
        "size": [31, 31]
    }, {
        "loc": [333, 214],
        "texture": "1f634",
        "size": [31, 31]
    }, {
        "loc": [250, 350],
        "texture": "1f418",
        "size": [31, 31]
    }, {
        "loc": [225, 350],
        "texture": "1f418",
        "size": [31, 31]
    }, {
        "loc": [200, 350],
        "texture": "1f418",
        "size": [31, 31]
    }, {
        "loc": [175, 350],
        "texture": "1f418",
        "size": [31, 31]
    }, {
        "loc": [150, 350],
        "texture": "1f418",
        "size": [31, 31]
    }, {
        "loc": [125, 350],
        "texture": "1f418",
        "size": [31, 31]
    }, {
        "loc": [100, 350],
        "texture": "1f418",
        "size": [31, 31]
    }, {
        "loc": [100, 325],
        "texture": "1f418",
        "size": [31, 31]
    }, {
        "loc": [111, 20],
        "texture": "1f4fc",
        "size": [31, 31]
    }, {
        "loc": [100, 300],
        "texture": "1f418",
        "size": [31, 31]
    }, {
        "loc": [100, 275],
        "texture": "1f418",
        "size": [31, 31]
    }, {
        "loc": [100, 250],
        "texture": "1f418",
        "size": [31, 31]
    }, {
        "loc": [443, 309],
        "texture": "1f46e",
        "size": [31, 31]
    }, {
        "loc": [75, 250],
        "texture": "1f418",
        "size": [31, 31]
    }, {
        "loc": [50, 250],
        "texture": "1f418",
        "size": [31, 31]
    }, {
        "loc": [434.26221587857987, 296.80774308639053],
        "texture": "1f34e",
        "size": [11, 11]
    }, {
        "loc": [25, 250],
        "texture": "1f418",
        "size": [31, 31]
    }, {
        "loc": [443, 309],
        "texture": "1f34e",
        "size": [11, 11]
    }, {
        "loc": [0, 250],
        "texture": "1f418",
        "size": [31, 31]
    }],
    "money": 164,
    "status": "ongoing",
    "num_allowed_remaining": 30
}, {
    "formations": [{
        "loc": [100, 100],
        "texture": "1f5ff",
        "size": [51, 51]
    }, {
        "loc": [400, 400],
        "texture": "1f5ff",
        "size": [51, 51]
    }, {
        "loc": [400, 200],
        "texture": "1f418",
        "size": [31, 31]
    }, {
        "loc": [400, 300],
        "texture": "1f418",
        "size": [31, 31]
    }, {
        "loc": [400, 325],
        "texture": "1f418",
        "size": [31, 31]
    }, {
        "loc": [400, 350],
        "texture": "1f418",
        "size": [31, 31]
    }, {
        "loc": [142, 132],
        "texture": "1f4fc",
        "size": [31, 31]
    }, {
        "loc": [375, 350],
        "texture": "1f418",
        "size": [31, 31]
    }, {
        "loc": [350, 350],
        "texture": "1f418",
        "size": [31, 31]
    }, {
        "loc": [325, 350],
        "texture": "1f418",
        "size": [31, 31]
    }, {
        "loc": [300, 350],
        "texture": "1f418",
        "size": [31, 31]
    }, {
        "loc": [333, 214],
        "texture": "1f634",
        "size": [31, 31]
    }, {
        "loc": [275, 350],
        "texture": "1f418",
        "size": [31, 31]
    }, {
        "loc": [250, 350],
        "texture": "1f418",
        "size": [31, 31]
    }, {
        "loc": [225, 350],
        "texture": "1f418",
        "size": [31, 31]
    }, {
        "loc": [200, 350],
        "texture": "1f418",
        "size": [31, 31]
    }, {
        "loc": [175, 350],
        "texture": "1f418",
        "size": [31, 31]
    }, {
        "loc": [150, 350],
        "texture": "1f418",
        "size": [31, 31]
    }, {
        "loc": [125, 350],
        "texture": "1f418",
        "size": [31, 31]
    }, {
        "loc": [100, 350],
        "texture": "1f418",
        "size": [31, 31]
    }, {
        "loc": [111, 20],
        "texture": "1f4fc",
        "size": [31, 31]
    }, {
        "loc": [100, 325],
        "texture": "1f418",
        "size": [31, 31]
    }, {
        "loc": [100, 300],
        "texture": "1f418",
        "size": [31, 31]
    }, {
        "loc": [100, 275],
        "texture": "1f418",
        "size": [31, 31]
    }, {
        "loc": [443, 309],
        "texture": "1f46e",
        "size": [31, 31]
    }, {
        "loc": [100, 250],
        "texture": "1f418",
        "size": [31, 31]
    }, {
        "loc": [75, 250],
        "texture": "1f418",
        "size": [31, 31]
    }, {
        "loc": [425.52443175715973, 284.61548617278106],
        "texture": "1f34e",
        "size": [11, 11]
    }, {
        "loc": [50, 250],
        "texture": "1f418",
        "size": [31, 31]
    }, {
        "loc": [436.22888285946584, 295.61523355940926],
        "texture": "1f34e",
        "size": [11, 11]
    }, {
        "loc": [25, 250],
        "texture": "1f418",
        "size": [31, 31]
    }, {
        "loc": [443, 309],
        "texture": "1f34e",
        "size": [11, 11]
    }, {
        "loc": [0, 250],
        "texture": "1f418",
        "size": [31, 31]
    }],
    "money": 164,
    "status": "ongoing",
    "num_allowed_remaining": 30
}, {
    "formations": [{
        "loc": [100, 100],
        "texture": "1f5ff",
        "size": [51, 51]
    }, {
        "loc": [400, 400],
        "texture": "1f5ff",
        "size": [51, 51]
    }, {
        "loc": [400, 175],
        "texture": "1f418",
        "size": [31, 31]
    }, {
        "loc": [400, 300],
        "texture": "1f418",
        "size": [31, 31]
    }, {
        "loc": [400, 325],
        "texture": "1f418",
        "size": [31, 31]
    }, {
        "loc": [142, 132],
        "texture": "1f4fc",
        "size": [31, 31]
    }, {
        "loc": [400, 350],
        "texture": "1f418",
        "size": [31, 31]
    }, {
        "loc": [375, 350],
        "texture": "1f418",
        "size": [31, 31]
    }, {
        "loc": [350, 350],
        "texture": "1f418",
        "size": [31, 31]
    }, {
        "loc": [325, 350],
        "texture": "1f418",
        "size": [31, 31]
    }, {
        "loc": [333, 214],
        "texture": "1f634",
        "size": [31, 31]
    }, {
        "loc": [300, 350],
        "texture": "1f418",
        "size": [31, 31]
    }, {
        "loc": [275, 350],
        "texture": "1f418",
        "size": [31, 31]
    }, {
        "loc": [250, 350],
        "texture": "1f418",
        "size": [31, 31]
    }, {
        "loc": [225, 350],
        "texture": "1f418",
        "size": [31, 31]
    }, {
        "loc": [200, 350],
        "texture": "1f418",
        "size": [31, 31]
    }, {
        "loc": [175, 350],
        "texture": "1f418",
        "size": [31, 31]
    }, {
        "loc": [150, 350],
        "texture": "1f418",
        "size": [31, 31]
    }, {
        "loc": [125, 350],
        "texture": "1f418",
        "size": [31, 31]
    }, {
        "loc": [111, 20],
        "texture": "1f4fc",
        "size": [31, 31]
    }, {
        "loc": [100, 350],
        "texture": "1f418",
        "size": [31, 31]
    }, {
        "loc": [100, 325],
        "texture": "1f418",
        "size": [31, 31]
    }, {
        "loc": [100, 300],
        "texture": "1f418",
        "size": [31, 31]
    }, {
        "loc": [443, 309],
        "texture": "1f46e",
        "size": [31, 31]
    }, {
        "loc": [100, 275],
        "texture": "1f418",
        "size": [31, 31]
    }, {
        "loc": [100, 250],
        "texture": "1f418",
        "size": [31, 31]
    }, {
        "loc": [75, 250],
        "texture": "1f418",
        "size": [31, 31]
    }, {
        "loc": [429.4577657189317, 282.2304671188185],
        "texture": "1f34e",
        "size": [11, 11]
    }, {
        "loc": [50, 250],
        "texture": "1f418",
        "size": [31, 31]
    }, {
        "loc": [430.9665016808896, 300.04483846019696],
        "texture": "1f34e",
        "size": [11, 11]
    }, {
        "loc": [25, 250],
        "texture": "1f418",
        "size": [31, 31]
    }, {
        "loc": [443, 309],
        "texture": "1f34e",
        "size": [11, 11]
    }, {
        "loc": [0, 250],
        "texture": "1f418",
        "size": [31, 31]
    }],
    "money": 165,
    "status": "ongoing",
    "num_allowed_remaining": 30
}, {
    "formations": [{
        "loc": [100, 100],
        "texture": "1f5ff",
        "size": [51, 51]
    }, {
        "loc": [400, 400],
        "texture": "1f5ff",
        "size": [51, 51]
    }, {
        "loc": [400, 150],
        "texture": "1f418",
        "size": [31, 31]
    }, {
        "loc": [142, 132],
        "texture": "1f4fc",
        "size": [31, 31]
    }, {
        "loc": [400, 325],
        "texture": "1f418",
        "size": [31, 31]
    }, {
        "loc": [400, 350],
        "texture": "1f418",
        "size": [31, 31]
    }, {
        "loc": [375, 350],
        "texture": "1f418",
        "size": [31, 31]
    }, {
        "loc": [350, 350],
        "texture": "1f418",
        "size": [31, 31]
    }, {
        "loc": [333, 214],
        "texture": "1f634",
        "size": [31, 31]
    }, {
        "loc": [325, 350],
        "texture": "1f418",
        "size": [31, 31]
    }, {
        "loc": [300, 350],
        "texture": "1f418",
        "size": [31, 31]
    }, {
        "loc": [275, 350],
        "texture": "1f418",
        "size": [31, 31]
    }, {
        "loc": [250, 350],
        "texture": "1f418",
        "size": [31, 31]
    }, {
        "loc": [225, 350],
        "texture": "1f418",
        "size": [31, 31]
    }, {
        "loc": [200, 350],
        "texture": "1f418",
        "size": [31, 31]
    }, {
        "loc": [175, 350],
        "texture": "1f418",
        "size": [31, 31]
    }, {
        "loc": [150, 350],
        "texture": "1f418",
        "size": [31, 31]
    }, {
        "loc": [111, 20],
        "texture": "1f4fc",
        "size": [31, 31]
    }, {
        "loc": [125, 350],
        "texture": "1f418",
        "size": [31, 31]
    }, {
        "loc": [100, 350],
        "texture": "1f418",
        "size": [31, 31]
    }, {
        "loc": [100, 325],
        "texture": "1f418",
        "size": [31, 31]
    }, {
        "loc": [443, 309],
        "texture": "1f46e",
        "size": [31, 31]
    }, {
        "loc": [100, 300],
        "texture": "1f418",
        "size": [31, 31]
    }, {
        "loc": [100, 275],
        "texture": "1f418",
        "size": [31, 31]
    }, {
        "loc": [100, 250],
        "texture": "1f418",
        "size": [31, 31]
    }, {
        "loc": [422.6866485783975, 268.8457006782278],
        "texture": "1f34e",
        "size": [11, 11]
    }, {
        "loc": [75, 250],
        "texture": "1f418",
        "size": [31, 31]
    }, {
        "loc": [50, 250],
        "texture": "1f418",
        "size": [31, 31]
    }, {
        "loc": [430.9665016808896, 300.04483846019696],
        "texture": "1f34e",
        "size": [11, 11]
    }, {
        "loc": [25, 250],
        "texture": "1f418",
        "size": [31, 31]
    }, {
        "loc": [443, 309],
        "texture": "1f34e",
        "size": [11, 11]
    }, {
        "loc": [0, 250],
        "texture": "1f418",
        "size": [31, 31]
    }],
    "money": 167,
    "status": "ongoing",
    "num_allowed_remaining": 30
}, {
    "formations": [{
        "loc": [100, 100],
        "texture": "1f5ff",
        "size": [51, 51]
    }, {
        "loc": [400, 400],
        "texture": "1f5ff",
        "size": [51, 51]
    }, {
        "loc": [400, 125],
        "texture": "1f418",
        "size": [31, 31]
    }, {
        "loc": [142, 132],
        "texture": "1f4fc",
        "size": [31, 31]
    }, {
        "loc": [400, 325],
        "texture": "1f418",
        "size": [31, 31]
    }, {
        "loc": [400, 350],
        "texture": "1f418",
        "size": [31, 31]
    }, {
        "loc": [375, 350],
        "texture": "1f418",
        "size": [31, 31]
    }, {
        "loc": [333, 214],
        "texture": "1f634",
        "size": [31, 31]
    }, {
        "loc": [350, 350],
        "texture": "1f418",
        "size": [31, 31]
    }, {
        "loc": [325, 350],
        "texture": "1f418",
        "size": [31, 31]
    }, {
        "loc": [300, 350],
        "texture": "1f418",
        "size": [31, 31]
    }, {
        "loc": [275, 350],
        "texture": "1f418",
        "size": [31, 31]
    }, {
        "loc": [250, 350],
        "texture": "1f418",
        "size": [31, 31]
    }, {
        "loc": [225, 350],
        "texture": "1f418",
        "size": [31, 31]
    }, {
        "loc": [200, 350],
        "texture": "1f418",
        "size": [31, 31]
    }, {
        "loc": [175, 350],
        "texture": "1f418",
        "size": [31, 31]
    }, {
        "loc": [111, 20],
        "texture": "1f4fc",
        "size": [31, 31]
    }, {
        "loc": [150, 350],
        "texture": "1f418",
        "size": [31, 31]
    }, {
        "loc": [125, 350],
        "texture": "1f418",
        "size": [31, 31]
    }, {
        "loc": [100, 350],
        "texture": "1f418",
        "size": [31, 31]
    }, {
        "loc": [443, 309],
        "texture": "1f46e",
        "size": [31, 31]
    }, {
        "loc": [100, 325],
        "texture": "1f418",
        "size": [31, 31]
    }, {
        "loc": [100, 300],
        "texture": "1f418",
        "size": [31, 31]
    }, {
        "loc": [100, 275],
        "texture": "1f418",
        "size": [31, 31]
    }, {
        "loc": [415.91553143786336, 255.46093423763702],
        "texture": "1f34e",
        "size": [11, 11]
    }, {
        "loc": [100, 250],
        "texture": "1f418",
        "size": [31, 31]
    }, {
        "loc": [75, 250],
        "texture": "1f418",
        "size": [31, 31]
    }, {
        "loc": [50, 250],
        "texture": "1f418",
        "size": [31, 31]
    }, {
        "loc": [430.9665016808896, 300.04483846019696],
        "texture": "1f34e",
        "size": [11, 11]
    }, {
        "loc": [25, 250],
        "texture": "1f418",
        "size": [31, 31]
    }, {
        "loc": [443, 309],
        "texture": "1f34e",
        "size": [11, 11]
    }, {
        "loc": [0, 250],
        "texture": "1f418",
        "size": [31, 31]
    }, {
        "loc": [142, 252],
        "texture": "1f476",
        "size": [31, 31]
    }],
    "money": 118,
    "status": "ongoing",
    "num_allowed_remaining": 30
}, {
    "formations": [{
        "loc": [100, 100],
        "texture": "1f5ff",
        "size": [51, 51]
    }, {
        "loc": [400, 400],
        "texture": "1f5ff",
        "size": [51, 51]
    }, {
        "loc": [400, 100],
        "texture": "1f418",
        "size": [31, 31]
    }, {
        "loc": [142, 132],
        "texture": "1f4fc",
        "size": [31, 31]
    }, {
        "loc": [400, 325],
        "texture": "1f418",
        "size": [31, 31]
    }, {
        "loc": [400, 350],
        "texture": "1f418",
        "size": [31, 31]
    }, {
        "loc": [333, 214],
        "texture": "1f634",
        "size": [31, 31]
    }, {
        "loc": [375, 350],
        "texture": "1f418",
        "size": [31, 31]
    }, {
        "loc": [350, 350],
        "texture": "1f418",
        "size": [31, 31]
    }, {
        "loc": [325, 350],
        "texture": "1f418",
        "size": [31, 31]
    }, {
        "loc": [300, 350],
        "texture": "1f418",
        "size": [31, 31]
    }, {
        "loc": [275, 350],
        "texture": "1f418",
        "size": [31, 31]
    }, {
        "loc": [250, 350],
        "texture": "1f418",
        "size": [31, 31]
    }, {
        "loc": [225, 350],
        "texture": "1f418",
        "size": [31, 31]
    }, {
        "loc": [200, 350],
        "texture": "1f418",
        "size": [31, 31]
    }, {
        "loc": [111, 20],
        "texture": "1f4fc",
        "size": [31, 31]
    }, {
        "loc": [175, 350],
        "texture": "1f418",
        "size": [31, 31]
    }, {
        "loc": [150, 350],
        "texture": "1f418",
        "size": [31, 31]
    }, {
        "loc": [125, 350],
        "texture": "1f418",
        "size": [31, 31]
    }, {
        "loc": [443, 309],
        "texture": "1f46e",
        "size": [31, 31]
    }, {
        "loc": [100, 350],
        "texture": "1f418",
        "size": [31, 31]
    }, {
        "loc": [100, 325],
        "texture": "1f418",
        "size": [31, 31]
    }, {
        "loc": [100, 300],
        "texture": "1f418",
        "size": [31, 31]
    }, {
        "loc": [409.1444142973292, 242.07616779704625],
        "texture": "1f34e",
        "size": [11, 11]
    }, {
        "loc": [100, 275],
        "texture": "1f418",
        "size": [31, 31]
    }, {
        "loc": [100, 250],
        "texture": "1f418",
        "size": [31, 31]
    }, {
        "loc": [75, 250],
        "texture": "1f418",
        "size": [31, 31]
    }, {
        "loc": [50, 250],
        "texture": "1f418",
        "size": [31, 31]
    }, {
        "loc": [430.9665016808896, 300.04483846019696],
        "texture": "1f34e",
        "size": [11, 11]
    }, {
        "loc": [25, 250],
        "texture": "1f418",
        "size": [31, 31]
    }, {
        "loc": [142, 252],
        "texture": "1f476",
        "size": [31, 31]
    }, {
        "loc": [443, 309],
        "texture": "1f34e",
        "size": [11, 11]
    }, {
        "loc": [142, 252],
        "texture": "1f34e",
        "size": [11, 11]
    }, {
        "loc": [0, 250],
        "texture": "1f418",
        "size": [31, 31]
    }],
    "money": 119,
    "status": "ongoing",
    "num_allowed_remaining": 30
}, {
    "formations": [{
        "loc": [100, 100],
        "texture": "1f5ff",
        "size": [51, 51]
    }, {
        "loc": [400, 400],
        "texture": "1f5ff",
        "size": [51, 51]
    }, {
        "loc": [400, 75],
        "texture": "1f418",
        "size": [31, 31]
    }, {
        "loc": [142, 132],
        "texture": "1f4fc",
        "size": [31, 31]
    }, {
        "loc": [400, 325],
        "texture": "1f418",
        "size": [31, 31]
    }, {
        "loc": [333, 214],
        "texture": "1f61c",
        "size": [31, 31]
    }, {
        "loc": [400, 350],
        "texture": "1f418",
        "size": [31, 31]
    }, {
        "loc": [375, 350],
        "texture": "1f418",
        "size": [31, 31]
    }, {
        "loc": [350, 350],
        "texture": "1f418",
        "size": [31, 31]
    }, {
        "loc": [325, 350],
        "texture": "1f418",
        "size": [31, 31]
    }, {
        "loc": [300, 350],
        "texture": "1f418",
        "size": [31, 31]
    }, {
        "loc": [275, 350],
        "texture": "1f418",
        "size": [31, 31]
    }, {
        "loc": [250, 350],
        "texture": "1f418",
        "size": [31, 31]
    }, {
        "loc": [225, 350],
        "texture": "1f418",
        "size": [31, 31]
    }, {
        "loc": [111, 20],
        "texture": "1f4fc",
        "size": [31, 31]
    }, {
        "loc": [200, 350],
        "texture": "1f418",
        "size": [31, 31]
    }, {
        "loc": [175, 350],
        "texture": "1f418",
        "size": [31, 31]
    }, {
        "loc": [150, 350],
        "texture": "1f418",
        "size": [31, 31]
    }, {
        "loc": [443, 309],
        "texture": "1f46e",
        "size": [31, 31]
    }, {
        "loc": [125, 350],
        "texture": "1f418",
        "size": [31, 31]
    }, {
        "loc": [100, 350],
        "texture": "1f418",
        "size": [31, 31]
    }, {
        "loc": [100, 325],
        "texture": "1f418",
        "size": [31, 31]
    }, {
        "loc": [402.37329715679505, 228.6914013564555],
        "texture": "1f34e",
        "size": [11, 11]
    }, {
        "loc": [100, 300],
        "texture": "1f418",
        "size": [31, 31]
    }, {
        "loc": [100, 275],
        "texture": "1f418",
        "size": [31, 31]
    }, {
        "loc": [100, 250],
        "texture": "1f418",
        "size": [31, 31]
    }, {
        "loc": [75, 250],
        "texture": "1f418",
        "size": [31, 31]
    }, {
        "loc": [50, 250],
        "texture": "1f418",
        "size": [31, 31]
    }, {
        "loc": [142, 252],
        "texture": "1f476",
        "size": [31, 31]
    }, {
        "loc": [430.9665016808896, 300.04483846019696],
        "texture": "1f34e",
        "size": [11, 11]
    }, {
        "loc": [142.99980005998, 256.899020293902],
        "texture": "1f34e",
        "size": [11, 11]
    }, {
        "loc": [25, 250],
        "texture": "1f418",
        "size": [31, 31]
    }, {
        "loc": [443, 309],
        "texture": "1f34e",
        "size": [11, 11]
    }, {
        "loc": [142, 252],
        "texture": "1f34e",
        "size": [11, 11]
    }, {
        "loc": [0, 250],
        "texture": "1f418",
        "size": [31, 31]
    }],
    "money": 120,
    "status": "ongoing",
    "num_allowed_remaining": 30
}, {
    "formations": [{
        "loc": [100, 100],
        "texture": "1f5ff",
        "size": [51, 51]
    }, {
        "loc": [400, 400],
        "texture": "1f5ff",
        "size": [51, 51]
    }, {
        "loc": [400, 50],
        "texture": "1f418",
        "size": [31, 31]
    }, {
        "loc": [142, 132],
        "texture": "1f4fc",
        "size": [31, 31]
    }, {
        "loc": [333, 214],
        "texture": "1f634",
        "size": [31, 31]
    }, {
        "loc": [400, 325],
        "texture": "1f418",
        "size": [31, 31]
    }, {
        "loc": [400, 350],
        "texture": "1f418",
        "size": [31, 31]
    }, {
        "loc": [375, 350],
        "texture": "1f418",
        "size": [31, 31]
    }, {
        "loc": [350, 350],
        "texture": "1f418",
        "size": [31, 31]
    }, {
        "loc": [325, 350],
        "texture": "1f418",
        "size": [31, 31]
    }, {
        "loc": [300, 350],
        "texture": "1f418",
        "size": [31, 31]
    }, {
        "loc": [275, 350],
        "texture": "1f418",
        "size": [31, 31]
    }, {
        "loc": [250, 350],
        "texture": "1f418",
        "size": [31, 31]
    }, {
        "loc": [111, 20],
        "texture": "1f4fc",
        "size": [31, 31]
    }, {
        "loc": [225, 350],
        "texture": "1f418",
        "size": [31, 31]
    }, {
        "loc": [200, 350],
        "texture": "1f418",
        "size": [31, 31]
    }, {
        "loc": [175, 350],
        "texture": "1f418",
        "size": [31, 31]
    }, {
        "loc": [443, 309],
        "texture": "1f46e",
        "size": [31, 31]
    }, {
        "loc": [150, 350],
        "texture": "1f418",
        "size": [31, 31]
    }, {
        "loc": [125, 350],
        "texture": "1f418",
        "size": [31, 31]
    }, {
        "loc": [100, 350],
        "texture": "1f418",
        "size": [31, 31]
    }, {
        "loc": [395.6021800162609, 215.30663491586472],
        "texture": "1f34e",
        "size": [11, 11]
    }, {
        "loc": [100, 325],
        "texture": "1f418",
        "size": [31, 31]
    }, {
        "loc": [100, 300],
        "texture": "1f418",
        "size": [31, 31]
    }, {
        "loc": [100, 275],
        "texture": "1f418",
        "size": [31, 31]
    }, {
        "loc": [100, 250],
        "texture": "1f418",
        "size": [31, 31]
    }, {
        "loc": [75, 250],
        "texture": "1f418",
        "size": [31, 31]
    }, {
        "loc": [142, 252],
        "texture": "1f476",
        "size": [31, 31]
    }, {
        "loc": [143.99960011996, 261.79804058780405],
        "texture": "1f34e",
        "size": [11, 11]
    }, {
        "loc": [50, 250],
        "texture": "1f418",
        "size": [31, 31]
    }, {
        "loc": [430.9665016808896, 300.04483846019696],
        "texture": "1f34e",
        "size": [11, 11]
    }, {
        "loc": [142.99980005998, 256.899020293902],
        "texture": "1f34e",
        "size": [11, 11]
    }, {
        "loc": [25, 250],
        "texture": "1f418",
        "size": [31, 31]
    }, {
        "loc": [333, 214],
        "texture": "1f34e",
        "size": [11, 11]
    }, {
        "loc": [443, 309],
        "texture": "1f34e",
        "size": [11, 11]
    }, {
        "loc": [142, 252],
        "texture": "1f34e",
        "size": [11, 11]
    }, {
        "loc": [0, 250],
        "texture": "1f418",
        "size": [31, 31]
    }, {
        "loc": [150, 180],
        "texture": "1f479",
        "size": [51, 51]
    }],
    "money": 21,
    "status": "ongoing",
    "num_allowed_remaining": 30
}, {
    "formations": [{
        "loc": [100, 100],
        "texture": "1f5ff",
        "size": [51, 51]
    }, {
        "loc": [400, 400],
        "texture": "1f5ff",
        "size": [51, 51]
    }, {
        "loc": [400, 25],
        "texture": "1f418",
        "size": [31, 31]
    }, {
        "loc": [142, 132],
        "texture": "1f4fc",
        "size": [31, 31]
    }, {
        "loc": [333, 214],
        "texture": "1f634",
        "size": [31, 31]
    }, {
        "loc": [400, 325],
        "texture": "1f418",
        "size": [31, 31]
    }, {
        "loc": [400, 350],
        "texture": "1f418",
        "size": [31, 31]
    }, {
        "loc": [375, 350],
        "texture": "1f418",
        "size": [31, 31]
    }, {
        "loc": [350, 350],
        "texture": "1f418",
        "size": [31, 31]
    }, {
        "loc": [325, 350],
        "texture": "1f418",
        "size": [31, 31]
    }, {
        "loc": [300, 350],
        "texture": "1f418",
        "size": [31, 31]
    }, {
        "loc": [275, 350],
        "texture": "1f418",
        "size": [31, 31]
    }, {
        "loc": [111, 20],
        "texture": "1f4fc",
        "size": [31, 31]
    }, {
        "loc": [250, 350],
        "texture": "1f418",
        "size": [31, 31]
    }, {
        "loc": [225, 350],
        "texture": "1f418",
        "size": [31, 31]
    }, {
        "loc": [200, 350],
        "texture": "1f418",
        "size": [31, 31]
    }, {
        "loc": [443, 309],
        "texture": "1f46e",
        "size": [31, 31]
    }, {
        "loc": [175, 350],
        "texture": "1f418",
        "size": [31, 31]
    }, {
        "loc": [150, 350],
        "texture": "1f418",
        "size": [31, 31]
    }, {
        "loc": [125, 350],
        "texture": "1f418",
        "size": [31, 31]
    }, {
        "loc": [388.83106287572673, 201.92186847527395],
        "texture": "1f34e",
        "size": [11, 11]
    }, {
        "loc": [100, 350],
        "texture": "1f418",
        "size": [31, 31]
    }, {
        "loc": [100, 325],
        "texture": "1f418",
        "size": [31, 31]
    }, {
        "loc": [100, 300],
        "texture": "1f418",
        "size": [31, 31]
    }, {
        "loc": [100, 275],
        "texture": "1f418",
        "size": [31, 31]
    }, {
        "loc": [100, 250],
        "texture": "1f418",
        "size": [31, 31]
    }, {
        "loc": [142, 252],
        "texture": "1f476",
        "size": [31, 31]
    }, {
        "loc": [144.99940017994, 266.6970608817061],
        "texture": "1f34e",
        "size": [11, 11]
    }, {
        "loc": [75, 250],
        "texture": "1f418",
        "size": [31, 31]
    }, {
        "loc": [143.99960011996, 261.79804058780405],
        "texture": "1f34e",
        "size": [11, 11]
    }, {
        "loc": [50, 250],
        "texture": "1f418",
        "size": [31, 31]
    }, {
        "loc": [347.9391394012345, 166.2839428079972],
        "texture": "1f34e",
        "size": [11, 11]
    }, {
        "loc": [430.9665016808896, 300.04483846019696],
        "texture": "1f34e",
        "size": [11, 11]
    }, {
        "loc": [142.99980005998, 256.899020293902],
        "texture": "1f34e",
        "size": [11, 11]
    }, {
        "loc": [25, 250],
        "texture": "1f418",
        "size": [31, 31]
    }, {
        "loc": [150, 180],
        "texture": "1f479",
        "size": [51, 51]
    }, {
        "loc": [443, 309],
        "texture": "1f34e",
        "size": [11, 11]
    }, {
        "loc": [142, 252],
        "texture": "1f34e",
        "size": [11, 11]
    }, {
        "loc": [0, 250],
        "texture": "1f418",
        "size": [31, 31]
    }],
    "money": 22,
    "status": "ongoing",
    "num_allowed_remaining": 30
}, {
    "error": "NotEnoughMoneyError"
}]